#
# A fatal error has been detected by the Java Runtime Environment:
#
#  SIGSEGV (0xb) at pc=0x00007f0888f4a220, pid=10806, tid=0x00007f08b7269700
#
# JRE version: Java(TM) SE Runtime Environment (8.0_102-b14) (build 1.8.0_102-b14)
# Java VM: Java HotSpot(TM) 64-Bit Server VM (25.102-b14 mixed mode linux-amd64 compressed oops)
# Problematic frame:
# C  [libnvidia-glcore.so.410.72+0xe7b220]
#
# Failed to write core dump. Core dumps have been disabled. To enable core dumping, try "ulimit -c unlimited" before starting Java again
#
# If you would like to submit a bug report, please visit:
#   http://bugreport.java.com/bugreport/crash.jsp
# The crash happened outside the Java Virtual Machine in native code.
# See problematic frame for where to report the bug.
#

---------------  T H R E A D  ---------------

Current thread (0x00007f08b000d000):  JavaThread "main" [_thread_in_native, id=10807, stack(0x00007f08b7169000,0x00007f08b726a000)]

siginfo: si_signo: 11 (SIGSEGV), si_code: 1 (SEGV_MAPERR), si_addr: 0x0000000000000000

Registers:
RAX=0x00007f08b0a5e768, RBX=0x00007f08b0a5e468, RCX=0x00000000000009c7, RDX=0x0000000000000010
RSP=0x00007f08b72682e8, RBP=0x00007f08b08b9330, RSI=0x0000000000000000, RDI=0x00007f085bd0f988
R8 =0x00007f085bd0f988, R9 =0x00000000000009c7, R10=0x0000000000000000, R11=0x0000000000000000
R12=0x00007f08b0a5ea70, R13=0x00007f08b0870570, R14=0x00007f08b0870560, R15=0x00007f08880b0a50
RIP=0x00007f0888f4a220, EFLAGS=0x0000000000010246, CSGSFS=0x0000000000000033, ERR=0x0000000000000004
  TRAPNO=0x000000000000000e

Top of Stack: (sp=0x00007f08b72682e8)
0x00007f08b72682e8:   00007f088901b873 01007f08b726850f
0x00007f08b72682f8:   0000000000000000 0000000000000000
0x00007f08b7268308:   00000000007c68e0 00000000000009c7
0x00007f08b7268318:   000000004177c000 00007f085bd0f988
0x00007f08b7268328:   00007f0888f4a210 0000000100cc75f8
0x00007f08b7268338:   00007f08b0a5e468 0000000000000000
0x00007f08b7268348:   00007f0888aa88fe 00007f08b2008350
0x00007f08b7268358:   0000000188e59f04 0000000000000000
0x00007f08b7268368:   00007f08b0a5e768 00007f08b0984318
0x00007f08b7268378:   0000000000000000 0000000000000004
0x00007f08b7268388:   1080000000000000 0000000000000004
0x00007f08b7268398:   1080000000000000 00007f08b000d980
0x00007f08b72683a8:   00007f08b0870570 000000004177c000
0x00007f08b72683b8:   00007f08b0a5ea70 00007f08b0870570
0x00007f08b72683c8:   00007f08b0870560 00000000417d2a28
0x00007f08b72683d8:   00007f0889020194 00007f08b72684ac
0x00007f08b72683e8:   00007f08b72684a8 0000140500000000
0x00007f08b72683f8:   ffffffff00003a38 0000000400000000
0x00007f08b7268408:   000000004177c1f8 00007f08b08b9330
0x00007f08b7268418:   00007f08b72683c0 0000000000000001
0x00007f08b7268428:   00007f08b7269700 0000000000000000
0x00007f08b7268438:   00007f08b000d000 0000000000000004
0x00007f08b7268448:   00007f08b0a5ea70 000000004177c000
0x00007f08b7268458:   00007f08b0870570 00007f08b0870560
0x00007f08b7268468:   00007f08b08b9330 0000000000000000
0x00007f08b7268478:   00007f0889020d8f 0000000000000001
0x00007f08b7268488:   00007f08b7269700 00007f08b72684b0
0x00007f08b7268498:   00007f08b000d000 00007f08b7268530
0x00007f08b72684a8:   00000000000009c7 00007f084177c001
0x00007f08b72684b8:   000000004177c000 00000000417c68a0
0x00007f08b72684c8:   0000000000000004 0000000000001405
0x00007f08b72684d8:   0000000000000010 0000000000000000 

Instructions: (pc=0x00007f0888f4a220)
0x00007f0888f4a200:   d0 48 8d 44 07 0c c3 90 90 90 90 90 90 90 90 90
0x00007f0888f4a210:   48 63 d2 49 89 f8 41 89 c9 0f 1f 80 00 00 00 00
0x00007f0888f4a220:   8b 06 41 89 00 8b 46 04 41 89 40 04 8b 46 08 41
0x00007f0888f4a230:   89 40 08 8b 46 0c 48 01 d6 41 89 40 0c 49 83 c0 

Register to memory mapping:

RAX=0x00007f08b0a5e768 is an unknown value
RBX=0x00007f08b0a5e468 is an unknown value
RCX=0x00000000000009c7 is an unknown value
RDX=0x0000000000000010 is an unknown value
RSP=0x00007f08b72682e8 is pointing into the stack for thread: 0x00007f08b000d000
RBP=0x00007f08b08b9330 is an unknown value
RSI=0x0000000000000000 is an unknown value
RDI=0x00007f085bd0f988 is an unknown value
R8 =0x00007f085bd0f988 is an unknown value
R9 =0x00000000000009c7 is an unknown value
R10=0x0000000000000000 is an unknown value
R11=0x0000000000000000 is an unknown value
R12=0x00007f08b0a5ea70 is an unknown value
R13=0x00007f08b0870570 is an unknown value
R14=0x00007f08b0870560 is an unknown value
R15=0x00007f08880b0a50 is an unknown value


Stack: [0x00007f08b7169000,0x00007f08b726a000],  sp=0x00007f08b72682e8,  free space=1020k
Native frames: (J=compiled Java code, j=interpreted, Vv=VM code, C=native code)
C  [libnvidia-glcore.so.410.72+0xe7b220]

Java frames: (J=compiled Java code, j=interpreted, Vv=VM code)
j  org.lwjgl.opengl.GL11C.nglDrawElements(IIIJ)V+0
j  org.lwjgl.opengl.GL11C.glDrawElements(IIIJ)V+4
j  org.lwjgl.opengl.GL11.glDrawElements(IIIJ)V+4
j  engine.model.Model.draw(Lengine/Camera;Lengine/Transform;)V+51
j  engine.GameObject.draw(Lengine/Camera;)V+20
j  engine.ObjectScene.draw()V+32
j  HelloWorld.loop()V+91
j  HelloWorld.run()V+37
j  HelloWorld.main([Ljava/lang/String;)V+7
v  ~StubRoutines::call_stub

---------------  P R O C E S S  ---------------

Java Threads: ( => current thread )
  0x00007f08b045a800 JavaThread "Service Thread" daemon [_thread_blocked, id=10833, stack(0x00007f089146f000,0x00007f0891570000)]
  0x00007f08b0445800 JavaThread "C1 CompilerThread2" daemon [_thread_blocked, id=10832, stack(0x00007f0891787000,0x00007f0891888000)]
  0x00007f08b0442000 JavaThread "C2 CompilerThread1" daemon [_thread_blocked, id=10831, stack(0x00007f0891888000,0x00007f0891989000)]
  0x00007f08b0440000 JavaThread "C2 CompilerThread0" daemon [_thread_blocked, id=10830, stack(0x00007f0891989000,0x00007f0891a8a000)]
  0x00007f08b043b800 JavaThread "Monitor Ctrl-Break" daemon [_thread_in_native, id=10829, stack(0x00007f0891a8a000,0x00007f0891b8b000)]
  0x00007f08b0181800 JavaThread "Signal Dispatcher" daemon [_thread_blocked, id=10828, stack(0x00007f0891b91000,0x00007f0891c92000)]
  0x00007f08b014e800 JavaThread "Finalizer" daemon [_thread_blocked, id=10821, stack(0x00007f0892bf4000,0x00007f0892cf5000)]
  0x00007f08b0149800 JavaThread "Reference Handler" daemon [_thread_blocked, id=10820, stack(0x00007f0892cf5000,0x00007f0892df6000)]
=>0x00007f08b000d000 JavaThread "main" [_thread_in_native, id=10807, stack(0x00007f08b7169000,0x00007f08b726a000)]

Other Threads:
  0x00007f08b0142000 VMThread [stack: 0x00007f0892df6000,0x00007f0892ef7000] [id=10819]
  0x00007f08b0468000 WatcherThread [stack: 0x00007f089136e000,0x00007f089146f000] [id=10834]

VM state:not at safepoint (normal execution)

VM Mutex/Monitor currently owned by a thread: None

Heap:
 PSYoungGen      total 36864K, used 20762K [0x00000000d6d80000, 0x00000000d9680000, 0x0000000100000000)
  eden space 31744K, 50% used [0x00000000d6d80000,0x00000000d7d33510,0x00000000d8c80000)
  from space 5120K, 91% used [0x00000000d8c80000,0x00000000d91134a8,0x00000000d9180000)
  to   space 5120K, 0% used [0x00000000d9180000,0x00000000d9180000,0x00000000d9680000)
 ParOldGen       total 84992K, used 8K [0x0000000084800000, 0x0000000089b00000, 0x00000000d6d80000)
  object space 84992K, 0% used [0x0000000084800000,0x0000000084802000,0x0000000089b00000)
 Metaspace       used 11119K, capacity 11337K, committed 11520K, reserved 1060864K
  class space    used 860K, capacity 935K, committed 1024K, reserved 1048576K

Card table byte_map: [0x00007f08b4185000,0x00007f08b4562000] byte_map_base: 0x00007f08b3d61000

Marking Bits: (ParMarkBitMap*) 0x00007f08b6652c60
 Begin Bits: [0x00007f0898240000, 0x00007f089a120000)
 End Bits:   [0x00007f089a120000, 0x00007f089c000000)

Polling page: 0x00007f08b72a1000

CodeCache: size=245760Kb used=3441Kb max_used=3455Kb free=242318Kb
 bounds [0x00007f08a1000000, 0x00007f08a1370000, 0x00007f08b0000000]
 total_blobs=1752 nmethods=834 adapters=832
 compilation: enabled

Compilation events (10 events):
Event: 1,298 Thread 0x00007f08b0442000 nmethod 817 0x00007f08a1357e50 code [0x00007f08a1357fa0, 0x00007f08a1358038]
Event: 1,298 Thread 0x00007f08b0442000  818       4       java.util.ArrayList$SubList::<init> (46 bytes)
Event: 1,298 Thread 0x00007f08b0440000 nmethod 822 0x00007f08a1352e90 code [0x00007f08a1352fe0, 0x00007f08a1353218]
Event: 1,298 Thread 0x00007f08b0440000  819       4       java.util.ArrayList$SubList::size (9 bytes)
Event: 1,298 Thread 0x00007f08b0442000 nmethod 818 0x00007f08a1357b10 code [0x00007f08a1357c60, 0x00007f08a1357d18]
Event: 1,298 Thread 0x00007f08b0442000  820       4       java.util.ArrayList$SubList::iterator (5 bytes)
Event: 1,298 Thread 0x00007f08b0440000 nmethod 819 0x00007f08a1352bd0 code [0x00007f08a1352d20, 0x00007f08a1352db8]
Event: 1,298 Thread 0x00007f08b0440000  826       4       java.util.ArrayList$SubList$1::<init> (47 bytes)
Event: 1,299 Thread 0x00007f08b0440000 nmethod 826 0x00007f08a135cd10 code [0x00007f08a135ce60, 0x00007f08a135cf18]
Event: 1,299 Thread 0x00007f08b0442000 nmethod 820 0x00007f08a135c8d0 code [0x00007f08a135ca20, 0x00007f08a135cb78]

GC Heap History (2 events):
Event: 1,111 GC heap before
{Heap before GC invocations=1 (full 0):
 PSYoungGen      total 36864K, used 31744K [0x00000000d6d80000, 0x00000000d9680000, 0x0000000100000000)
  eden space 31744K, 100% used [0x00000000d6d80000,0x00000000d8c80000,0x00000000d8c80000)
  from space 5120K, 0% used [0x00000000d9180000,0x00000000d9180000,0x00000000d9680000)
  to   space 5120K, 0% used [0x00000000d8c80000,0x00000000d8c80000,0x00000000d9180000)
 ParOldGen       total 84992K, used 0K [0x0000000084800000, 0x0000000089b00000, 0x00000000d6d80000)
  object space 84992K, 0% used [0x0000000084800000,0x0000000084800000,0x0000000089b00000)
 Metaspace       used 10851K, capacity 11145K, committed 11264K, reserved 1058816K
  class space    used 856K, capacity 935K, committed 1024K, reserved 1048576K
Event: 1,116 GC heap after
Heap after GC invocations=1 (full 0):
 PSYoungGen      total 36864K, used 4685K [0x00000000d6d80000, 0x00000000d9680000, 0x0000000100000000)
  eden space 31744K, 0% used [0x00000000d6d80000,0x00000000d6d80000,0x00000000d8c80000)
  from space 5120K, 91% used [0x00000000d8c80000,0x00000000d91134a8,0x00000000d9180000)
  to   space 5120K, 0% used [0x00000000d9180000,0x00000000d9180000,0x00000000d9680000)
 ParOldGen       total 84992K, used 8K [0x0000000084800000, 0x0000000089b00000, 0x00000000d6d80000)
  object space 84992K, 0% used [0x0000000084800000,0x0000000084802000,0x0000000089b00000)
 Metaspace       used 10851K, capacity 11145K, committed 11264K, reserved 1058816K
  class space    used 856K, capacity 935K, committed 1024K, reserved 1048576K
}

Deoptimization events (10 events):
Event: 0,404 Thread 0x00007f08b000d000 Uncommon trap: reason=unstable_if action=reinterpret pc=0x00007f08a11b9cd8 method=java.lang.String.indexOf([CII[CIII)I @ 3
Event: 0,464 Thread 0x00007f08b000d000 Uncommon trap: reason=unstable_if action=reinterpret pc=0x00007f08a1209b50 method=java.util.HashMap.getNode(ILjava/lang/Object;)Ljava/util/HashMap$Node; @ 116
Event: 0,469 Thread 0x00007f08b000d000 Uncommon trap: reason=unstable_if action=reinterpret pc=0x00007f08a11de834 method=java.util.HashMap.getNode(ILjava/lang/Object;)Ljava/util/HashMap$Node; @ 116
Event: 0,612 Thread 0x00007f08b000d000 Uncommon trap: reason=unstable_if action=reinterpret pc=0x00007f08a11bd2c4 method=java.lang.String.replace(CC)Ljava/lang/String; @ 26
Event: 1,178 Thread 0x00007f08b000d000 Uncommon trap: reason=unstable_if action=reinterpret pc=0x00007f08a1335950 method=java.io.BufferedReader.readLine(Z)Ljava/lang/String; @ 192
Event: 1,227 Thread 0x00007f08b000d000 Uncommon trap: reason=predicate action=maybe_recompile pc=0x00007f08a134d3a4 method=java.util.AbstractCollection.toArray([Ljava/lang/Object;)[Ljava/lang/Object; @ 49
Event: 1,269 Thread 0x00007f08b000d000 Uncommon trap: reason=array_check action=maybe_recompile pc=0x00007f08a135219c method=java.util.AbstractCollection.toArray([Ljava/lang/Object;)[Ljava/lang/Object; @ 119
Event: 1,269 Thread 0x00007f08b000d000 Uncommon trap: reason=array_check action=maybe_recompile pc=0x00007f08a135219c method=java.util.AbstractCollection.toArray([Ljava/lang/Object;)[Ljava/lang/Object; @ 119
Event: 1,269 Thread 0x00007f08b000d000 Uncommon trap: reason=array_check action=maybe_recompile pc=0x00007f08a135219c method=java.util.AbstractCollection.toArray([Ljava/lang/Object;)[Ljava/lang/Object; @ 119
Event: 1,269 Thread 0x00007f08b000d000 Uncommon trap: reason=array_check action=maybe_recompile pc=0x00007f08a135219c method=java.util.AbstractCollection.toArray([Ljava/lang/Object;)[Ljava/lang/Object; @ 119

Internal exceptions (10 events):
Event: 0,977 Thread 0x00007f08b000d000 Exception <a 'java/security/PrivilegedActionException'> (0x00000000d880c7d0) thrown at [/HUDSON3/workspace/8-2-build-linux-amd64/jdk8u102/7268/hotspot/src/share/vm/prims/jvm.cpp, line 1386]
Event: 0,977 Thread 0x00007f08b000d000 Exception <a 'java/security/PrivilegedActionException'> (0x00000000d880c9e0) thrown at [/HUDSON3/workspace/8-2-build-linux-amd64/jdk8u102/7268/hotspot/src/share/vm/prims/jvm.cpp, line 1386]
Event: 0,977 Thread 0x00007f08b000d000 Exception <a 'java/security/PrivilegedActionException'> (0x00000000d8810da0) thrown at [/HUDSON3/workspace/8-2-build-linux-amd64/jdk8u102/7268/hotspot/src/share/vm/prims/jvm.cpp, line 1386]
Event: 0,977 Thread 0x00007f08b000d000 Exception <a 'java/security/PrivilegedActionException'> (0x00000000d8810fb0) thrown at [/HUDSON3/workspace/8-2-build-linux-amd64/jdk8u102/7268/hotspot/src/share/vm/prims/jvm.cpp, line 1386]
Event: 1,073 Thread 0x00007f08b000d000 Exception <a 'java/security/PrivilegedActionException'> (0x00000000d8c5f880) thrown at [/HUDSON3/workspace/8-2-build-linux-amd64/jdk8u102/7268/hotspot/src/share/vm/prims/jvm.cpp, line 1386]
Event: 1,073 Thread 0x00007f08b000d000 Exception <a 'java/security/PrivilegedActionException'> (0x00000000d8c5fa90) thrown at [/HUDSON3/workspace/8-2-build-linux-amd64/jdk8u102/7268/hotspot/src/share/vm/prims/jvm.cpp, line 1386]
Event: 1,073 Thread 0x00007f08b000d000 Exception <a 'java/security/PrivilegedActionException'> (0x00000000d8c614e8) thrown at [/HUDSON3/workspace/8-2-build-linux-amd64/jdk8u102/7268/hotspot/src/share/vm/prims/jvm.cpp, line 1386]
Event: 1,073 Thread 0x00007f08b000d000 Exception <a 'java/security/PrivilegedActionException'> (0x00000000d8c616f8) thrown at [/HUDSON3/workspace/8-2-build-linux-amd64/jdk8u102/7268/hotspot/src/share/vm/prims/jvm.cpp, line 1386]
Event: 1,074 Thread 0x00007f08b000d000 Exception <a 'java/security/PrivilegedActionException'> (0x00000000d8c65ab8) thrown at [/HUDSON3/workspace/8-2-build-linux-amd64/jdk8u102/7268/hotspot/src/share/vm/prims/jvm.cpp, line 1386]
Event: 1,074 Thread 0x00007f08b000d000 Exception <a 'java/security/PrivilegedActionException'> (0x00000000d8c65cc8) thrown at [/HUDSON3/workspace/8-2-build-linux-amd64/jdk8u102/7268/hotspot/src/share/vm/prims/jvm.cpp, line 1386]

Events (10 events):
Event: 1,297 loading class org/lwjgl/opengl/GL15C
Event: 1,297 loading class org/lwjgl/opengl/GL15C done
Event: 1,298 loading class org/lwjgl/opengl/GL14C
Event: 1,298 loading class org/lwjgl/opengl/GL14C done
Event: 1,298 loading class org/lwjgl/opengl/GL13C
Event: 1,298 loading class org/lwjgl/opengl/GL13C done
Event: 1,298 loading class org/lwjgl/opengl/GL12C
Event: 1,298 loading class org/lwjgl/opengl/GL12C done
Event: 1,305 loading class engine/GameObject
Event: 1,305 loading class engine/GameObject done


Dynamic libraries:
00400000-00401000 r-xp 00000000 00:53 857797                             /sw/jdk1.8.0_102/bin/java
00600000-00601000 rw-p 00000000 00:53 857797                             /sw/jdk1.8.0_102/bin/java
01d15000-01d36000 rw-p 00000000 00:00 0                                  [heap]
40388000-4038a000 r-xs 00000000 08:01 1446267                            /tmp/.glV5Upe1 (deleted)
4177c000-4182a000 rw-p 00000000 00:00 0 
84800000-89b00000 rw-p 00000000 00:00 0 
89b00000-d6d80000 ---p 00000000 00:00 0 
d6d80000-d9680000 rw-p 00000000 00:00 0 
d9680000-100000000 ---p 00000000 00:00 0 
100000000-100100000 rw-p 00000000 00:00 0 
100100000-140000000 ---p 00000000 00:00 0 
7f085b419000-7f085b459000 rw-p 00000000 00:00 0 
7f085b459000-7f085b619000 ---p 00000000 00:00 0 
7f085b619000-7f085ba1a000 rw-p 00000000 00:00 0 
7f085ba1a000-7f085ba71000 r-xp 00000000 08:01 1580332                    /tmp/lwjglseban649/3.2.0-build-12/liblwjgl_opengl.so
7f085ba71000-7f085bc70000 ---p 00057000 08:01 1580332                    /tmp/lwjglseban649/3.2.0-build-12/liblwjgl_opengl.so
7f085bc70000-7f085bc71000 r--p 00056000 08:01 1580332                    /tmp/lwjglseban649/3.2.0-build-12/liblwjgl_opengl.so
7f085bc71000-7f085bc72000 rw-p 00057000 08:01 1580332                    /tmp/lwjglseban649/3.2.0-build-12/liblwjgl_opengl.so
7f085bc72000-7f085bcf2000 rw-s 00000000 00:06 488                        /dev/nvidiactl
7f085bcf2000-7f085bdf2000 rw-s 00000000 00:06 488                        /dev/nvidiactl
7f085bdf2000-7f085bdff000 r-xp 00000000 08:01 9846460                    /usr/lib/x86_64-linux-gnu/libdrm.so.2.4.0
7f085bdff000-7f085bffe000 ---p 0000d000 08:01 9846460                    /usr/lib/x86_64-linux-gnu/libdrm.so.2.4.0
7f085bffe000-7f085bfff000 r--p 0000c000 08:01 9846460                    /usr/lib/x86_64-linux-gnu/libdrm.so.2.4.0
7f085bfff000-7f085c000000 rw-p 0000d000 08:01 9846460                    /usr/lib/x86_64-linux-gnu/libdrm.so.2.4.0
7f085c000000-7f085c021000 rw-p 00000000 00:00 0 
7f085c021000-7f0860000000 ---p 00000000 00:00 0 
7f0860000000-7f0860021000 rw-p 00000000 00:00 0 
7f0860021000-7f0864000000 ---p 00000000 00:00 0 
7f0864000000-7f0864364000 rw-p 00000000 00:00 0 
7f0864364000-7f0868000000 ---p 00000000 00:00 0 
7f0868000000-7f086829c000 rw-p 00000000 00:00 0 
7f086829c000-7f086c000000 ---p 00000000 00:00 0 
7f086c000000-7f086c03f000 rw-p 00000000 00:00 0 
7f086c03f000-7f0870000000 ---p 00000000 00:00 0 
7f0870000000-7f0870471000 rw-p 00000000 00:00 0 
7f0870471000-7f0874000000 ---p 00000000 00:00 0 
7f0874000000-7f0874021000 rw-p 00000000 00:00 0 
7f0874021000-7f0878000000 ---p 00000000 00:00 0 
7f0878000000-7f0878021000 rw-p 00000000 00:00 0 
7f0878021000-7f087c000000 ---p 00000000 00:00 0 
7f087c000000-7f087c021000 rw-p 00000000 00:00 0 
7f087c021000-7f0880000000 ---p 00000000 00:00 0 
7f0880000000-7f0880021000 rw-p 00000000 00:00 0 
7f0880021000-7f0884000000 ---p 00000000 00:00 0 
7f0884000000-7f0884021000 rw-p 00000000 00:00 0 
7f0884021000-7f0888000000 ---p 00000000 00:00 0 
7f088802f000-7f088804f000 rw-p 00000000 00:00 0 
7f088804f000-7f08880cf000 rw-s 00000000 00:06 488                        /dev/nvidiactl
7f08880cf000-7f0889269000 r-xp 00000000 08:01 9972661                    /usr/lib/nvidia-410/libnvidia-glcore.so.410.72
7f0889269000-7f088928a000 rwxp 0119a000 08:01 9972661                    /usr/lib/nvidia-410/libnvidia-glcore.so.410.72
7f088928a000-7f0889778000 r-xp 011bb000 08:01 9972661                    /usr/lib/nvidia-410/libnvidia-glcore.so.410.72
7f0889778000-7f0889978000 ---p 016a9000 08:01 9972661                    /usr/lib/nvidia-410/libnvidia-glcore.so.410.72
7f0889978000-7f0889c93000 rw-p 016a9000 08:01 9972661                    /usr/lib/nvidia-410/libnvidia-glcore.so.410.72
7f0889c93000-7f0889caa000 rw-p 00000000 00:00 0 
7f0889caa000-7f0889cad000 r-xp 00000000 08:01 9972658                    /usr/lib/nvidia-410/tls/libnvidia-tls.so.410.72
7f0889cad000-7f0889ead000 ---p 00003000 08:01 9972658                    /usr/lib/nvidia-410/tls/libnvidia-tls.so.410.72
7f0889ead000-7f0889eae000 rw-p 00003000 08:01 9972658                    /usr/lib/nvidia-410/tls/libnvidia-tls.so.410.72
7f0889eae000-7f0889f77000 r-xp 00000000 08:01 9972631                    /usr/lib/nvidia-410/libGL.so.410.72
7f0889f77000-7f0889fac000 rwxp 000c9000 08:01 9972631                    /usr/lib/nvidia-410/libGL.so.410.72
7f0889fac000-7f0889fc0000 r-xp 000fe000 08:01 9972631                    /usr/lib/nvidia-410/libGL.so.410.72
7f0889fc0000-7f088a1bf000 ---p 00112000 08:01 9972631                    /usr/lib/nvidia-410/libGL.so.410.72
7f088a1bf000-7f088a1e4000 rw-p 00111000 08:01 9972631                    /usr/lib/nvidia-410/libGL.so.410.72
7f088a1e4000-7f088a1ec000 rw-p 00000000 00:00 0 
7f088a1ec000-7f088a1ed000 r-xp 00000000 08:01 9834877                    /usr/lib/x86_64-linux-gnu/libX11-xcb.so.1.0.0
7f088a1ed000-7f088a3ec000 ---p 00001000 08:01 9834877                    /usr/lib/x86_64-linux-gnu/libX11-xcb.so.1.0.0
7f088a3ec000-7f088a3ed000 r--p 00000000 08:01 9834877                    /usr/lib/x86_64-linux-gnu/libX11-xcb.so.1.0.0
7f088a3ed000-7f088a3ee000 rw-p 00001000 08:01 9834877                    /usr/lib/x86_64-linux-gnu/libX11-xcb.so.1.0.0
7f088a3ee000-7f088a3f0000 r-xp 00000000 08:01 9835238                    /usr/lib/x86_64-linux-gnu/libXinerama.so.1.0.0
7f088a3f0000-7f088a5ef000 ---p 00002000 08:01 9835238                    /usr/lib/x86_64-linux-gnu/libXinerama.so.1.0.0
7f088a5ef000-7f088a5f0000 r--p 00001000 08:01 9835238                    /usr/lib/x86_64-linux-gnu/libXinerama.so.1.0.0
7f088a5f0000-7f088a5f1000 rw-p 00002000 08:01 9835238                    /usr/lib/x86_64-linux-gnu/libXinerama.so.1.0.0
7f088a5f1000-7f088a5f6000 r-xp 00000000 08:01 9835156                    /usr/lib/x86_64-linux-gnu/libXfixes.so.3.1.0
7f088a5f6000-7f088a7f5000 ---p 00005000 08:01 9835156                    /usr/lib/x86_64-linux-gnu/libXfixes.so.3.1.0
7f088a7f5000-7f088a7f6000 r--p 00004000 08:01 9835156                    /usr/lib/x86_64-linux-gnu/libXfixes.so.3.1.0
7f088a7f6000-7f088a7f7000 rw-p 00005000 08:01 9835156                    /usr/lib/x86_64-linux-gnu/libXfixes.so.3.1.0
7f088a7f7000-7f088a800000 r-xp 00000000 08:01 9830919                    /usr/lib/x86_64-linux-gnu/libXcursor.so.1.0.2
7f088a800000-7f088a9ff000 ---p 00009000 08:01 9830919                    /usr/lib/x86_64-linux-gnu/libXcursor.so.1.0.2
7f088a9ff000-7f088aa00000 r--p 00008000 08:01 9830919                    /usr/lib/x86_64-linux-gnu/libXcursor.so.1.0.2
7f088aa00000-7f088aa01000 rw-p 00009000 08:01 9830919                    /usr/lib/x86_64-linux-gnu/libXcursor.so.1.0.2
7f088aa01000-7f088aa0a000 r-xp 00000000 08:01 9835125                    /usr/lib/x86_64-linux-gnu/libXrender.so.1.3.0
7f088aa0a000-7f088ac09000 ---p 00009000 08:01 9835125                    /usr/lib/x86_64-linux-gnu/libXrender.so.1.3.0
7f088ac09000-7f088ac0a000 r--p 00008000 08:01 9835125                    /usr/lib/x86_64-linux-gnu/libXrender.so.1.3.0
7f088ac0a000-7f088ac0b000 rw-p 00009000 08:01 9835125                    /usr/lib/x86_64-linux-gnu/libXrender.so.1.3.0
7f088ac0b000-7f088ac14000 r-xp 00000000 08:01 9835174                    /usr/lib/x86_64-linux-gnu/libXrandr.so.2.2.0
7f088ac14000-7f088ae13000 ---p 00009000 08:01 9835174                    /usr/lib/x86_64-linux-gnu/libXrandr.so.2.2.0
7f088ae13000-7f088ae14000 r--p 00008000 08:01 9835174                    /usr/lib/x86_64-linux-gnu/libXrandr.so.2.2.0
7f088ae14000-7f088ae15000 rw-p 00009000 08:01 9835174                    /usr/lib/x86_64-linux-gnu/libXrandr.so.2.2.0
7f088ae15000-7f088ae24000 r-xp 00000000 08:01 9835236                    /usr/lib/x86_64-linux-gnu/libXi.so.6.1.0
7f088ae24000-7f088b023000 ---p 0000f000 08:01 9835236                    /usr/lib/x86_64-linux-gnu/libXi.so.6.1.0
7f088b023000-7f088b024000 r--p 0000e000 08:01 9835236                    /usr/lib/x86_64-linux-gnu/libXi.so.6.1.0
7f088b024000-7f088b025000 rw-p 0000f000 08:01 9835236                    /usr/lib/x86_64-linux-gnu/libXi.so.6.1.0
7f088b025000-7f088b036000 r-xp 00000000 08:01 9834982                    /usr/lib/x86_64-linux-gnu/libXext.so.6.4.0
7f088b036000-7f088b235000 ---p 00011000 08:01 9834982                    /usr/lib/x86_64-linux-gnu/libXext.so.6.4.0
7f088b235000-7f088b236000 r--p 00010000 08:01 9834982                    /usr/lib/x86_64-linux-gnu/libXext.so.6.4.0
7f088b236000-7f088b237000 rw-p 00011000 08:01 9834982                    /usr/lib/x86_64-linux-gnu/libXext.so.6.4.0
7f088b237000-7f088b23b000 r-xp 00000000 08:01 9835187                    /usr/lib/x86_64-linux-gnu/libXxf86vm.so.1.0.0
7f088b23b000-7f088b43b000 ---p 00004000 08:01 9835187                    /usr/lib/x86_64-linux-gnu/libXxf86vm.so.1.0.0
7f088b43b000-7f088b43c000 r--p 00004000 08:01 9835187                    /usr/lib/x86_64-linux-gnu/libXxf86vm.so.1.0.0
7f088b43c000-7f088b43d000 rw-p 00005000 08:01 9835187                    /usr/lib/x86_64-linux-gnu/libXxf86vm.so.1.0.0
7f088b43d000-7f088b442000 r-xp 00000000 08:01 9834974                    /usr/lib/x86_64-linux-gnu/libXdmcp.so.6.0.0
7f088b442000-7f088b641000 ---p 00005000 08:01 9834974                    /usr/lib/x86_64-linux-gnu/libXdmcp.so.6.0.0
7f088b641000-7f088b642000 r--p 00004000 08:01 9834974                    /usr/lib/x86_64-linux-gnu/libXdmcp.so.6.0.0
7f088b642000-7f088b643000 rw-p 00005000 08:01 9834974                    /usr/lib/x86_64-linux-gnu/libXdmcp.so.6.0.0
7f088b643000-7f088b645000 r-xp 00000000 08:01 9834972                    /usr/lib/x86_64-linux-gnu/libXau.so.6.0.0
7f088b645000-7f088b845000 ---p 00002000 08:01 9834972                    /usr/lib/x86_64-linux-gnu/libXau.so.6.0.0
7f088b845000-7f088b846000 r--p 00002000 08:01 9834972                    /usr/lib/x86_64-linux-gnu/libXau.so.6.0.0
7f088b846000-7f088b847000 rw-p 00003000 08:01 9834972                    /usr/lib/x86_64-linux-gnu/libXau.so.6.0.0
7f088b847000-7f088b864000 r-xp 00000000 08:01 9834976                    /usr/lib/x86_64-linux-gnu/libxcb.so.1.1.0
7f088b864000-7f088ba64000 ---p 0001d000 08:01 9834976                    /usr/lib/x86_64-linux-gnu/libxcb.so.1.1.0
7f088ba64000-7f088ba65000 r--p 0001d000 08:01 9834976                    /usr/lib/x86_64-linux-gnu/libxcb.so.1.1.0
7f088ba65000-7f088ba66000 rw-p 0001e000 08:01 9834976                    /usr/lib/x86_64-linux-gnu/libxcb.so.1.1.0
7f088ba66000-7f088bb96000 r-xp 00000000 08:01 9834978                    /usr/lib/x86_64-linux-gnu/libX11.so.6.3.0
7f088bb96000-7f088bd96000 ---p 00130000 08:01 9834978                    /usr/lib/x86_64-linux-gnu/libX11.so.6.3.0
7f088bd96000-7f088bd97000 r--p 00130000 08:01 9834978                    /usr/lib/x86_64-linux-gnu/libX11.so.6.3.0
7f088bd97000-7f088bd9b000 rw-p 00131000 08:01 9834978                    /usr/lib/x86_64-linux-gnu/libX11.so.6.3.0
7f088bd9b000-7f088bddd000 r-xp 00000000 08:01 1580331                    /tmp/lwjglseban649/3.2.0-build-12/libglfw.so
7f088bddd000-7f088bfdc000 ---p 00042000 08:01 1580331                    /tmp/lwjglseban649/3.2.0-build-12/libglfw.so
7f088bfdc000-7f088bfdd000 r--p 00041000 08:01 1580331                    /tmp/lwjglseban649/3.2.0-build-12/libglfw.so
7f088bfdd000-7f088bfdf000 rw-p 00042000 08:01 1580331                    /tmp/lwjglseban649/3.2.0-build-12/libglfw.so
7f088bfdf000-7f088c000000 rw-p 00000000 00:00 0 
7f088c000000-7f088c021000 rw-p 00000000 00:00 0 
7f088c021000-7f0890000000 ---p 00000000 00:00 0 
7f0890008000-7f0890088000 rw-s 00000000 00:06 488                        /dev/nvidiactl
7f0890088000-7f089009b000 rw-s 00000000 00:06 488                        /dev/nvidiactl
7f089009b000-7f08900bb000 rw-s 00000000 00:06 489                        /dev/nvidia0
7f08900bb000-7f08900fb000 rw-s 00000000 00:06 488                        /dev/nvidiactl
7f08900fb000-7f0890200000 rw-s 00000000 00:06 488                        /dev/nvidiactl
7f0890200000-7f0890a00000 rw-p 00000000 00:00 0 
7f0890a00000-7f0890a01000 rw-p 00000000 00:00 0 
7f0890a01000-7f0890a02000 r-xp 00000000 00:00 0 
7f0890a02000-7f0890a04000 rw-s 00000000 08:01 1446267                    /tmp/.glV5Upe1 (deleted)
7f0890a04000-7f0890a05000 rw-s 00000000 00:06 488                        /dev/nvidiactl
7f0890a05000-7f0890a09000 rw-s 00000000 00:06 488                        /dev/nvidiactl
7f0890a09000-7f0890a0a000 rw-s 00000000 00:06 489                        /dev/nvidia0
7f0890a0a000-7f0890a2a000 rw-s 00000000 00:06 488                        /dev/nvidiactl
7f0890a2a000-7f0890a2b000 rw-s 00000000 00:06 489                        /dev/nvidia0
7f0890a2b000-7f0890a6b000 rw-s 00000000 00:06 488                        /dev/nvidiactl
7f0890a6b000-7f0890a8b000 rw-s 00000000 00:06 488                        /dev/nvidiactl
7f0890a8b000-7f0890a8c000 rw-s 00000000 00:06 488                        /dev/nvidiactl
7f0890a8c000-7f0890a8d000 rw-s 00000000 00:06 488                        /dev/nvidiactl
7f0890a8d000-7f0890a94000 r--s 00000000 08:01 9844102                    /usr/lib/x86_64-linux-gnu/gconv/gconv-modules.cache
7f0890a94000-7f0890a95000 r-xp 00000000 00:00 0 
7f0890a95000-7f0890ae1000 r-xp 00000000 08:01 1580330                    /tmp/lwjglseban649/3.2.0-build-12/libjemalloc.so
7f0890ae1000-7f0890ce1000 ---p 0004c000 08:01 1580330                    /tmp/lwjglseban649/3.2.0-build-12/libjemalloc.so
7f0890ce1000-7f0890ce6000 r--p 0004c000 08:01 1580330                    /tmp/lwjglseban649/3.2.0-build-12/libjemalloc.so
7f0890ce6000-7f0890ce7000 rw-p 00051000 08:01 1580330                    /tmp/lwjglseban649/3.2.0-build-12/libjemalloc.so
7f0890ce7000-7f0890ef6000 rw-p 00000000 00:00 0 
7f0890ef6000-7f0890efa000 r--s 00097000 00:53 857825                     /sw/jdk1.8.0_102/jre/lib/jsse.jar
7f0890efa000-7f0890f52000 r-xp 00000000 08:01 1580329                    /tmp/lwjglseban649/3.2.0-build-12/liblwjgl.so
7f0890f52000-7f0891151000 ---p 00058000 08:01 1580329                    /tmp/lwjglseban649/3.2.0-build-12/liblwjgl.so
7f0891151000-7f0891152000 r--p 00057000 08:01 1580329                    /tmp/lwjglseban649/3.2.0-build-12/liblwjgl.so
7f0891152000-7f0891153000 rw-p 00058000 08:01 1580329                    /tmp/lwjglseban649/3.2.0-build-12/liblwjgl.so
7f0891153000-7f089115d000 r--s 00116000 00:53 857961                     /sw/jdk1.8.0_102/jre/lib/ext/localedata.jar
7f089115d000-7f089116e000 r-xp 00000000 00:53 857906                     /sw/jdk1.8.0_102/jre/lib/amd64/libnio.so
7f089116e000-7f089136d000 ---p 00011000 00:53 857906                     /sw/jdk1.8.0_102/jre/lib/amd64/libnio.so
7f089136d000-7f089136e000 rw-p 00010000 00:53 857906                     /sw/jdk1.8.0_102/jre/lib/amd64/libnio.so
7f089136e000-7f089136f000 ---p 00000000 00:00 0 
7f089136f000-7f089146f000 rw-p 00000000 00:00 0 
7f089146f000-7f0891472000 ---p 00000000 00:00 0 
7f0891472000-7f0891570000 rw-p 00000000 00:00 0 
7f0891570000-7f0891586000 r-xp 00000000 00:53 857881                     /sw/jdk1.8.0_102/jre/lib/amd64/libnet.so
7f0891586000-7f0891786000 ---p 00016000 00:53 857881                     /sw/jdk1.8.0_102/jre/lib/amd64/libnet.so
7f0891786000-7f0891787000 rw-p 00016000 00:53 857881                     /sw/jdk1.8.0_102/jre/lib/amd64/libnet.so
7f0891787000-7f089178a000 ---p 00000000 00:00 0 
7f089178a000-7f0891888000 rw-p 00000000 00:00 0 
7f0891888000-7f089188b000 ---p 00000000 00:00 0 
7f089188b000-7f0891989000 rw-p 00000000 00:00 0 
7f0891989000-7f089198c000 ---p 00000000 00:00 0 
7f089198c000-7f0891a8a000 rw-p 00000000 00:00 0 
7f0891a8a000-7f0891a8d000 ---p 00000000 00:00 0 
7f0891a8d000-7f0891b8b000 rw-p 00000000 00:00 0 
7f0891b8b000-7f0891b8d000 r--s 0001a000 00:53 1645765                    /sw/intelliJ-17.3.2/lib/idea_rt.jar
7f0891b8d000-7f0891b90000 r--s 00095000 00:52 8060354                    /home/seban649/.gradle/caches/modules-2/files-2.1/org.joml/joml/1.9.11/6ba5510277562a75a6a63c36c8265c68a6b0f4b/joml-1.9.11.jar
7f0891b90000-7f0891b91000 r--s 00014000 00:52 8060346                    /home/seban649/.gradle/caches/modules-2/files-2.1/org.lwjgl/lwjgl/3.2.0/4c23e3f9ae657a52bddfa1c92d1b0ba770259eed/lwjgl-3.2.0-natives-linux.jar
7f0891b91000-7f0891b94000 ---p 00000000 00:00 0 
7f0891b94000-7f0891c92000 rw-p 00000000 00:00 0 
7f0891c92000-7f0892bf4000 r--p 00000000 08:01 9857298                    /usr/lib/locale/locale-archive
7f0892bf4000-7f0892bf7000 ---p 00000000 00:00 0 
7f0892bf7000-7f0892cf5000 rw-p 00000000 00:00 0 
7f0892cf5000-7f0892cf8000 ---p 00000000 00:00 0 
7f0892cf8000-7f0892df6000 rw-p 00000000 00:00 0 
7f0892df6000-7f0892df7000 ---p 00000000 00:00 0 
7f0892df7000-7f0894000000 rw-p 00000000 00:00 0 
7f0894000000-7f0894021000 rw-p 00000000 00:00 0 
7f0894021000-7f0898000000 ---p 00000000 00:00 0 
7f0898000000-7f0898005000 r--s 00048000 00:52 8060350                    /home/seban649/.gradle/caches/modules-2/files-2.1/org.lwjgl/lwjgl/3.2.0/7723544dc3fc740f0ee59cce9a3a0cecc8681747/lwjgl-3.2.0.jar
7f0898005000-7f0898006000 r--s 00030000 00:52 8060348                    /home/seban649/.gradle/caches/modules-2/files-2.1/org.lwjgl/lwjgl-zstd/3.2.0/48cf907fa25df8ae9e929976259a1c04ef728307/lwjgl-zstd-3.2.0-natives-linux.jar
7f0898006000-7f0898008000 r--s 0000a000 00:52 8060340                    /home/seban649/.gradle/caches/modules-2/files-2.1/org.lwjgl/lwjgl-zstd/3.2.0/db20308ceaa924afb6e39963b4a275d683cf6f04/lwjgl-zstd-3.2.0.jar
7f0898008000-7f0898009000 r--s 0000d000 00:52 8060344                    /home/seban649/.gradle/caches/modules-2/files-2.1/org.lwjgl/lwjgl-yoga/3.2.0/a93b82d14fe96b3b37fc56f0a45f47c565cdff41/lwjgl-yoga-3.2.0-natives-linux.jar
7f0898009000-7f089800b000 r--s 0000d000 00:52 8060342                    /home/seban649/.gradle/caches/modules-2/files-2.1/org.lwjgl/lwjgl-yoga/3.2.0/d566fc16dea950e35fb56930c3bb779fc29750f5/lwjgl-yoga-3.2.0.jar
7f089800b000-7f089800c000 r--s 00001000 00:52 8060334                    /home/seban649/.gradle/caches/modules-2/files-2.1/org.lwjgl/lwjgl-xxhash/3.2.0/ff4ebba2ea3c041f223afaa6946e5ab92ce6fb4a/lwjgl-xxhash-3.2.0-natives-linux.jar
7f089800c000-7f089800d000 r--s 00005000 00:52 8060336                    /home/seban649/.gradle/caches/modules-2/files-2.1/org.lwjgl/lwjgl-xxhash/3.2.0/7033c2821517c8f02155802c4b3e601fe08ca713/lwjgl-xxhash-3.2.0.jar
7f089800d000-7f0898025000 r--s 001b8000 00:52 8060338                    /home/seban649/.gradle/caches/modules-2/files-2.1/org.lwjgl/lwjgl-vulkan/3.2.0/944fee3e63dc148f4bf523553bf0fac1c8b36048/lwjgl-vulkan-3.2.0.jar
7f0898025000-7f0898026000 r--s 00009000 00:52 8060335                    /home/seban649/.gradle/caches/modules-2/files-2.1/org.lwjgl/lwjgl-vma/3.2.0/11977e3529069b4294b8b8ec330686325285734c/lwjgl-vma-3.2.0-natives-linux.jar
7f0898026000-7f0898028000 r--s 0000c000 00:52 8060332                    /home/seban649/.gradle/caches/modules-2/files-2.1/org.lwjgl/lwjgl-vma/3.2.0/c5572eddf2f07bd334e2f45830990529b7a7ecfb/lwjgl-vma-3.2.0.jar
7f0898028000-7f0898029000 r--s 0000d000 00:52 8060330                    /home/seban649/.gradle/caches/modules-2/files-2.1/org.lwjgl/lwjgl-tootle/3.2.0/372433239141c0a2afeca8ec2fbf8f55a5e85d5c/lwjgl-tootle-3.2.0-natives-linux.jar
7f0898029000-7f089802a000 r--s 00001000 00:52 8060326                    /home/seban649/.gradle/caches/modules-2/files-2.1/org.lwjgl/lwjgl-tootle/3.2.0/ea40d6f06334fe8badc788006f0f725b0d423efd/lwjgl-tootle-3.2.0.jar
7f089802a000-7f089802b000 r--s 00009000 00:52 8060328                    /home/seban649/.gradle/caches/modules-2/files-2.1/org.lwjgl/lwjgl-tinyfd/3.2.0/4120536e3301f92b845b494aeaa6292b0b80e9b0/lwjgl-tinyfd-3.2.0-natives-linux.jar
7f089802b000-7f089802c000 r--s 00001000 00:52 8060318                    /home/seban649/.gradle/caches/modules-2/files-2.1/org.lwjgl/lwjgl-tinyfd/3.2.0/b9be54e6f401699aa2ccb9325c6146bc9524bff8/lwjgl-tinyfd-3.2.0.jar
7f089802c000-7f089802e000 r--s 0000d000 00:52 8060322                    /home/seban649/.gradle/caches/modules-2/files-2.1/org.lwjgl/lwjgl-tinyexr/3.2.0/8edb03cedd317f4fd93406b68dbe0ab7b2c1c95b/lwjgl-tinyexr-3.2.0-natives-linux.jar
7f089802e000-7f089802f000 r--s 0000a000 00:52 8060320                    /home/seban649/.gradle/caches/modules-2/files-2.1/org.lwjgl/lwjgl-tinyexr/3.2.0/7d9451d37dea54863e93634211c988bfb037ea54/lwjgl-tinyexr-3.2.0.jar
7f089802f000-7f0898030000 r--s 00030000 00:52 8060324                    /home/seban649/.gradle/caches/modules-2/files-2.1/org.lwjgl/lwjgl-stb/3.2.0/1ea72c3849ca94669a9dafe69e8acc7f22fe3925/lwjgl-stb-3.2.0-natives-linux.jar
7f0898030000-7f0898032000 r--s 00018000 00:52 8060316                    /home/seban649/.gradle/caches/modules-2/files-2.1/org.lwjgl/lwjgl-stb/3.2.0/cd60eafae0690e024fab99e9864a2ea8e56d86a8/lwjgl-stb-3.2.0.jar
7f0898032000-7f0898033000 r--s 00000000 00:52 8060314                    /home/seban649/.gradle/caches/modules-2/files-2.1/org.lwjgl/lwjgl-sse/3.2.0/b4f03b8fe2d1d04857682791dd3cc43895b095c8/lwjgl-sse-3.2.0-natives-linux.jar
7f0898033000-7f0898035000 r--s 00000000 00:52 8060312                    /home/seban649/.gradle/caches/modules-2/files-2.1/org.lwjgl/lwjgl-sse/3.2.0/9fa4cee27e4e581d5128a09caaf86b36e5f9442b/lwjgl-sse-3.2.0.jar
7f0898035000-7f0898036000 r--s 00002000 00:52 8060310                    /home/seban649/.gradle/caches/modules-2/files-2.1/org.lwjgl/lwjgl-rpmalloc/3.2.0/3d4835f94671139169684677f8236868ee93e114/lwjgl-rpmalloc-3.2.0-natives-linux.jar
7f0898036000-7f0898038000 r--s 00004000 00:52 8060308                    /home/seban649/.gradle/caches/modules-2/files-2.1/org.lwjgl/lwjgl-rpmalloc/3.2.0/e0f33b725e154df311bb66780e580e1e10cf10f9/lwjgl-rpmalloc-3.2.0.jar
7f0898038000-7f0898039000 r--s 00006000 00:52 8060304                    /home/seban649/.gradle/caches/modules-2/files-2.1/org.lwjgl/lwjgl-remotery/3.2.0/ad8f887a109298642c1acd46e4158f11d7af6fe5/lwjgl-remotery-3.2.0-natives-linux.jar
7f0898039000-7f089803e000 r--s 0005c000 00:52 8060293                    /home/seban649/.gradle/caches/modules-2/files-2.1/org.lwjgl/lwjgl-openvr/3.2.0/a7cea7269ed462ee1dcf74569644f236e0e5d39e/lwjgl-openvr-3.2.0.jar
7f089803e000-7f089c000000 rw-p 00000000 00:00 0 
7f089c000000-7f089c021000 rw-p 00000000 00:00 0 
7f089c021000-7f08a0000000 ---p 00000000 00:00 0 
7f08a0000000-7f08a0001000 r--s 00005000 00:52 8060306                    /home/seban649/.gradle/caches/modules-2/files-2.1/org.lwjgl/lwjgl-remotery/3.2.0/b4cb7eb0b706ffe1f44bc4436cc06552637d5114/lwjgl-remotery-3.2.0.jar
7f08a0001000-7f08a0002000 r--s 00005000 00:52 8060302                    /home/seban649/.gradle/caches/modules-2/files-2.1/org.lwjgl/lwjgl-par/3.2.0/fd07b91ba71cb817765718d7fc6b7495d06c0fe0/lwjgl-par-3.2.0-natives-linux.jar
7f08a0002000-7f08a0003000 r--s 00002000 00:52 8060295                    /home/seban649/.gradle/caches/modules-2/files-2.1/org.lwjgl/lwjgl-par/3.2.0/e8dbde24f5cd8137b5080d5605c3f7a6c49d521e/lwjgl-par-3.2.0.jar
7f08a0003000-7f08a0004000 r--s 0001d000 00:52 8060297                    /home/seban649/.gradle/caches/modules-2/files-2.1/org.lwjgl/lwjgl-openvr/3.2.0/aec33f350a33d7e93c83ca4ffb276669a52178f3/lwjgl-openvr-3.2.0-natives-linux.jar
7f08a0004000-7f08a0005000 r--s 00008000 00:52 8060290                    /home/seban649/.gradle/caches/modules-2/files-2.1/org.lwjgl/lwjgl-opengles/3.2.0/330e0c0aec3fe596dc9823605914c8f72a3f1b8f/lwjgl-opengles-3.2.0-natives-linux.jar
7f08a0005000-7f08a000c000 r--s 0004f000 00:52 8060291                    /home/seban649/.gradle/caches/modules-2/files-2.1/org.lwjgl/lwjgl-opengles/3.2.0/9c08765e673face8d9ce98146d339d44fdbc1d31/lwjgl-opengles-3.2.0.jar
7f08a000c000-7f08a000d000 r--s 00012000 00:52 7718995                    /home/seban649/.gradle/caches/modules-2/files-2.1/org.lwjgl/lwjgl-opengl/3.2.0/953ac48def909b1c67fc54299f5c403479ef8ac7/lwjgl-opengl-3.2.0-natives-linux.jar
7f08a000d000-7f08a0018000 r--s 000d7000 00:52 8060288                    /home/seban649/.gradle/caches/modules-2/files-2.1/org.lwjgl/lwjgl-opengl/3.2.0/1c64c692473a70af297651d369debc93efa2e49f/lwjgl-opengl-3.2.0.jar
7f08a0018000-7f08a001b000 r--s 00027000 00:52 8060284                    /home/seban649/.gradle/caches/modules-2/files-2.1/org.lwjgl/lwjgl-opencl/3.2.0/9fcccf3c100dde0196f7bdc7b8553f9f5cf0b31/lwjgl-opencl-3.2.0.jar
7f08a001b000-7f08a001c000 r--s 00073000 00:52 8060286                    /home/seban649/.gradle/caches/modules-2/files-2.1/org.lwjgl/lwjgl-openal/3.2.0/7eb647d77d7be270bd494548860befab223687ed/lwjgl-openal-3.2.0-natives-linux.jar
7f08a001c000-7f08a001f000 r--s 00011000 00:52 8060281                    /home/seban649/.gradle/caches/modules-2/files-2.1/org.lwjgl/lwjgl-openal/3.2.0/28174519523e11c2f3227359f242d48edfa76654/lwjgl-openal-3.2.0.jar
7f08a001f000-7f08a0021000 r--s 00015000 00:52 8060279                    /home/seban649/.gradle/caches/modules-2/files-2.1/org.lwjgl/lwjgl-odbc/3.2.0/9670ed9dbbb348e1ff41d7677a13896a291d17b0/lwjgl-odbc-3.2.0.jar
7f08a0021000-7f08a0022000 r--s 00025000 00:52 8060273                    /home/seban649/.gradle/caches/modules-2/files-2.1/org.lwjgl/lwjgl-nuklear/3.2.0/17540bbc8dcddea2d436fc49f51c51b9fb4d7d27/lwjgl-nuklear-3.2.0-natives-linux.jar
7f08a0022000-7f08a0028000 r--s 00064000 00:52 8060277                    /home/seban649/.gradle/caches/modules-2/files-2.1/org.lwjgl/lwjgl-nuklear/3.2.0/45c0d59dff82211c78664903db27ed7268cc678a/lwjgl-nuklear-3.2.0.jar
7f08a0028000-7f08a0029000 r--s 00001000 00:52 8060271                    /home/seban649/.gradle/caches/modules-2/files-2.1/org.lwjgl/lwjgl-nfd/3.2.0/adb001201e866e6ef30160217ae491a7f1690c83/lwjgl-nfd-3.2.0-natives-linux.jar
7f08a0029000-7f08a002b000 r--s 00001000 00:52 8060263                    /home/seban649/.gradle/caches/modules-2/files-2.1/org.lwjgl/lwjgl-nfd/3.2.0/21b13f0fa86921f8112dec00a1437b2d7c96e67f/lwjgl-nfd-3.2.0.jar
7f08a002b000-7f08a002c000 r--s 0002d000 00:52 8060269                    /home/seban649/.gradle/caches/modules-2/files-2.1/org.lwjgl/lwjgl-nanovg/3.2.0/8979f0bea3f542afd092690884695ba23bea89b1/lwjgl-nanovg-3.2.0-natives-linux.jar
7f08a002c000-7f08a002e000 r--s 0000e000 00:52 8060267                    /home/seban649/.gradle/caches/modules-2/files-2.1/org.lwjgl/lwjgl-nanovg/3.2.0/c5044864cd633fae04951291a2615215df25542b/lwjgl-nanovg-3.2.0.jar
7f08a002e000-7f08a0030000 r--s 0000e000 00:52 8060258                    /home/seban649/.gradle/caches/modules-2/files-2.1/org.lwjgl/lwjgl-lz4/3.2.0/ab02fdf6c86e044a786449050861d6a486372dc4/lwjgl-lz4-3.2.0-natives-linux.jar
7f08a0030000-7f08a0032000 r--s 0000b000 00:52 8060256                    /home/seban649/.gradle/caches/modules-2/files-2.1/org.lwjgl/lwjgl-lz4/3.2.0/ed9cd62f45765b7026b7898a6f2fe42292e2d15e/lwjgl-lz4-3.2.0.jar
7f08a0032000-7f08a0033000 r--s 0000e000 00:52 8060260                    /home/seban649/.gradle/caches/modules-2/files-2.1/org.lwjgl/lwjgl-lmdb/3.2.0/b620a1de843383a50c2cb970970688671927a610/lwjgl-lmdb-3.2.0-natives-linux.jar
7f08a0033000-7f08a0035000 r--s 00006000 00:52 8060250                    /home/seban649/.gradle/caches/modules-2/files-2.1/org.lwjgl/lwjgl-lmdb/3.2.0/f7dd5a61e0d63ea5185a3da7765c5baea9644074/lwjgl-lmdb-3.2.0.jar
7f08a0035000-7f08a0036000 r--s 00022000 00:52 8060254                    /home/seban649/.gradle/caches/modules-2/files-2.1/org.lwjgl/lwjgl-jemalloc/3.2.0/f1c41f3a136237b32993d43d9157a42e017039e3/lwjgl-jemalloc-3.2.0-natives-linux.jar
7f08a0036000-7f08a0038000 r--s 00008000 00:52 8060252                    /home/seban649/.gradle/caches/modules-2/files-2.1/org.lwjgl/lwjgl-jemalloc/3.2.0/4bdf37d27b1ee9bd9ed789d44c9c7fb022f1c246/lwjgl-jemalloc-3.2.0.jar
7f08a0038000-7f08a0039000 r--s 00005000 00:52 8060243                    /home/seban649/.gradle/caches/modules-2/files-2.1/org.lwjgl/lwjgl-jawt/3.2.0/a5b9045217cdf5ed364d5f858ce983f9e553c13a/lwjgl-jawt-3.2.0.jar
7f08a0039000-7f08a003a000 r--s 00025000 00:52 8060245                    /home/seban649/.gradle/caches/modules-2/files-2.1/org.lwjgl/lwjgl-glfw/3.2.0/2d270a9146ae47e929f5b6295eeb4e51a5ff577b/lwjgl-glfw-3.2.0-natives-linux.jar
7f08a003a000-7f08a003e000 r--s 00019000 00:52 8060248                    /home/seban649/.gradle/caches/modules-2/files-2.1/org.lwjgl/lwjgl-glfw/3.2.0/9ff0ed06de0a1d83dd182f2ead48ac4c90865c44/lwjgl-glfw-3.2.0.jar
7f08a003e000-7f08a0051000 r--s 00345000 00:53 858105                     /sw/jdk1.8.0_102/jre/lib/resources.jar
7f08a0051000-7f08a0063000 r--s 000d6000 00:53 858104                     /sw/jdk1.8.0_102/jre/lib/plugin.jar
7f08a0063000-7f08a04b6000 rw-p 00000000 00:00 0 
7f08a04b6000-7f08a068e000 r--s 03d29000 00:53 857873                     /sw/jdk1.8.0_102/jre/lib/rt.jar
7f08a068e000-7f08a0a6a000 rw-p 00000000 00:00 0 
7f08a0a6a000-7f08a0a6b000 ---p 00000000 00:00 0 
7f08a0a6b000-7f08a0b6b000 rw-p 00000000 00:00 0 
7f08a0b6b000-7f08a0b6c000 ---p 00000000 00:00 0 
7f08a0b6c000-7f08a0c6c000 rw-p 00000000 00:00 0 
7f08a0c6c000-7f08a0c6d000 ---p 00000000 00:00 0 
7f08a0c6d000-7f08a0d97000 rw-p 00000000 00:00 0 
7f08a0d97000-7f08a1000000 ---p 00000000 00:00 0 
7f08a1000000-7f08a1370000 rwxp 00000000 00:00 0 
7f08a1370000-7f08b0000000 ---p 00000000 00:00 0 
7f08b0000000-7f08b202d000 rw-p 00000000 00:00 0 
7f08b202d000-7f08b4000000 ---p 00000000 00:00 0 
7f08b4000000-7f08b4004000 r--s 0001f000 00:52 8060352                    /home/seban649/.gradle/caches/modules-2/files-2.1/org.lwjgl/lwjgl-egl/3.2.0/78c862f42f3d1a38f98ed82f0c641c98a1950ae0/lwjgl-egl-3.2.0.jar
7f08b4004000-7f08b4005000 r--s 00050000 00:52 8060241                    /home/seban649/.gradle/caches/modules-2/files-2.1/org.lwjgl/lwjgl-bgfx/3.2.0/94189c46ca51a2a49423ccd1d401515ca5257882/lwjgl-bgfx-3.2.0-natives-linux.jar
7f08b4005000-7f08b4009000 r--s 00025000 00:52 8060236                    /home/seban649/.gradle/caches/modules-2/files-2.1/org.lwjgl/lwjgl-bgfx/3.2.0/2ee6f1ea8332a3959e54c8387432efbe3d252fbb/lwjgl-bgfx-3.2.0.jar
7f08b4009000-7f08b400a000 r--s 00322000 00:52 8060265                    /home/seban649/.gradle/caches/modules-2/files-2.1/org.lwjgl/lwjgl-assimp/3.2.0/e36e88b2c8cfae5393b4e7006d9ab926c73e2f9d/lwjgl-assimp-3.2.0-natives-linux.jar
7f08b400a000-7f08b400d000 r--s 00030000 00:52 8060239                    /home/seban649/.gradle/caches/modules-2/files-2.1/org.lwjgl/lwjgl-assimp/3.2.0/c399181a0725dcc3b3edcc6116da7f724c6ad1c6/lwjgl-assimp-3.2.0.jar
7f08b400d000-7f08b400e000 r--s 00000000 00:53 857952                     /sw/jdk1.8.0_102/jre/lib/management-agent.jar
7f08b400e000-7f08b4084000 rw-p 00000000 00:00 0 
7f08b4084000-7f08b4085000 ---p 00000000 00:00 0 
7f08b4085000-7f08b41af000 rw-p 00000000 00:00 0 
7f08b41af000-7f08b4417000 ---p 00000000 00:00 0 
7f08b4417000-7f08b442d000 rw-p 00000000 00:00 0 
7f08b442d000-7f08b4561000 ---p 00000000 00:00 0 
7f08b4561000-7f08b4570000 rw-p 00000000 00:00 0 
7f08b4570000-7f08b4922000 ---p 00000000 00:00 0 
7f08b4922000-7f08b493c000 r-xp 00000000 00:53 857904                     /sw/jdk1.8.0_102/jre/lib/amd64/libzip.so
7f08b493c000-7f08b4b3c000 ---p 0001a000 00:53 857904                     /sw/jdk1.8.0_102/jre/lib/amd64/libzip.so
7f08b4b3c000-7f08b4b3d000 rw-p 0001a000 00:53 857904                     /sw/jdk1.8.0_102/jre/lib/amd64/libzip.so
7f08b4b3d000-7f08b4b47000 r-xp 00000000 00:53 857942                     /sw/jdk1.8.0_102/jre/lib/amd64/libinstrument.so
7f08b4b47000-7f08b4d46000 ---p 0000a000 00:53 857942                     /sw/jdk1.8.0_102/jre/lib/amd64/libinstrument.so
7f08b4d46000-7f08b4d47000 rw-p 00009000 00:53 857942                     /sw/jdk1.8.0_102/jre/lib/amd64/libinstrument.so
7f08b4d47000-7f08b4d71000 r-xp 00000000 00:53 857931                     /sw/jdk1.8.0_102/jre/lib/amd64/libjava.so
7f08b4d71000-7f08b4f71000 ---p 0002a000 00:53 857931                     /sw/jdk1.8.0_102/jre/lib/amd64/libjava.so
7f08b4f71000-7f08b4f73000 rw-p 0002a000 00:53 857931                     /sw/jdk1.8.0_102/jre/lib/amd64/libjava.so
7f08b4f73000-7f08b4f80000 r-xp 00000000 00:53 857882                     /sw/jdk1.8.0_102/jre/lib/amd64/libverify.so
7f08b4f80000-7f08b5180000 ---p 0000d000 00:53 857882                     /sw/jdk1.8.0_102/jre/lib/amd64/libverify.so
7f08b5180000-7f08b5182000 rw-p 0000d000 00:53 857882                     /sw/jdk1.8.0_102/jre/lib/amd64/libverify.so
7f08b5182000-7f08b5189000 r-xp 00000000 08:01 4063640                    /lib/x86_64-linux-gnu/librt-2.19.so
7f08b5189000-7f08b5388000 ---p 00007000 08:01 4063640                    /lib/x86_64-linux-gnu/librt-2.19.so
7f08b5388000-7f08b5389000 r--p 00006000 08:01 4063640                    /lib/x86_64-linux-gnu/librt-2.19.so
7f08b5389000-7f08b538a000 rw-p 00007000 08:01 4063640                    /lib/x86_64-linux-gnu/librt-2.19.so
7f08b538a000-7f08b548f000 r-xp 00000000 08:01 4063633                    /lib/x86_64-linux-gnu/libm-2.19.so
7f08b548f000-7f08b568e000 ---p 00105000 08:01 4063633                    /lib/x86_64-linux-gnu/libm-2.19.so
7f08b568e000-7f08b568f000 r--p 00104000 08:01 4063633                    /lib/x86_64-linux-gnu/libm-2.19.so
7f08b568f000-7f08b5690000 rw-p 00105000 08:01 4063633                    /lib/x86_64-linux-gnu/libm-2.19.so
7f08b5690000-7f08b635c000 r-xp 00000000 00:53 857935                     /sw/jdk1.8.0_102/jre/lib/amd64/server/libjvm.so
7f08b635c000-7f08b655c000 ---p 00ccc000 00:53 857935                     /sw/jdk1.8.0_102/jre/lib/amd64/server/libjvm.so
7f08b655c000-7f08b6635000 rw-p 00ccc000 00:53 857935                     /sw/jdk1.8.0_102/jre/lib/amd64/server/libjvm.so
7f08b6635000-7f08b6680000 rw-p 00000000 00:00 0 
7f08b6680000-7f08b683e000 r-xp 00000000 08:01 4063647                    /lib/x86_64-linux-gnu/libc-2.19.so
7f08b683e000-7f08b6a3e000 ---p 001be000 08:01 4063647                    /lib/x86_64-linux-gnu/libc-2.19.so
7f08b6a3e000-7f08b6a42000 r--p 001be000 08:01 4063647                    /lib/x86_64-linux-gnu/libc-2.19.so
7f08b6a42000-7f08b6a44000 rw-p 001c2000 08:01 4063647                    /lib/x86_64-linux-gnu/libc-2.19.so
7f08b6a44000-7f08b6a49000 rw-p 00000000 00:00 0 
7f08b6a49000-7f08b6a4c000 r-xp 00000000 08:01 4063643                    /lib/x86_64-linux-gnu/libdl-2.19.so
7f08b6a4c000-7f08b6c4b000 ---p 00003000 08:01 4063643                    /lib/x86_64-linux-gnu/libdl-2.19.so
7f08b6c4b000-7f08b6c4c000 r--p 00002000 08:01 4063643                    /lib/x86_64-linux-gnu/libdl-2.19.so
7f08b6c4c000-7f08b6c4d000 rw-p 00003000 08:01 4063643                    /lib/x86_64-linux-gnu/libdl-2.19.so
7f08b6c4d000-7f08b6c62000 r-xp 00000000 00:53 857016                     /sw/jdk1.8.0_102/lib/amd64/jli/libjli.so
7f08b6c62000-7f08b6e62000 ---p 00015000 00:53 857016                     /sw/jdk1.8.0_102/lib/amd64/jli/libjli.so
7f08b6e62000-7f08b6e63000 rw-p 00015000 00:53 857016                     /sw/jdk1.8.0_102/lib/amd64/jli/libjli.so
7f08b6e63000-7f08b6e7c000 r-xp 00000000 08:01 4063639                    /lib/x86_64-linux-gnu/libpthread-2.19.so
7f08b6e7c000-7f08b707b000 ---p 00019000 08:01 4063639                    /lib/x86_64-linux-gnu/libpthread-2.19.so
7f08b707b000-7f08b707c000 r--p 00018000 08:01 4063639                    /lib/x86_64-linux-gnu/libpthread-2.19.so
7f08b707c000-7f08b707d000 rw-p 00019000 08:01 4063639                    /lib/x86_64-linux-gnu/libpthread-2.19.so
7f08b707d000-7f08b7081000 rw-p 00000000 00:00 0 
7f08b7081000-7f08b70a4000 r-xp 00000000 08:01 4063636                    /lib/x86_64-linux-gnu/ld-2.19.so
7f08b70a4000-7f08b70a8000 r--s 00097000 00:53 857825                     /sw/jdk1.8.0_102/jre/lib/jsse.jar
7f08b70a8000-7f08b70aa000 r--s 00007000 00:53 857946                     /sw/jdk1.8.0_102/jre/lib/jfxswt.jar
7f08b70aa000-7f08b70af000 r--s 00084000 00:53 857980                     /sw/jdk1.8.0_102/jre/lib/jfr.jar
7f08b70af000-7f08b70b9000 r--s 0006c000 00:53 857988                     /sw/jdk1.8.0_102/jre/lib/javaws.jar
7f08b70b9000-7f08b70d4000 r--s 00208000 00:53 857989                     /sw/jdk1.8.0_102/jre/lib/deploy.jar
7f08b70d4000-7f08b70d9000 r--s 002f9000 00:53 857826                     /sw/jdk1.8.0_102/jre/lib/charsets.jar
7f08b70d9000-7f08b7134000 rw-p 00000000 00:00 0 
7f08b7134000-7f08b7169000 r--s 00000000 08:01 13107341                   /var/cache/nscd/passwd
7f08b7169000-7f08b716c000 ---p 00000000 00:00 0 
7f08b716c000-7f08b726e000 rw-p 00000000 00:00 0 
7f08b726e000-7f08b7271000 r--s 0001a000 00:53 858135                     /sw/jdk1.8.0_102/jre/lib/jce.jar
7f08b7271000-7f08b7298000 rw-p 00000000 00:00 0 
7f08b7298000-7f08b72a0000 rw-s 00000000 08:01 1446263                    /tmp/hsperfdata_seban649/10806
7f08b72a0000-7f08b72a1000 rw-p 00000000 00:00 0 
7f08b72a1000-7f08b72a2000 r--p 00000000 00:00 0 
7f08b72a2000-7f08b72a3000 rw-p 00000000 00:00 0 
7f08b72a3000-7f08b72a4000 r--p 00022000 08:01 4063636                    /lib/x86_64-linux-gnu/ld-2.19.so
7f08b72a4000-7f08b72a5000 rw-p 00023000 08:01 4063636                    /lib/x86_64-linux-gnu/ld-2.19.so
7f08b72a5000-7f08b72a6000 rw-p 00000000 00:00 0 
7ffda9c38000-7ffda9c5c000 rw-p 00000000 00:00 0                          [stack]
7ffda9dcf000-7ffda9dd2000 r--p 00000000 00:00 0                          [vvar]
7ffda9dd2000-7ffda9dd4000 r-xp 00000000 00:00 0                          [vdso]
ffffffffff600000-ffffffffff601000 r-xp 00000000 00:00 0                  [vsyscall]

VM Arguments:
jvm_args: -javaagent:/sw/intelliJ-17.3.2/lib/idea_rt.jar=36025:/sw/intelliJ-17.3.2/bin -Dfile.encoding=UTF-8 
java_command: HelloWorld
java_class_path (initial): /sw/jdk1.8.0_102/jre/lib/charsets.jar:/sw/jdk1.8.0_102/jre/lib/deploy.jar:/sw/jdk1.8.0_102/jre/lib/ext/cldrdata.jar:/sw/jdk1.8.0_102/jre/lib/ext/dnsns.jar:/sw/jdk1.8.0_102/jre/lib/ext/jaccess.jar:/sw/jdk1.8.0_102/jre/lib/ext/jfxrt.jar:/sw/jdk1.8.0_102/jre/lib/ext/localedata.jar:/sw/jdk1.8.0_102/jre/lib/ext/nashorn.jar:/sw/jdk1.8.0_102/jre/lib/ext/sunec.jar:/sw/jdk1.8.0_102/jre/lib/ext/sunjce_provider.jar:/sw/jdk1.8.0_102/jre/lib/ext/sunpkcs11.jar:/sw/jdk1.8.0_102/jre/lib/ext/zipfs.jar:/sw/jdk1.8.0_102/jre/lib/javaws.jar:/sw/jdk1.8.0_102/jre/lib/jce.jar:/sw/jdk1.8.0_102/jre/lib/jfr.jar:/sw/jdk1.8.0_102/jre/lib/jfxswt.jar:/sw/jdk1.8.0_102/jre/lib/jsse.jar:/sw/jdk1.8.0_102/jre/lib/management-agent.jar:/sw/jdk1.8.0_102/jre/lib/plugin.jar:/sw/jdk1.8.0_102/jre/lib/resources.jar:/sw/jdk1.8.0_102/jre/lib/rt.jar:/home/seban649/Documents/gits/OpenGLCandy/out/production/classes:/home/seban649/.gradle/caches/modules-2/files-2.1/org.lwjgl/lwjgl-assimp/3.2.0/c399181a0725dcc3b3edcc6116da7f724c6ad1c6/lwjgl-assimp-3.2.0.jar:/home/seban649/.gradle/caches/modules-2/files-2.1/org.lwjgl/lwjgl-assimp/3.2.0/e36e88b2c8cfae5393b4e7006d9ab926c73e2f9d/lwjgl-assimp-3.2.0-natives-linux.jar:/home/seban649/.gradle/caches/modules-2/files-2.1/org.lwjgl/lwjgl-bgfx/3.2.0/2ee6f1ea8332a3959e54c8387432efbe3d252fbb/lwjgl-bgfx-3.2.0.jar:/home/seban649/.gradle/caches/modules-2/files-2.1/org.lwjgl/lwjgl-bgfx/3.2.0/94189c46ca51a2a49423ccd1d401515ca5257882/lwjgl-bgfx-3.2.0-natives-linux.jar:/home/seban649/.gradle/caches/modules-2/files-2.1/org.lwjgl/lwjgl-egl/3.2.0/78c862f42f3d1a38f98ed82f0c641c98a1950ae0/lwjgl-egl-3.2.0.jar:/home/seban649/.gradle/caches/modules-2/files-2.1/org.lwjgl/lwjgl-glfw/3.2.0/9ff0ed06de0a1d83dd182f2ead48ac4c90865c44/lwjgl-glfw-3.2.0.jar:/home/seban649/.gradle/caches/modules-2/files-2.1/org.lwjgl/lwjgl-glfw/3.2.0/2d270a9146ae47e929f5b6295eeb4e51a5ff577b/lwjgl-glfw-3.2.0-natives-linux.jar:/home/seban649/.gradle/caches/modules-2/files-2.1/org.lwjgl/lwjgl-jawt
Launcher Type: SUN_STANDARD

Environment Variables:
JAVA_HOME=/sw/jdk8/
CLASSPATH=/sw/intelliJ-17.3.2/lib/bootstrap.jar:/sw/intelliJ-17.3.2/lib/extensions.jar:/sw/intelliJ-17.3.2/lib/util.jar:/sw/intelliJ-17.3.2/lib/jdom.jar:/sw/intelliJ-17.3.2/lib/log4j.jar:/sw/intelliJ-17.3.2/lib/trove4j.jar:/sw/intelliJ-17.3.2/lib/jna.jar:/sw/intelliJ-17.3.2/jre64/lib/tools.jar
PATH=/usr/local/bin:/bin:/usr/bin:/sw/local/bin:/usr/games:.:/opt/thinlinc/bin:/usr/local/cuda/bin:/usr/local/cuda/nvvm/bin:/usr/local/cuda/bin:/usr/local/cuda/nvvm/bin
USERNAME=seban649
LD_LIBRARY_PATH=:/usr/local/cuda/lib64:/usr/local/cuda/nvvm/lib64:/usr/local/cuda/lib64:/usr/local/cuda/nvvm/lib64
SHELL=/bin/bash
DISPLAY=:0.0
OSTYPE=linux-gnu

Signal Handlers:
SIGSEGV: [libjvm.so+0xac5b30], sa_mask[0]=11111111011111111101111111111110, sa_flags=SA_RESTART|SA_SIGINFO
SIGBUS: [libjvm.so+0xac5b30], sa_mask[0]=11111111011111111101111111111110, sa_flags=SA_RESTART|SA_SIGINFO
SIGFPE: [libjvm.so+0x91f470], sa_mask[0]=11111111011111111101111111111110, sa_flags=SA_RESTART|SA_SIGINFO
SIGPIPE: [libjvm.so+0x91f470], sa_mask[0]=11111111011111111101111111111110, sa_flags=SA_RESTART|SA_SIGINFO
SIGXFSZ: [libjvm.so+0x91f470], sa_mask[0]=11111111011111111101111111111110, sa_flags=SA_RESTART|SA_SIGINFO
SIGILL: [libjvm.so+0x91f470], sa_mask[0]=11111111011111111101111111111110, sa_flags=SA_RESTART|SA_SIGINFO
SIGUSR1: SIG_DFL, sa_mask[0]=00000000000000000000000000000000, sa_flags=none
SIGUSR2: [libjvm.so+0x920aa0], sa_mask[0]=00100000000000000000000000000000, sa_flags=SA_RESTART|SA_SIGINFO
SIGHUP: [libjvm.so+0x921ea0], sa_mask[0]=11111111011111111101111111111110, sa_flags=SA_RESTART|SA_SIGINFO
SIGINT: [libjvm.so+0x921ea0], sa_mask[0]=11111111011111111101111111111110, sa_flags=SA_RESTART|SA_SIGINFO
SIGTERM: [libjvm.so+0x921ea0], sa_mask[0]=11111111011111111101111111111110, sa_flags=SA_RESTART|SA_SIGINFO
SIGQUIT: [libjvm.so+0x921ea0], sa_mask[0]=11111111011111111101111111111110, sa_flags=SA_RESTART|SA_SIGINFO


---------------  S Y S T E M  ---------------

OS:DISTRIB_ID=LinuxMint
DISTRIB_RELEASE=17.3
DISTRIB_CODENAME=rosa
DISTRIB_DESCRIPTION="Linux Mint 17.3 Rosa"

uname:Linux 4.4.0-138-generic #164~14.04.1-Ubuntu SMP Fri Oct 5 08:56:16 UTC 2018 x86_64
libc:glibc 2.19 NPTL 2.19 
rlimit: STACK 8192k, CORE 0k, NPROC 31497, NOFILE 4096, AS infinity
load average:0,88 0,67 0,66

/proc/meminfo:
MemTotal:        8091100 kB
MemFree:          749088 kB
MemAvailable:    4298676 kB
Buffers:          510520 kB
Cached:          2521264 kB
SwapCached:            0 kB
Active:          5129904 kB
Inactive:        1158664 kB
Active(anon):    3259084 kB
Inactive(anon):    58320 kB
Active(file):    1870820 kB
Inactive(file):  1100344 kB
Unevictable:           0 kB
Mlocked:               0 kB
SwapTotal:             0 kB
SwapFree:              0 kB
Dirty:             19144 kB
Writeback:             0 kB
AnonPages:       3256784 kB
Mapped:           410676 kB
Shmem:             60624 kB
Slab:             930256 kB
SReclaimable:     884352 kB
SUnreclaim:        45904 kB
KernelStack:       11200 kB
PageTables:        28936 kB
NFS_Unstable:         12 kB
Bounce:                0 kB
WritebackTmp:          0 kB
CommitLimit:     4045548 kB
Committed_AS:    5590180 kB
VmallocTotal:   34359738367 kB
VmallocUsed:           0 kB
VmallocChunk:          0 kB
HardwareCorrupted:     0 kB
AnonHugePages:         0 kB
CmaTotal:              0 kB
CmaFree:               0 kB
HugePages_Total:       0
HugePages_Free:        0
HugePages_Rsvd:        0
HugePages_Surp:        0
Hugepagesize:       2048 kB
DirectMap4k:      223232 kB
DirectMap2M:     5984256 kB
DirectMap1G:     4194304 kB


CPU:total 4 (4 cores per cpu, 1 threads per core) family 6 model 45 stepping 7, cmov, cx8, fxsr, mmx, sse, sse2, sse3, ssse3, sse4.1, sse4.2, popcnt, avx, aes, clmul, tsc, tscinvbit, tscinv

/proc/cpuinfo:
processor	: 0
vendor_id	: GenuineIntel
cpu family	: 6
model		: 45
model name	: Intel(R) Xeon(R) CPU E5-1607 0 @ 3.00GHz
stepping	: 7
microcode	: 0x714
cpu MHz		: 3000.000
cache size	: 10240 KB
physical id	: 0
siblings	: 4
core id		: 0
cpu cores	: 4
apicid		: 0
initial apicid	: 0
fpu		: yes
fpu_exception	: yes
cpuid level	: 13
wp		: yes
flags		: fpu vme de pse tsc msr pae mce cx8 apic sep mtrr pge mca cmov pat pse36 clflush dts acpi mmx fxsr sse sse2 ss ht tm pbe syscall nx pdpe1gb rdtscp lm constant_tsc arch_perfmon pebs bts rep_good nopl xtopology nonstop_tsc aperfmperf pni pclmulqdq dtes64 monitor ds_cpl vmx smx est tm2 ssse3 cx16 xtpr pdcm pcid dca sse4_1 sse4_2 x2apic popcnt tsc_deadline_timer aes xsave avx lahf_lm epb ssbd ibrs ibpb stibp kaiser tpr_shadow vnmi flexpriority ept vpid xsaveopt dtherm arat pln pts flush_l1d
bugs		: cpu_meltdown spectre_v1 spectre_v2 spec_store_bypass l1tf
bogomips	: 5985.39
clflush size	: 64
cache_alignment	: 64
address sizes	: 46 bits physical, 48 bits virtual
power management:

processor	: 1
vendor_id	: GenuineIntel
cpu family	: 6
model		: 45
model name	: Intel(R) Xeon(R) CPU E5-1607 0 @ 3.00GHz
stepping	: 7
microcode	: 0x714
cpu MHz		: 2999.882
cache size	: 10240 KB
physical id	: 0
siblings	: 4
core id		: 1
cpu cores	: 4
apicid		: 2
initial apicid	: 2
fpu		: yes
fpu_exception	: yes
cpuid level	: 13
wp		: yes
flags		: fpu vme de pse tsc msr pae mce cx8 apic sep mtrr pge mca cmov pat pse36 clflush dts acpi mmx fxsr sse sse2 ss ht tm pbe syscall nx pdpe1gb rdtscp lm constant_tsc arch_perfmon pebs bts rep_good nopl xtopology nonstop_tsc aperfmperf pni pclmulqdq dtes64 monitor ds_cpl vmx smx est tm2 ssse3 cx16 xtpr pdcm pcid dca sse4_1 sse4_2 x2apic popcnt tsc_deadline_timer aes xsave avx lahf_lm epb ssbd ibrs ibpb stibp kaiser tpr_shadow vnmi flexpriority ept vpid xsaveopt dtherm arat pln pts flush_l1d
bugs		: cpu_meltdown spectre_v1 spectre_v2 spec_store_bypass l1tf
bogomips	: 5985.39
clflush size	: 64
cache_alignment	: 64
address sizes	: 46 bits physical, 48 bits virtual
power management:

processor	: 2
vendor_id	: GenuineIntel
cpu family	: 6
model		: 45
model name	: Intel(R) Xeon(R) CPU E5-1607 0 @ 3.00GHz
stepping	: 7
microcode	: 0x714
cpu MHz		: 2999.882
cache size	: 10240 KB
physical id	: 0
siblings	: 4
core id		: 2
cpu cores	: 4
apicid		: 4
initial apicid	: 4
fpu		: yes
fpu_exception	: yes
cpuid level	: 13
wp		: yes
flags		: fpu vme de pse tsc msr pae mce cx8 apic sep mtrr pge mca cmov pat pse36 clflush dts acpi mmx fxsr sse sse2 ss ht tm pbe syscall nx pdpe1gb rdtscp lm constant_tsc arch_perfmon pebs bts rep_good nopl xtopology nonstop_tsc aperfmperf pni pclmulqdq dtes64 monitor ds_cpl vmx smx est tm2 ssse3 cx16 xtpr pdcm pcid dca sse4_1 sse4_2 x2apic popcnt tsc_deadline_timer aes xsave avx lahf_lm epb ssbd ibrs ibpb stibp kaiser tpr_shadow vnmi flexpriority ept vpid xsaveopt dtherm arat pln pts flush_l1d
bugs		: cpu_meltdown spectre_v1 spectre_v2 spec_store_bypass l1tf
bogomips	: 5985.39
clflush size	: 64
cache_alignment	: 64
address sizes	: 46 bits physical, 48 bits virtual
power management:

processor	: 3
vendor_id	: GenuineIntel
cpu family	: 6
model		: 45
model name	: Intel(R) Xeon(R) CPU E5-1607 0 @ 3.00GHz
stepping	: 7
microcode	: 0x714
cpu MHz		: 2999.882
cache size	: 10240 KB
physical id	: 0
siblings	: 4
core id		: 3
cpu cores	: 4
apicid		: 6
initial apicid	: 6
fpu		: yes
fpu_exception	: yes
cpuid level	: 13
wp		: yes
flags		: fpu vme de pse tsc msr pae mce cx8 apic sep mtrr pge mca cmov pat pse36 clflush dts acpi mmx fxsr sse sse2 ss ht tm pbe syscall nx pdpe1gb rdtscp lm constant_tsc arch_perfmon pebs bts rep_good nopl xtopology nonstop_tsc aperfmperf pni pclmulqdq dtes64 monitor ds_cpl vmx smx est tm2 ssse3 cx16 xtpr pdcm pcid dca sse4_1 sse4_2 x2apic popcnt tsc_deadline_timer aes xsave avx lahf_lm epb ssbd ibrs ibpb stibp kaiser tpr_shadow vnmi flexpriority ept vpid xsaveopt dtherm arat pln pts flush_l1d
bugs		: cpu_meltdown spectre_v1 spectre_v2 spec_store_bypass l1tf
bogomips	: 5985.39
clflush size	: 64
cache_alignment	: 64
address sizes	: 46 bits physical, 48 bits virtual
power management:



Memory: 4k page, physical 8091100k(749088k free), swap 0k(0k free)

vm_info: Java HotSpot(TM) 64-Bit Server VM (25.102-b14) for linux-amd64 JRE (1.8.0_102-b14), built on Jun 22 2016 18:43:17 by "java_re" with gcc 4.3.0 20080428 (Red Hat 4.3.0-8)

time: Fri Nov  9 14:53:47 2018
elapsed time: 1 seconds (0d 0h 0m 1s)

