#
# A fatal error has been detected by the Java Runtime Environment:
#
#  SIGSEGV (0xb) at pc=0x00007f6cd9d13220, pid=10731, tid=0x00007f6d041cc700
#
# JRE version: Java(TM) SE Runtime Environment (8.0_102-b14) (build 1.8.0_102-b14)
# Java VM: Java HotSpot(TM) 64-Bit Server VM (25.102-b14 mixed mode linux-amd64 compressed oops)
# Problematic frame:
# C  [libnvidia-glcore.so.410.72+0xe7b220]
#
# Failed to write core dump. Core dumps have been disabled. To enable core dumping, try "ulimit -c unlimited" before starting Java again
#
# If you would like to submit a bug report, please visit:
#   http://bugreport.java.com/bugreport/crash.jsp
# The crash happened outside the Java Virtual Machine in native code.
# See problematic frame for where to report the bug.
#

---------------  T H R E A D  ---------------

Current thread (0x00007f6cfc00d000):  JavaThread "main" [_thread_in_native, id=10732, stack(0x00007f6d040cc000,0x00007f6d041cd000)]

siginfo: si_signo: 11 (SIGSEGV), si_code: 1 (SEGV_MAPERR), si_addr: 0x0000000000000000

Registers:
RAX=0x00007f6cfe0e23e8, RBX=0x00007f6cfe0e20e8, RCX=0x00000000000009c7, RDX=0x0000000000000010
RSP=0x00007f6d041cb2e8, RBP=0x00007f6cfc913860, RSI=0x0000000000000000, RDI=0x00007f6cd8ba7988
R8 =0x00007f6cd8ba7988, R9 =0x00000000000009c7, R10=0x0000000000000000, R11=0x0000000000000000
R12=0x00007f6cfe0e26f0, R13=0x00007f6cfc8caaa0, R14=0x00007f6cfc8caa90, R15=0x00007f6ce50dca50
RIP=0x00007f6cd9d13220, EFLAGS=0x0000000000010246, CSGSFS=0x0000000000000033, ERR=0x0000000000000004
  TRAPNO=0x000000000000000e

Top of Stack: (sp=0x00007f6d041cb2e8)
0x00007f6d041cb2e8:   00007f6cd9de4873 01007f6d041cb50f
0x00007f6d041cb2f8:   0000000000000000 0000000000000000
0x00007f6d041cb308:   00000000009398e0 00000000000009c7
0x00007f6d041cb318:   00000000418ef000 00007f6cd8ba7988
0x00007f6d041cb328:   00007f6cd9d13210 0000000100cc75f8
0x00007f6d041cb338:   00007f6cfe0e20e8 0000000000000000
0x00007f6d041cb348:   00007f6cd98718fe 00007f6cfe0e3600
0x00007f6d041cb358:   00000001d9c22f04 0000000000000000
0x00007f6d041cb368:   00007f6cfe0e23e8 00007f6cfc9de848
0x00007f6d041cb378:   0000000000000000 0000000000000004
0x00007f6d041cb388:   1080000000000000 0000000000000004
0x00007f6d041cb398:   1080000000000000 00007f6cfc00d980
0x00007f6d041cb3a8:   00007f6cfc8caaa0 00000000418ef000
0x00007f6d041cb3b8:   00007f6cfe0e26f0 00007f6cfc8caaa0
0x00007f6d041cb3c8:   00007f6cfc8caa90 0000000041945a28
0x00007f6d041cb3d8:   00007f6cd9de9194 00007f6d041cb4ac
0x00007f6d041cb3e8:   00007f6d041cb4a8 0000140500000000
0x00007f6d041cb3f8:   ffffffff00003a38 0000000400000000
0x00007f6d041cb408:   00000000418ef1f8 00007f6cfc913860
0x00007f6d041cb418:   00007f6d041cb3c0 0000000000000001
0x00007f6d041cb428:   00007f6d041cc700 0000000000000000
0x00007f6d041cb438:   00007f6cfc00d000 0000000000000004
0x00007f6d041cb448:   00007f6cfe0e26f0 00000000418ef000
0x00007f6d041cb458:   00007f6cfc8caaa0 00007f6cfc8caa90
0x00007f6d041cb468:   00007f6cfc913860 0000000000000000
0x00007f6d041cb478:   00007f6cd9de9d8f 0000000000000001
0x00007f6d041cb488:   00007f6d041cc700 00007f6d041cb4b0
0x00007f6d041cb498:   00007f6cfc00d000 00007f6d041cb530
0x00007f6d041cb4a8:   00000000000009c7 00007f6c418ef001
0x00007f6d041cb4b8:   00000000418ef000 00000000419398a0
0x00007f6d041cb4c8:   0000000000000004 0000000000001405
0x00007f6d041cb4d8:   0000000000000010 0000000000000000 

Instructions: (pc=0x00007f6cd9d13220)
0x00007f6cd9d13200:   d0 48 8d 44 07 0c c3 90 90 90 90 90 90 90 90 90
0x00007f6cd9d13210:   48 63 d2 49 89 f8 41 89 c9 0f 1f 80 00 00 00 00
0x00007f6cd9d13220:   8b 06 41 89 00 8b 46 04 41 89 40 04 8b 46 08 41
0x00007f6cd9d13230:   89 40 08 8b 46 0c 48 01 d6 41 89 40 0c 49 83 c0 

Register to memory mapping:

RAX=0x00007f6cfe0e23e8 is an unknown value
RBX=0x00007f6cfe0e20e8 is an unknown value
RCX=0x00000000000009c7 is an unknown value
RDX=0x0000000000000010 is an unknown value
RSP=0x00007f6d041cb2e8 is pointing into the stack for thread: 0x00007f6cfc00d000
RBP=0x00007f6cfc913860 is an unknown value
RSI=0x0000000000000000 is an unknown value
RDI=0x00007f6cd8ba7988 is an unknown value
R8 =0x00007f6cd8ba7988 is an unknown value
R9 =0x00000000000009c7 is an unknown value
R10=0x0000000000000000 is an unknown value
R11=0x0000000000000000 is an unknown value
R12=0x00007f6cfe0e26f0 is an unknown value
R13=0x00007f6cfc8caaa0 is an unknown value
R14=0x00007f6cfc8caa90 is an unknown value
R15=0x00007f6ce50dca50 is an unknown value


Stack: [0x00007f6d040cc000,0x00007f6d041cd000],  sp=0x00007f6d041cb2e8,  free space=1020k
Native frames: (J=compiled Java code, j=interpreted, Vv=VM code, C=native code)
C  [libnvidia-glcore.so.410.72+0xe7b220]

Java frames: (J=compiled Java code, j=interpreted, Vv=VM code)
j  org.lwjgl.opengl.GL11C.nglDrawElements(IIIJ)V+0
j  org.lwjgl.opengl.GL11C.glDrawElements(IIIJ)V+4
j  org.lwjgl.opengl.GL11.glDrawElements(IIIJ)V+4
j  engine.model.Model.draw(Lengine/Camera;Lengine/Transform;)V+51
j  engine.GameObject.draw(Lengine/Camera;)V+20
j  engine.ObjectScene.draw()V+32
j  HelloWorld.loop()V+91
j  HelloWorld.run()V+37
j  HelloWorld.main([Ljava/lang/String;)V+7
v  ~StubRoutines::call_stub

---------------  P R O C E S S  ---------------

Java Threads: ( => current thread )
  0x00007f6cfc46a800 JavaThread "Service Thread" daemon [_thread_blocked, id=10758, stack(0x00007f6ce6290000,0x00007f6ce6391000)]
  0x00007f6cfc445800 JavaThread "C1 CompilerThread2" daemon [_thread_blocked, id=10757, stack(0x00007f6ce6391000,0x00007f6ce6492000)]
  0x00007f6cfc442000 JavaThread "C2 CompilerThread1" daemon [_thread_in_native, id=10756, stack(0x00007f6ce6492000,0x00007f6ce6593000)]
  0x00007f6cfc440000 JavaThread "C2 CompilerThread0" daemon [_thread_in_native, id=10755, stack(0x00007f6ce6593000,0x00007f6ce6694000)]
  0x00007f6cfc43b800 JavaThread "Monitor Ctrl-Break" daemon [_thread_in_native, id=10754, stack(0x00007f6ce6694000,0x00007f6ce6795000)]
  0x00007f6cfc181800 JavaThread "Signal Dispatcher" daemon [_thread_blocked, id=10753, stack(0x00007f6ce6795000,0x00007f6ce6896000)]
  0x00007f6cfc14e800 JavaThread "Finalizer" daemon [_thread_blocked, id=10746, stack(0x00007f6ce77f8000,0x00007f6ce78f9000)]
  0x00007f6cfc149800 JavaThread "Reference Handler" daemon [_thread_blocked, id=10745, stack(0x00007f6ce78f9000,0x00007f6ce79fa000)]
=>0x00007f6cfc00d000 JavaThread "main" [_thread_in_native, id=10732, stack(0x00007f6d040cc000,0x00007f6d041cd000)]

Other Threads:
  0x00007f6cfc142000 VMThread [stack: 0x00007f6ce79fa000,0x00007f6ce7afb000] [id=10744]
  0x00007f6cfc46f800 WatcherThread [stack: 0x00007f6ce5f78000,0x00007f6ce6079000] [id=10759]

VM state:not at safepoint (normal execution)

VM Mutex/Monitor currently owned by a thread: None

Heap:
 PSYoungGen      total 36864K, used 20555K [0x00000000d6d80000, 0x00000000d9680000, 0x0000000100000000)
  eden space 31744K, 50% used [0x00000000d6d80000,0x00000000d7d00178,0x00000000d8c80000)
  from space 5120K, 91% used [0x00000000d8c80000,0x00000000d9112ab0,0x00000000d9180000)
  to   space 5120K, 0% used [0x00000000d9180000,0x00000000d9180000,0x00000000d9680000)
 ParOldGen       total 84992K, used 0K [0x0000000084800000, 0x0000000089b00000, 0x00000000d6d80000)
  object space 84992K, 0% used [0x0000000084800000,0x0000000084800000,0x0000000089b00000)
 Metaspace       used 11140K, capacity 11397K, committed 11520K, reserved 1060864K
  class space    used 860K, capacity 935K, committed 1024K, reserved 1048576K

Card table byte_map: [0x00007f6d010e8000,0x00007f6d014c5000] byte_map_base: 0x00007f6d00cc4000

Marking Bits: (ParMarkBitMap*) 0x00007f6d035b5c60
 Begin Bits: [0x00007f6ce1240000, 0x00007f6ce3120000)
 End Bits:   [0x00007f6ce3120000, 0x00007f6ce5000000)

Polling page: 0x00007f6d04204000

CodeCache: size=245760Kb used=3484Kb max_used=3498Kb free=242275Kb
 bounds [0x00007f6ced000000, 0x00007f6ced370000, 0x00007f6cfc000000]
 total_blobs=1730 nmethods=812 adapters=832
 compilation: enabled

Compilation events (10 events):
Event: 1,330 Thread 0x00007f6cfc442000 nmethod 811 0x00007f6ced366c50 code [0x00007f6ced366de0, 0x00007f6ced367438]
Event: 1,330 Thread 0x00007f6cfc442000  818       4       java.util.AbstractCollection::toArray (147 bytes)
Event: 1,335 Thread 0x00007f6cfc445800  822       2       java.nio.Buffer::<init> (121 bytes)
Event: 1,336 Thread 0x00007f6cfc445800 nmethod 822 0x00007f6ced365c50 code [0x00007f6ced365e80, 0x00007f6ced366608]
Event: 1,345 Thread 0x00007f6cfc445800  823   !   2       java.util.zip.ZipFile::getInflater (56 bytes)
Event: 1,346 Thread 0x00007f6cfc445800 nmethod 823 0x00007f6ced361a90 code [0x00007f6ced361c40, 0x00007f6ced3623b8]
Event: 1,346 Thread 0x00007f6cfc445800  824       2       java.util.zip.InflaterInputStream::<init> (79 bytes)
Event: 1,346 Thread 0x00007f6cfc445800 nmethod 824 0x00007f6ced356c50 code [0x00007f6ced356de0, 0x00007f6ced3572d8]
Event: 1,346 Thread 0x00007f6cfc445800  825       2       java.lang.ClassNotFoundException::<init> (7 bytes)
Event: 1,346 Thread 0x00007f6cfc445800 nmethod 825 0x00007f6ced3567d0 code [0x00007f6ced356940, 0x00007f6ced356ac8]

GC Heap History (2 events):
Event: 1,188 GC heap before
{Heap before GC invocations=1 (full 0):
 PSYoungGen      total 36864K, used 31744K [0x00000000d6d80000, 0x00000000d9680000, 0x0000000100000000)
  eden space 31744K, 100% used [0x00000000d6d80000,0x00000000d8c80000,0x00000000d8c80000)
  from space 5120K, 0% used [0x00000000d9180000,0x00000000d9180000,0x00000000d9680000)
  to   space 5120K, 0% used [0x00000000d8c80000,0x00000000d8c80000,0x00000000d9180000)
 ParOldGen       total 84992K, used 0K [0x0000000084800000, 0x0000000089b00000, 0x00000000d6d80000)
  object space 84992K, 0% used [0x0000000084800000,0x0000000084800000,0x0000000089b00000)
 Metaspace       used 10873K, capacity 11141K, committed 11264K, reserved 1058816K
  class space    used 856K, capacity 935K, committed 1024K, reserved 1048576K
Event: 1,196 GC heap after
Heap after GC invocations=1 (full 0):
 PSYoungGen      total 36864K, used 4682K [0x00000000d6d80000, 0x00000000d9680000, 0x0000000100000000)
  eden space 31744K, 0% used [0x00000000d6d80000,0x00000000d6d80000,0x00000000d8c80000)
  from space 5120K, 91% used [0x00000000d8c80000,0x00000000d9112ab0,0x00000000d9180000)
  to   space 5120K, 0% used [0x00000000d9180000,0x00000000d9180000,0x00000000d9680000)
 ParOldGen       total 84992K, used 0K [0x0000000084800000, 0x0000000089b00000, 0x00000000d6d80000)
  object space 84992K, 0% used [0x0000000084800000,0x0000000084800000,0x0000000089b00000)
 Metaspace       used 10873K, capacity 11141K, committed 11264K, reserved 1058816K
  class space    used 856K, capacity 935K, committed 1024K, reserved 1048576K
}

Deoptimization events (10 events):
Event: 0,382 Thread 0x00007f6cfc00d000 Uncommon trap: reason=unstable_if action=reinterpret pc=0x00007f6ced16b54c method=java.lang.String.indexOf([CII[CIII)I @ 3
Event: 0,438 Thread 0x00007f6cfc00d000 Uncommon trap: reason=unstable_if action=reinterpret pc=0x00007f6ced22a840 method=java.util.HashMap.getNode(ILjava/lang/Object;)Ljava/util/HashMap$Node; @ 116
Event: 0,446 Thread 0x00007f6cfc00d000 Uncommon trap: reason=unstable_if action=reinterpret pc=0x00007f6ced1f9f34 method=java.util.HashMap.getNode(ILjava/lang/Object;)Ljava/util/HashMap$Node; @ 116
Event: 0,666 Thread 0x00007f6cfc00d000 Uncommon trap: reason=unstable_if action=reinterpret pc=0x00007f6ced1e9a84 method=java.lang.String.replace(CC)Ljava/lang/String; @ 26
Event: 1,233 Thread 0x00007f6cfc00d000 Uncommon trap: reason=unstable_if action=reinterpret pc=0x00007f6ced34f610 method=java.io.BufferedReader.readLine(Z)Ljava/lang/String; @ 192
Event: 1,296 Thread 0x00007f6cfc00d000 Uncommon trap: reason=predicate action=maybe_recompile pc=0x00007f6ced3606e4 method=java.util.AbstractCollection.toArray([Ljava/lang/Object;)[Ljava/lang/Object; @ 49
Event: 1,318 Thread 0x00007f6cfc00d000 Uncommon trap: reason=array_check action=maybe_recompile pc=0x00007f6ced367f1c method=java.util.AbstractCollection.toArray([Ljava/lang/Object;)[Ljava/lang/Object; @ 119
Event: 1,318 Thread 0x00007f6cfc00d000 Uncommon trap: reason=array_check action=maybe_recompile pc=0x00007f6ced367f1c method=java.util.AbstractCollection.toArray([Ljava/lang/Object;)[Ljava/lang/Object; @ 119
Event: 1,318 Thread 0x00007f6cfc00d000 Uncommon trap: reason=array_check action=maybe_recompile pc=0x00007f6ced367f1c method=java.util.AbstractCollection.toArray([Ljava/lang/Object;)[Ljava/lang/Object; @ 119
Event: 1,318 Thread 0x00007f6cfc00d000 Uncommon trap: reason=array_check action=maybe_recompile pc=0x00007f6ced367f1c method=java.util.AbstractCollection.toArray([Ljava/lang/Object;)[Ljava/lang/Object; @ 119

Internal exceptions (10 events):
Event: 1,050 Thread 0x00007f6cfc00d000 Exception <a 'java/security/PrivilegedActionException'> (0x00000000d880c090) thrown at [/HUDSON3/workspace/8-2-build-linux-amd64/jdk8u102/7268/hotspot/src/share/vm/prims/jvm.cpp, line 1386]
Event: 1,050 Thread 0x00007f6cfc00d000 Exception <a 'java/security/PrivilegedActionException'> (0x00000000d880c2a0) thrown at [/HUDSON3/workspace/8-2-build-linux-amd64/jdk8u102/7268/hotspot/src/share/vm/prims/jvm.cpp, line 1386]
Event: 1,050 Thread 0x00007f6cfc00d000 Exception <a 'java/security/PrivilegedActionException'> (0x00000000d8810660) thrown at [/HUDSON3/workspace/8-2-build-linux-amd64/jdk8u102/7268/hotspot/src/share/vm/prims/jvm.cpp, line 1386]
Event: 1,050 Thread 0x00007f6cfc00d000 Exception <a 'java/security/PrivilegedActionException'> (0x00000000d8810870) thrown at [/HUDSON3/workspace/8-2-build-linux-amd64/jdk8u102/7268/hotspot/src/share/vm/prims/jvm.cpp, line 1386]
Event: 1,161 Thread 0x00007f6cfc00d000 Exception <a 'java/security/PrivilegedActionException'> (0x00000000d8c5f128) thrown at [/HUDSON3/workspace/8-2-build-linux-amd64/jdk8u102/7268/hotspot/src/share/vm/prims/jvm.cpp, line 1386]
Event: 1,161 Thread 0x00007f6cfc00d000 Exception <a 'java/security/PrivilegedActionException'> (0x00000000d8c5f338) thrown at [/HUDSON3/workspace/8-2-build-linux-amd64/jdk8u102/7268/hotspot/src/share/vm/prims/jvm.cpp, line 1386]
Event: 1,161 Thread 0x00007f6cfc00d000 Exception <a 'java/security/PrivilegedActionException'> (0x00000000d8c60d90) thrown at [/HUDSON3/workspace/8-2-build-linux-amd64/jdk8u102/7268/hotspot/src/share/vm/prims/jvm.cpp, line 1386]
Event: 1,161 Thread 0x00007f6cfc00d000 Exception <a 'java/security/PrivilegedActionException'> (0x00000000d8c60fa0) thrown at [/HUDSON3/workspace/8-2-build-linux-amd64/jdk8u102/7268/hotspot/src/share/vm/prims/jvm.cpp, line 1386]
Event: 1,162 Thread 0x00007f6cfc00d000 Exception <a 'java/security/PrivilegedActionException'> (0x00000000d8c65360) thrown at [/HUDSON3/workspace/8-2-build-linux-amd64/jdk8u102/7268/hotspot/src/share/vm/prims/jvm.cpp, line 1386]
Event: 1,162 Thread 0x00007f6cfc00d000 Exception <a 'java/security/PrivilegedActionException'> (0x00000000d8c65570) thrown at [/HUDSON3/workspace/8-2-build-linux-amd64/jdk8u102/7268/hotspot/src/share/vm/prims/jvm.cpp, line 1386]

Events (10 events):
Event: 1,345 loading class org/lwjgl/opengl/GL15C
Event: 1,345 loading class org/lwjgl/opengl/GL15C done
Event: 1,346 loading class org/lwjgl/opengl/GL14C
Event: 1,346 loading class org/lwjgl/opengl/GL14C done
Event: 1,346 loading class org/lwjgl/opengl/GL13C
Event: 1,346 loading class org/lwjgl/opengl/GL13C done
Event: 1,346 loading class org/lwjgl/opengl/GL12C
Event: 1,346 loading class org/lwjgl/opengl/GL12C done
Event: 1,350 loading class engine/GameObject
Event: 1,350 loading class engine/GameObject done


Dynamic libraries:
00400000-00401000 r-xp 00000000 00:53 857797                             /sw/jdk1.8.0_102/bin/java
00600000-00601000 rw-p 00000000 00:53 857797                             /sw/jdk1.8.0_102/bin/java
01319000-0133a000 rw-p 00000000 00:00 0                                  [heap]
40008000-4000a000 r-xs 00000000 08:01 1446267                            /tmp/.glv6KRS0 (deleted)
418ef000-4199d000 rw-p 00000000 00:00 0 
84800000-89b00000 rw-p 00000000 00:00 0 
89b00000-d6d80000 ---p 00000000 00:00 0 
d6d80000-d9680000 rw-p 00000000 00:00 0 
d9680000-100000000 ---p 00000000 00:00 0 
100000000-100100000 rw-p 00000000 00:00 0 
100100000-140000000 ---p 00000000 00:00 0 
7f6ca4000000-7f6ca4021000 rw-p 00000000 00:00 0 
7f6ca4021000-7f6ca8000000 ---p 00000000 00:00 0 
7f6cac000000-7f6cac3be000 rw-p 00000000 00:00 0 
7f6cac3be000-7f6cb0000000 ---p 00000000 00:00 0 
7f6cb0000000-7f6cb0021000 rw-p 00000000 00:00 0 
7f6cb0021000-7f6cb4000000 ---p 00000000 00:00 0 
7f6cb4000000-7f6cb47f3000 rw-p 00000000 00:00 0 
7f6cb47f3000-7f6cb8000000 ---p 00000000 00:00 0 
7f6cb8000000-7f6cb82ad000 rw-p 00000000 00:00 0 
7f6cb82ad000-7f6cbc000000 ---p 00000000 00:00 0 
7f6cbc000000-7f6cbc021000 rw-p 00000000 00:00 0 
7f6cbc021000-7f6cc0000000 ---p 00000000 00:00 0 
7f6cc0000000-7f6cc0037000 rw-p 00000000 00:00 0 
7f6cc0037000-7f6cc4000000 ---p 00000000 00:00 0 
7f6cc4000000-7f6cc4021000 rw-p 00000000 00:00 0 
7f6cc4021000-7f6cc8000000 ---p 00000000 00:00 0 
7f6cc8000000-7f6cc8021000 rw-p 00000000 00:00 0 
7f6cc8021000-7f6ccc000000 ---p 00000000 00:00 0 
7f6ccc000000-7f6ccc021000 rw-p 00000000 00:00 0 
7f6ccc021000-7f6cd0000000 ---p 00000000 00:00 0 
7f6cd0000000-7f6cd0021000 rw-p 00000000 00:00 0 
7f6cd0021000-7f6cd4000000 ---p 00000000 00:00 0 
7f6cd4000000-7f6cd4021000 rw-p 00000000 00:00 0 
7f6cd4021000-7f6cd8000000 ---p 00000000 00:00 0 
7f6cd82b1000-7f6cd82f1000 rw-p 00000000 00:00 0 
7f6cd82f1000-7f6cd84b1000 ---p 00000000 00:00 0 
7f6cd84b1000-7f6cd88b2000 rw-p 00000000 00:00 0 
7f6cd88b2000-7f6cd8909000 r-xp 00000000 08:01 1580332                    /tmp/lwjglseban649/3.2.0-build-12/liblwjgl_opengl.so
7f6cd8909000-7f6cd8b08000 ---p 00057000 08:01 1580332                    /tmp/lwjglseban649/3.2.0-build-12/liblwjgl_opengl.so
7f6cd8b08000-7f6cd8b09000 r--p 00056000 08:01 1580332                    /tmp/lwjglseban649/3.2.0-build-12/liblwjgl_opengl.so
7f6cd8b09000-7f6cd8b0a000 rw-p 00057000 08:01 1580332                    /tmp/lwjglseban649/3.2.0-build-12/liblwjgl_opengl.so
7f6cd8b0a000-7f6cd8b8a000 rw-s 00000000 00:06 488                        /dev/nvidiactl
7f6cd8b8a000-7f6cd8c8a000 rw-s 00000000 00:06 488                        /dev/nvidiactl
7f6cd8c8a000-7f6cd8c97000 r-xp 00000000 08:01 9846460                    /usr/lib/x86_64-linux-gnu/libdrm.so.2.4.0
7f6cd8c97000-7f6cd8e96000 ---p 0000d000 08:01 9846460                    /usr/lib/x86_64-linux-gnu/libdrm.so.2.4.0
7f6cd8e96000-7f6cd8e97000 r--p 0000c000 08:01 9846460                    /usr/lib/x86_64-linux-gnu/libdrm.so.2.4.0
7f6cd8e97000-7f6cd8e98000 rw-p 0000d000 08:01 9846460                    /usr/lib/x86_64-linux-gnu/libdrm.so.2.4.0
7f6cd8e98000-7f6cda032000 r-xp 00000000 08:01 9972661                    /usr/lib/nvidia-410/libnvidia-glcore.so.410.72
7f6cda032000-7f6cda053000 rwxp 0119a000 08:01 9972661                    /usr/lib/nvidia-410/libnvidia-glcore.so.410.72
7f6cda053000-7f6cda541000 r-xp 011bb000 08:01 9972661                    /usr/lib/nvidia-410/libnvidia-glcore.so.410.72
7f6cda541000-7f6cda741000 ---p 016a9000 08:01 9972661                    /usr/lib/nvidia-410/libnvidia-glcore.so.410.72
7f6cda741000-7f6cdaa5c000 rw-p 016a9000 08:01 9972661                    /usr/lib/nvidia-410/libnvidia-glcore.so.410.72
7f6cdaa5c000-7f6cdaa73000 rw-p 00000000 00:00 0 
7f6cdaa73000-7f6cdaa76000 r-xp 00000000 08:01 9972658                    /usr/lib/nvidia-410/tls/libnvidia-tls.so.410.72
7f6cdaa76000-7f6cdac76000 ---p 00003000 08:01 9972658                    /usr/lib/nvidia-410/tls/libnvidia-tls.so.410.72
7f6cdac76000-7f6cdac77000 rw-p 00003000 08:01 9972658                    /usr/lib/nvidia-410/tls/libnvidia-tls.so.410.72
7f6cdac77000-7f6cdad40000 r-xp 00000000 08:01 9972631                    /usr/lib/nvidia-410/libGL.so.410.72
7f6cdad40000-7f6cdad75000 rwxp 000c9000 08:01 9972631                    /usr/lib/nvidia-410/libGL.so.410.72
7f6cdad75000-7f6cdad89000 r-xp 000fe000 08:01 9972631                    /usr/lib/nvidia-410/libGL.so.410.72
7f6cdad89000-7f6cdaf88000 ---p 00112000 08:01 9972631                    /usr/lib/nvidia-410/libGL.so.410.72
7f6cdaf88000-7f6cdafad000 rw-p 00111000 08:01 9972631                    /usr/lib/nvidia-410/libGL.so.410.72
7f6cdafad000-7f6cdafb5000 rw-p 00000000 00:00 0 
7f6cdafb5000-7f6cdafb6000 r-xp 00000000 08:01 9834877                    /usr/lib/x86_64-linux-gnu/libX11-xcb.so.1.0.0
7f6cdafb6000-7f6cdb1b5000 ---p 00001000 08:01 9834877                    /usr/lib/x86_64-linux-gnu/libX11-xcb.so.1.0.0
7f6cdb1b5000-7f6cdb1b6000 r--p 00000000 08:01 9834877                    /usr/lib/x86_64-linux-gnu/libX11-xcb.so.1.0.0
7f6cdb1b6000-7f6cdb1b7000 rw-p 00001000 08:01 9834877                    /usr/lib/x86_64-linux-gnu/libX11-xcb.so.1.0.0
7f6cdb1b7000-7f6cdb1b9000 r-xp 00000000 08:01 9835238                    /usr/lib/x86_64-linux-gnu/libXinerama.so.1.0.0
7f6cdb1b9000-7f6cdb3b8000 ---p 00002000 08:01 9835238                    /usr/lib/x86_64-linux-gnu/libXinerama.so.1.0.0
7f6cdb3b8000-7f6cdb3b9000 r--p 00001000 08:01 9835238                    /usr/lib/x86_64-linux-gnu/libXinerama.so.1.0.0
7f6cdb3b9000-7f6cdb3ba000 rw-p 00002000 08:01 9835238                    /usr/lib/x86_64-linux-gnu/libXinerama.so.1.0.0
7f6cdb3ba000-7f6cdb3bf000 r-xp 00000000 08:01 9835156                    /usr/lib/x86_64-linux-gnu/libXfixes.so.3.1.0
7f6cdb3bf000-7f6cdb5be000 ---p 00005000 08:01 9835156                    /usr/lib/x86_64-linux-gnu/libXfixes.so.3.1.0
7f6cdb5be000-7f6cdb5bf000 r--p 00004000 08:01 9835156                    /usr/lib/x86_64-linux-gnu/libXfixes.so.3.1.0
7f6cdb5bf000-7f6cdb5c0000 rw-p 00005000 08:01 9835156                    /usr/lib/x86_64-linux-gnu/libXfixes.so.3.1.0
7f6cdb5c0000-7f6cdb5c9000 r-xp 00000000 08:01 9830919                    /usr/lib/x86_64-linux-gnu/libXcursor.so.1.0.2
7f6cdb5c9000-7f6cdb7c8000 ---p 00009000 08:01 9830919                    /usr/lib/x86_64-linux-gnu/libXcursor.so.1.0.2
7f6cdb7c8000-7f6cdb7c9000 r--p 00008000 08:01 9830919                    /usr/lib/x86_64-linux-gnu/libXcursor.so.1.0.2
7f6cdb7c9000-7f6cdb7ca000 rw-p 00009000 08:01 9830919                    /usr/lib/x86_64-linux-gnu/libXcursor.so.1.0.2
7f6cdb7ca000-7f6cdb7d3000 r-xp 00000000 08:01 9835125                    /usr/lib/x86_64-linux-gnu/libXrender.so.1.3.0
7f6cdb7d3000-7f6cdb9d2000 ---p 00009000 08:01 9835125                    /usr/lib/x86_64-linux-gnu/libXrender.so.1.3.0
7f6cdb9d2000-7f6cdb9d3000 r--p 00008000 08:01 9835125                    /usr/lib/x86_64-linux-gnu/libXrender.so.1.3.0
7f6cdb9d3000-7f6cdb9d4000 rw-p 00009000 08:01 9835125                    /usr/lib/x86_64-linux-gnu/libXrender.so.1.3.0
7f6cdb9d4000-7f6cdb9dd000 r-xp 00000000 08:01 9835174                    /usr/lib/x86_64-linux-gnu/libXrandr.so.2.2.0
7f6cdb9dd000-7f6cdbbdc000 ---p 00009000 08:01 9835174                    /usr/lib/x86_64-linux-gnu/libXrandr.so.2.2.0
7f6cdbbdc000-7f6cdbbdd000 r--p 00008000 08:01 9835174                    /usr/lib/x86_64-linux-gnu/libXrandr.so.2.2.0
7f6cdbbdd000-7f6cdbbde000 rw-p 00009000 08:01 9835174                    /usr/lib/x86_64-linux-gnu/libXrandr.so.2.2.0
7f6cdbbde000-7f6cdbbed000 r-xp 00000000 08:01 9835236                    /usr/lib/x86_64-linux-gnu/libXi.so.6.1.0
7f6cdbbed000-7f6cdbdec000 ---p 0000f000 08:01 9835236                    /usr/lib/x86_64-linux-gnu/libXi.so.6.1.0
7f6cdbdec000-7f6cdbded000 r--p 0000e000 08:01 9835236                    /usr/lib/x86_64-linux-gnu/libXi.so.6.1.0
7f6cdbded000-7f6cdbdee000 rw-p 0000f000 08:01 9835236                    /usr/lib/x86_64-linux-gnu/libXi.so.6.1.0
7f6cdbdee000-7f6cdbdff000 r-xp 00000000 08:01 9834982                    /usr/lib/x86_64-linux-gnu/libXext.so.6.4.0
7f6cdbdff000-7f6cdbffe000 ---p 00011000 08:01 9834982                    /usr/lib/x86_64-linux-gnu/libXext.so.6.4.0
7f6cdbffe000-7f6cdbfff000 r--p 00010000 08:01 9834982                    /usr/lib/x86_64-linux-gnu/libXext.so.6.4.0
7f6cdbfff000-7f6cdc000000 rw-p 00011000 08:01 9834982                    /usr/lib/x86_64-linux-gnu/libXext.so.6.4.0
7f6cdc000000-7f6cdc021000 rw-p 00000000 00:00 0 
7f6cdc021000-7f6ce0000000 ---p 00000000 00:00 0 
7f6ce0037000-7f6ce003b000 r-xp 00000000 08:01 9835187                    /usr/lib/x86_64-linux-gnu/libXxf86vm.so.1.0.0
7f6ce003b000-7f6ce023b000 ---p 00004000 08:01 9835187                    /usr/lib/x86_64-linux-gnu/libXxf86vm.so.1.0.0
7f6ce023b000-7f6ce023c000 r--p 00004000 08:01 9835187                    /usr/lib/x86_64-linux-gnu/libXxf86vm.so.1.0.0
7f6ce023c000-7f6ce023d000 rw-p 00005000 08:01 9835187                    /usr/lib/x86_64-linux-gnu/libXxf86vm.so.1.0.0
7f6ce023d000-7f6ce0242000 r-xp 00000000 08:01 9834974                    /usr/lib/x86_64-linux-gnu/libXdmcp.so.6.0.0
7f6ce0242000-7f6ce0441000 ---p 00005000 08:01 9834974                    /usr/lib/x86_64-linux-gnu/libXdmcp.so.6.0.0
7f6ce0441000-7f6ce0442000 r--p 00004000 08:01 9834974                    /usr/lib/x86_64-linux-gnu/libXdmcp.so.6.0.0
7f6ce0442000-7f6ce0443000 rw-p 00005000 08:01 9834974                    /usr/lib/x86_64-linux-gnu/libXdmcp.so.6.0.0
7f6ce0443000-7f6ce0445000 r-xp 00000000 08:01 9834972                    /usr/lib/x86_64-linux-gnu/libXau.so.6.0.0
7f6ce0445000-7f6ce0645000 ---p 00002000 08:01 9834972                    /usr/lib/x86_64-linux-gnu/libXau.so.6.0.0
7f6ce0645000-7f6ce0646000 r--p 00002000 08:01 9834972                    /usr/lib/x86_64-linux-gnu/libXau.so.6.0.0
7f6ce0646000-7f6ce0647000 rw-p 00003000 08:01 9834972                    /usr/lib/x86_64-linux-gnu/libXau.so.6.0.0
7f6ce0647000-7f6ce0664000 r-xp 00000000 08:01 9834976                    /usr/lib/x86_64-linux-gnu/libxcb.so.1.1.0
7f6ce0664000-7f6ce0864000 ---p 0001d000 08:01 9834976                    /usr/lib/x86_64-linux-gnu/libxcb.so.1.1.0
7f6ce0864000-7f6ce0865000 r--p 0001d000 08:01 9834976                    /usr/lib/x86_64-linux-gnu/libxcb.so.1.1.0
7f6ce0865000-7f6ce0866000 rw-p 0001e000 08:01 9834976                    /usr/lib/x86_64-linux-gnu/libxcb.so.1.1.0
7f6ce0866000-7f6ce0996000 r-xp 00000000 08:01 9834978                    /usr/lib/x86_64-linux-gnu/libX11.so.6.3.0
7f6ce0996000-7f6ce0b96000 ---p 00130000 08:01 9834978                    /usr/lib/x86_64-linux-gnu/libX11.so.6.3.0
7f6ce0b96000-7f6ce0b97000 r--p 00130000 08:01 9834978                    /usr/lib/x86_64-linux-gnu/libX11.so.6.3.0
7f6ce0b97000-7f6ce0b9b000 rw-p 00131000 08:01 9834978                    /usr/lib/x86_64-linux-gnu/libX11.so.6.3.0
7f6ce0b9b000-7f6ce0bdd000 r-xp 00000000 08:01 1580331                    /tmp/lwjglseban649/3.2.0-build-12/libglfw.so
7f6ce0bdd000-7f6ce0ddc000 ---p 00042000 08:01 1580331                    /tmp/lwjglseban649/3.2.0-build-12/libglfw.so
7f6ce0ddc000-7f6ce0ddd000 r--p 00041000 08:01 1580331                    /tmp/lwjglseban649/3.2.0-build-12/libglfw.so
7f6ce0ddd000-7f6ce0ddf000 rw-p 00042000 08:01 1580331                    /tmp/lwjglseban649/3.2.0-build-12/libglfw.so
7f6ce0ddf000-7f6ce0e00000 rw-p 00000000 00:00 0 
7f6ce0e00000-7f6ce1200000 rw-p 00000000 00:00 0 
7f6ce1240000-7f6ce5000000 rw-p 00000000 00:00 0 
7f6ce507b000-7f6ce50fb000 rw-s 00000000 00:06 488                        /dev/nvidiactl
7f6ce50fb000-7f6ce5200000 rw-s 00000000 00:06 488                        /dev/nvidiactl
7f6ce5200000-7f6ce5600000 rw-p 00000000 00:00 0 
7f6ce560d000-7f6ce562d000 rw-p 00000000 00:00 0 
7f6ce562d000-7f6ce56ad000 rw-s 00000000 00:06 488                        /dev/nvidiactl
7f6ce56ad000-7f6ce56f9000 r-xp 00000000 08:01 1580330                    /tmp/lwjglseban649/3.2.0-build-12/libjemalloc.so
7f6ce56f9000-7f6ce58f9000 ---p 0004c000 08:01 1580330                    /tmp/lwjglseban649/3.2.0-build-12/libjemalloc.so
7f6ce58f9000-7f6ce58fe000 r--p 0004c000 08:01 1580330                    /tmp/lwjglseban649/3.2.0-build-12/libjemalloc.so
7f6ce58fe000-7f6ce58ff000 rw-p 00051000 08:01 1580330                    /tmp/lwjglseban649/3.2.0-build-12/libjemalloc.so
7f6ce58ff000-7f6ce5b0e000 rw-p 00000000 00:00 0 
7f6ce5b0e000-7f6ce5b66000 r-xp 00000000 08:01 1580329                    /tmp/lwjglseban649/3.2.0-build-12/liblwjgl.so
7f6ce5b66000-7f6ce5d65000 ---p 00058000 08:01 1580329                    /tmp/lwjglseban649/3.2.0-build-12/liblwjgl.so
7f6ce5d65000-7f6ce5d66000 r--p 00057000 08:01 1580329                    /tmp/lwjglseban649/3.2.0-build-12/liblwjgl.so
7f6ce5d66000-7f6ce5d67000 rw-p 00058000 08:01 1580329                    /tmp/lwjglseban649/3.2.0-build-12/liblwjgl.so
7f6ce5d67000-7f6ce5d78000 r-xp 00000000 00:53 857906                     /sw/jdk1.8.0_102/jre/lib/amd64/libnio.so
7f6ce5d78000-7f6ce5f77000 ---p 00011000 00:53 857906                     /sw/jdk1.8.0_102/jre/lib/amd64/libnio.so
7f6ce5f77000-7f6ce5f78000 rw-p 00010000 00:53 857906                     /sw/jdk1.8.0_102/jre/lib/amd64/libnio.so
7f6ce5f78000-7f6ce5f79000 ---p 00000000 00:00 0 
7f6ce5f79000-7f6ce6079000 rw-p 00000000 00:00 0 
7f6ce6079000-7f6ce608f000 r-xp 00000000 00:53 857881                     /sw/jdk1.8.0_102/jre/lib/amd64/libnet.so
7f6ce608f000-7f6ce628f000 ---p 00016000 00:53 857881                     /sw/jdk1.8.0_102/jre/lib/amd64/libnet.so
7f6ce628f000-7f6ce6290000 rw-p 00016000 00:53 857881                     /sw/jdk1.8.0_102/jre/lib/amd64/libnet.so
7f6ce6290000-7f6ce6293000 ---p 00000000 00:00 0 
7f6ce6293000-7f6ce6391000 rw-p 00000000 00:00 0 
7f6ce6391000-7f6ce6394000 ---p 00000000 00:00 0 
7f6ce6394000-7f6ce6492000 rw-p 00000000 00:00 0 
7f6ce6492000-7f6ce6495000 ---p 00000000 00:00 0 
7f6ce6495000-7f6ce6593000 rw-p 00000000 00:00 0 
7f6ce6593000-7f6ce6596000 ---p 00000000 00:00 0 
7f6ce6596000-7f6ce6694000 rw-p 00000000 00:00 0 
7f6ce6694000-7f6ce6697000 ---p 00000000 00:00 0 
7f6ce6697000-7f6ce6795000 rw-p 00000000 00:00 0 
7f6ce6795000-7f6ce6798000 ---p 00000000 00:00 0 
7f6ce6798000-7f6ce6896000 rw-p 00000000 00:00 0 
7f6ce6896000-7f6ce77f8000 r--p 00000000 08:01 9857298                    /usr/lib/locale/locale-archive
7f6ce77f8000-7f6ce77fb000 ---p 00000000 00:00 0 
7f6ce77fb000-7f6ce78f9000 rw-p 00000000 00:00 0 
7f6ce78f9000-7f6ce78fc000 ---p 00000000 00:00 0 
7f6ce78fc000-7f6ce79fa000 rw-p 00000000 00:00 0 
7f6ce79fa000-7f6ce79fb000 ---p 00000000 00:00 0 
7f6ce79fb000-7f6ce8000000 rw-p 00000000 00:00 0 
7f6ce8000000-7f6ce8021000 rw-p 00000000 00:00 0 
7f6ce8021000-7f6cec000000 ---p 00000000 00:00 0 
7f6cec003000-7f6cec004000 rw-p 00000000 00:00 0 
7f6cec004000-7f6cec006000 rw-s 00000000 08:01 1446267                    /tmp/.glv6KRS0 (deleted)
7f6cec006000-7f6cec019000 rw-s 00000000 00:06 488                        /dev/nvidiactl
7f6cec019000-7f6cec039000 rw-s 00000000 00:06 489                        /dev/nvidia0
7f6cec039000-7f6cec079000 rw-s 00000000 00:06 488                        /dev/nvidiactl
7f6cec079000-7f6cec099000 rw-s 00000000 00:06 488                        /dev/nvidiactl
7f6cec099000-7f6cec0d9000 rw-s 00000000 00:06 488                        /dev/nvidiactl
7f6cec0d9000-7f6cec0f9000 rw-s 00000000 00:06 488                        /dev/nvidiactl
7f6cec0f9000-7f6ced000000 rw-p 00000000 00:00 0 
7f6ced000000-7f6ced370000 rwxp 00000000 00:00 0 
7f6ced370000-7f6cfc000000 ---p 00000000 00:00 0 
7f6cfc000000-7f6cfe107000 rw-p 00000000 00:00 0 
7f6cfe107000-7f6d00000000 ---p 00000000 00:00 0 
7f6d00000000-7f6d00001000 r-xp 00000000 00:00 0 
7f6d00001000-7f6d00002000 rw-s 00000000 00:06 488                        /dev/nvidiactl
7f6d00002000-7f6d00006000 rw-s 00000000 00:06 488                        /dev/nvidiactl
7f6d00006000-7f6d00007000 rw-s 00000000 00:06 489                        /dev/nvidia0
7f6d00007000-7f6d00008000 rw-s 00000000 00:06 489                        /dev/nvidia0
7f6d00008000-7f6d00009000 rw-s 00000000 00:06 488                        /dev/nvidiactl
7f6d00009000-7f6d0000a000 rw-s 00000000 00:06 488                        /dev/nvidiactl
7f6d0000a000-7f6d00011000 r--s 00000000 08:01 9844102                    /usr/lib/x86_64-linux-gnu/gconv/gconv-modules.cache
7f6d00011000-7f6d00012000 r-xp 00000000 00:00 0 
7f6d00012000-7f6d00016000 r--s 00097000 00:53 857825                     /sw/jdk1.8.0_102/jre/lib/jsse.jar
7f6d00016000-7f6d00020000 r--s 00116000 00:53 857961                     /sw/jdk1.8.0_102/jre/lib/ext/localedata.jar
7f6d00020000-7f6d00022000 r--s 0001a000 00:53 1645765                    /sw/intelliJ-17.3.2/lib/idea_rt.jar
7f6d00022000-7f6d00025000 r--s 00095000 00:52 8060354                    /home/seban649/.gradle/caches/modules-2/files-2.1/org.joml/joml/1.9.11/6ba5510277562a75a6a63c36c8265c68a6b0f4b/joml-1.9.11.jar
7f6d00025000-7f6d00026000 r--s 00014000 00:52 8060346                    /home/seban649/.gradle/caches/modules-2/files-2.1/org.lwjgl/lwjgl/3.2.0/4c23e3f9ae657a52bddfa1c92d1b0ba770259eed/lwjgl-3.2.0-natives-linux.jar
7f6d00026000-7f6d0002b000 r--s 00048000 00:52 8060350                    /home/seban649/.gradle/caches/modules-2/files-2.1/org.lwjgl/lwjgl/3.2.0/7723544dc3fc740f0ee59cce9a3a0cecc8681747/lwjgl-3.2.0.jar
7f6d0002b000-7f6d0002c000 r--s 00030000 00:52 8060348                    /home/seban649/.gradle/caches/modules-2/files-2.1/org.lwjgl/lwjgl-zstd/3.2.0/48cf907fa25df8ae9e929976259a1c04ef728307/lwjgl-zstd-3.2.0-natives-linux.jar
7f6d0002c000-7f6d0002e000 r--s 0000a000 00:52 8060340                    /home/seban649/.gradle/caches/modules-2/files-2.1/org.lwjgl/lwjgl-zstd/3.2.0/db20308ceaa924afb6e39963b4a275d683cf6f04/lwjgl-zstd-3.2.0.jar
7f6d0002e000-7f6d0002f000 r--s 0000d000 00:52 8060344                    /home/seban649/.gradle/caches/modules-2/files-2.1/org.lwjgl/lwjgl-yoga/3.2.0/a93b82d14fe96b3b37fc56f0a45f47c565cdff41/lwjgl-yoga-3.2.0-natives-linux.jar
7f6d0002f000-7f6d00031000 r--s 0000d000 00:52 8060342                    /home/seban649/.gradle/caches/modules-2/files-2.1/org.lwjgl/lwjgl-yoga/3.2.0/d566fc16dea950e35fb56930c3bb779fc29750f5/lwjgl-yoga-3.2.0.jar
7f6d00031000-7f6d00032000 r--s 00001000 00:52 8060334                    /home/seban649/.gradle/caches/modules-2/files-2.1/org.lwjgl/lwjgl-xxhash/3.2.0/ff4ebba2ea3c041f223afaa6946e5ab92ce6fb4a/lwjgl-xxhash-3.2.0-natives-linux.jar
7f6d00032000-7f6d00033000 r--s 00005000 00:52 8060336                    /home/seban649/.gradle/caches/modules-2/files-2.1/org.lwjgl/lwjgl-xxhash/3.2.0/7033c2821517c8f02155802c4b3e601fe08ca713/lwjgl-xxhash-3.2.0.jar
7f6d00033000-7f6d0004b000 r--s 001b8000 00:52 8060338                    /home/seban649/.gradle/caches/modules-2/files-2.1/org.lwjgl/lwjgl-vulkan/3.2.0/944fee3e63dc148f4bf523553bf0fac1c8b36048/lwjgl-vulkan-3.2.0.jar
7f6d0004b000-7f6d0004c000 r--s 00009000 00:52 8060335                    /home/seban649/.gradle/caches/modules-2/files-2.1/org.lwjgl/lwjgl-vma/3.2.0/11977e3529069b4294b8b8ec330686325285734c/lwjgl-vma-3.2.0-natives-linux.jar
7f6d0004c000-7f6d0004e000 r--s 0000c000 00:52 8060332                    /home/seban649/.gradle/caches/modules-2/files-2.1/org.lwjgl/lwjgl-vma/3.2.0/c5572eddf2f07bd334e2f45830990529b7a7ecfb/lwjgl-vma-3.2.0.jar
7f6d0004e000-7f6d0004f000 r--s 0000d000 00:52 8060330                    /home/seban649/.gradle/caches/modules-2/files-2.1/org.lwjgl/lwjgl-tootle/3.2.0/372433239141c0a2afeca8ec2fbf8f55a5e85d5c/lwjgl-tootle-3.2.0-natives-linux.jar
7f6d0004f000-7f6d00050000 r--s 00001000 00:52 8060326                    /home/seban649/.gradle/caches/modules-2/files-2.1/org.lwjgl/lwjgl-tootle/3.2.0/ea40d6f06334fe8badc788006f0f725b0d423efd/lwjgl-tootle-3.2.0.jar
7f6d00050000-7f6d00051000 r--s 00009000 00:52 8060328                    /home/seban649/.gradle/caches/modules-2/files-2.1/org.lwjgl/lwjgl-tinyfd/3.2.0/4120536e3301f92b845b494aeaa6292b0b80e9b0/lwjgl-tinyfd-3.2.0-natives-linux.jar
7f6d00051000-7f6d00052000 r--s 00001000 00:52 8060318                    /home/seban649/.gradle/caches/modules-2/files-2.1/org.lwjgl/lwjgl-tinyfd/3.2.0/b9be54e6f401699aa2ccb9325c6146bc9524bff8/lwjgl-tinyfd-3.2.0.jar
7f6d00052000-7f6d00054000 r--s 0000d000 00:52 8060322                    /home/seban649/.gradle/caches/modules-2/files-2.1/org.lwjgl/lwjgl-tinyexr/3.2.0/8edb03cedd317f4fd93406b68dbe0ab7b2c1c95b/lwjgl-tinyexr-3.2.0-natives-linux.jar
7f6d00054000-7f6d00055000 r--s 0000a000 00:52 8060320                    /home/seban649/.gradle/caches/modules-2/files-2.1/org.lwjgl/lwjgl-tinyexr/3.2.0/7d9451d37dea54863e93634211c988bfb037ea54/lwjgl-tinyexr-3.2.0.jar
7f6d00055000-7f6d00056000 r--s 00030000 00:52 8060324                    /home/seban649/.gradle/caches/modules-2/files-2.1/org.lwjgl/lwjgl-stb/3.2.0/1ea72c3849ca94669a9dafe69e8acc7f22fe3925/lwjgl-stb-3.2.0-natives-linux.jar
7f6d00056000-7f6d00058000 r--s 00018000 00:52 8060316                    /home/seban649/.gradle/caches/modules-2/files-2.1/org.lwjgl/lwjgl-stb/3.2.0/cd60eafae0690e024fab99e9864a2ea8e56d86a8/lwjgl-stb-3.2.0.jar
7f6d00058000-7f6d00059000 r--s 00000000 00:52 8060314                    /home/seban649/.gradle/caches/modules-2/files-2.1/org.lwjgl/lwjgl-sse/3.2.0/b4f03b8fe2d1d04857682791dd3cc43895b095c8/lwjgl-sse-3.2.0-natives-linux.jar
7f6d00059000-7f6d0005b000 r--s 00000000 00:52 8060312                    /home/seban649/.gradle/caches/modules-2/files-2.1/org.lwjgl/lwjgl-sse/3.2.0/9fa4cee27e4e581d5128a09caaf86b36e5f9442b/lwjgl-sse-3.2.0.jar
7f6d0005b000-7f6d0005c000 r--s 00002000 00:52 8060310                    /home/seban649/.gradle/caches/modules-2/files-2.1/org.lwjgl/lwjgl-rpmalloc/3.2.0/3d4835f94671139169684677f8236868ee93e114/lwjgl-rpmalloc-3.2.0-natives-linux.jar
7f6d0005c000-7f6d0005e000 r--s 00004000 00:52 8060308                    /home/seban649/.gradle/caches/modules-2/files-2.1/org.lwjgl/lwjgl-rpmalloc/3.2.0/e0f33b725e154df311bb66780e580e1e10cf10f9/lwjgl-rpmalloc-3.2.0.jar
7f6d0005e000-7f6d0005f000 r--s 00006000 00:52 8060304                    /home/seban649/.gradle/caches/modules-2/files-2.1/org.lwjgl/lwjgl-remotery/3.2.0/ad8f887a109298642c1acd46e4158f11d7af6fe5/lwjgl-remotery-3.2.0-natives-linux.jar
7f6d0005f000-7f6d00060000 r--s 00005000 00:52 8060306                    /home/seban649/.gradle/caches/modules-2/files-2.1/org.lwjgl/lwjgl-remotery/3.2.0/b4cb7eb0b706ffe1f44bc4436cc06552637d5114/lwjgl-remotery-3.2.0.jar
7f6d00060000-7f6d00061000 r--s 00005000 00:52 8060302                    /home/seban649/.gradle/caches/modules-2/files-2.1/org.lwjgl/lwjgl-par/3.2.0/fd07b91ba71cb817765718d7fc6b7495d06c0fe0/lwjgl-par-3.2.0-natives-linux.jar
7f6d00061000-7f6d00062000 r--s 00002000 00:52 8060295                    /home/seban649/.gradle/caches/modules-2/files-2.1/org.lwjgl/lwjgl-par/3.2.0/e8dbde24f5cd8137b5080d5605c3f7a6c49d521e/lwjgl-par-3.2.0.jar
7f6d00062000-7f6d00063000 r--s 0001d000 00:52 8060297                    /home/seban649/.gradle/caches/modules-2/files-2.1/org.lwjgl/lwjgl-openvr/3.2.0/aec33f350a33d7e93c83ca4ffb276669a52178f3/lwjgl-openvr-3.2.0-natives-linux.jar
7f6d00063000-7f6d00068000 r--s 0005c000 00:52 8060293                    /home/seban649/.gradle/caches/modules-2/files-2.1/org.lwjgl/lwjgl-openvr/3.2.0/a7cea7269ed462ee1dcf74569644f236e0e5d39e/lwjgl-openvr-3.2.0.jar
7f6d00068000-7f6d00069000 r--s 00008000 00:52 8060290                    /home/seban649/.gradle/caches/modules-2/files-2.1/org.lwjgl/lwjgl-opengles/3.2.0/330e0c0aec3fe596dc9823605914c8f72a3f1b8f/lwjgl-opengles-3.2.0-natives-linux.jar
7f6d00069000-7f6d00070000 r--s 0004f000 00:52 8060291                    /home/seban649/.gradle/caches/modules-2/files-2.1/org.lwjgl/lwjgl-opengles/3.2.0/9c08765e673face8d9ce98146d339d44fdbc1d31/lwjgl-opengles-3.2.0.jar
7f6d00070000-7f6d00071000 r--s 00012000 00:52 7718995                    /home/seban649/.gradle/caches/modules-2/files-2.1/org.lwjgl/lwjgl-opengl/3.2.0/953ac48def909b1c67fc54299f5c403479ef8ac7/lwjgl-opengl-3.2.0-natives-linux.jar
7f6d00071000-7f6d0007c000 r--s 000d7000 00:52 8060288                    /home/seban649/.gradle/caches/modules-2/files-2.1/org.lwjgl/lwjgl-opengl/3.2.0/1c64c692473a70af297651d369debc93efa2e49f/lwjgl-opengl-3.2.0.jar
7f6d0007c000-7f6d0007f000 r--s 00027000 00:52 8060284                    /home/seban649/.gradle/caches/modules-2/files-2.1/org.lwjgl/lwjgl-opencl/3.2.0/9fcccf3c100dde0196f7bdc7b8553f9f5cf0b31/lwjgl-opencl-3.2.0.jar
7f6d0007f000-7f6d00080000 r--s 00073000 00:52 8060286                    /home/seban649/.gradle/caches/modules-2/files-2.1/org.lwjgl/lwjgl-openal/3.2.0/7eb647d77d7be270bd494548860befab223687ed/lwjgl-openal-3.2.0-natives-linux.jar
7f6d00080000-7f6d00083000 r--s 00011000 00:52 8060281                    /home/seban649/.gradle/caches/modules-2/files-2.1/org.lwjgl/lwjgl-openal/3.2.0/28174519523e11c2f3227359f242d48edfa76654/lwjgl-openal-3.2.0.jar
7f6d00083000-7f6d00085000 r--s 00015000 00:52 8060279                    /home/seban649/.gradle/caches/modules-2/files-2.1/org.lwjgl/lwjgl-odbc/3.2.0/9670ed9dbbb348e1ff41d7677a13896a291d17b0/lwjgl-odbc-3.2.0.jar
7f6d00085000-7f6d00086000 r--s 00025000 00:52 8060273                    /home/seban649/.gradle/caches/modules-2/files-2.1/org.lwjgl/lwjgl-nuklear/3.2.0/17540bbc8dcddea2d436fc49f51c51b9fb4d7d27/lwjgl-nuklear-3.2.0-natives-linux.jar
7f6d00086000-7f6d0008c000 r--s 00064000 00:52 8060277                    /home/seban649/.gradle/caches/modules-2/files-2.1/org.lwjgl/lwjgl-nuklear/3.2.0/45c0d59dff82211c78664903db27ed7268cc678a/lwjgl-nuklear-3.2.0.jar
7f6d0008c000-7f6d0008d000 r--s 00001000 00:52 8060271                    /home/seban649/.gradle/caches/modules-2/files-2.1/org.lwjgl/lwjgl-nfd/3.2.0/adb001201e866e6ef30160217ae491a7f1690c83/lwjgl-nfd-3.2.0-natives-linux.jar
7f6d0008d000-7f6d0008f000 r--s 00001000 00:52 8060263                    /home/seban649/.gradle/caches/modules-2/files-2.1/org.lwjgl/lwjgl-nfd/3.2.0/21b13f0fa86921f8112dec00a1437b2d7c96e67f/lwjgl-nfd-3.2.0.jar
7f6d0008f000-7f6d00090000 r--s 0002d000 00:52 8060269                    /home/seban649/.gradle/caches/modules-2/files-2.1/org.lwjgl/lwjgl-nanovg/3.2.0/8979f0bea3f542afd092690884695ba23bea89b1/lwjgl-nanovg-3.2.0-natives-linux.jar
7f6d00090000-7f6d00092000 r--s 0000e000 00:52 8060267                    /home/seban649/.gradle/caches/modules-2/files-2.1/org.lwjgl/lwjgl-nanovg/3.2.0/c5044864cd633fae04951291a2615215df25542b/lwjgl-nanovg-3.2.0.jar
7f6d00092000-7f6d00094000 r--s 0000e000 00:52 8060258                    /home/seban649/.gradle/caches/modules-2/files-2.1/org.lwjgl/lwjgl-lz4/3.2.0/ab02fdf6c86e044a786449050861d6a486372dc4/lwjgl-lz4-3.2.0-natives-linux.jar
7f6d00094000-7f6d00096000 r--s 0000b000 00:52 8060256                    /home/seban649/.gradle/caches/modules-2/files-2.1/org.lwjgl/lwjgl-lz4/3.2.0/ed9cd62f45765b7026b7898a6f2fe42292e2d15e/lwjgl-lz4-3.2.0.jar
7f6d00096000-7f6d00097000 r--s 0000e000 00:52 8060260                    /home/seban649/.gradle/caches/modules-2/files-2.1/org.lwjgl/lwjgl-lmdb/3.2.0/b620a1de843383a50c2cb970970688671927a610/lwjgl-lmdb-3.2.0-natives-linux.jar
7f6d00097000-7f6d00099000 r--s 00006000 00:52 8060250                    /home/seban649/.gradle/caches/modules-2/files-2.1/org.lwjgl/lwjgl-lmdb/3.2.0/f7dd5a61e0d63ea5185a3da7765c5baea9644074/lwjgl-lmdb-3.2.0.jar
7f6d00099000-7f6d0009a000 r--s 00022000 00:52 8060254                    /home/seban649/.gradle/caches/modules-2/files-2.1/org.lwjgl/lwjgl-jemalloc/3.2.0/f1c41f3a136237b32993d43d9157a42e017039e3/lwjgl-jemalloc-3.2.0-natives-linux.jar
7f6d0009a000-7f6d0009c000 r--s 00008000 00:52 8060252                    /home/seban649/.gradle/caches/modules-2/files-2.1/org.lwjgl/lwjgl-jemalloc/3.2.0/4bdf37d27b1ee9bd9ed789d44c9c7fb022f1c246/lwjgl-jemalloc-3.2.0.jar
7f6d0009c000-7f6d0009d000 r--s 00005000 00:52 8060243                    /home/seban649/.gradle/caches/modules-2/files-2.1/org.lwjgl/lwjgl-jawt/3.2.0/a5b9045217cdf5ed364d5f858ce983f9e553c13a/lwjgl-jawt-3.2.0.jar
7f6d0009d000-7f6d0009e000 r--s 00025000 00:52 8060245                    /home/seban649/.gradle/caches/modules-2/files-2.1/org.lwjgl/lwjgl-glfw/3.2.0/2d270a9146ae47e929f5b6295eeb4e51a5ff577b/lwjgl-glfw-3.2.0-natives-linux.jar
7f6d0009e000-7f6d000a2000 r--s 00019000 00:52 8060248                    /home/seban649/.gradle/caches/modules-2/files-2.1/org.lwjgl/lwjgl-glfw/3.2.0/9ff0ed06de0a1d83dd182f2ead48ac4c90865c44/lwjgl-glfw-3.2.0.jar
7f6d000a2000-7f6d000a6000 r--s 0001f000 00:52 8060352                    /home/seban649/.gradle/caches/modules-2/files-2.1/org.lwjgl/lwjgl-egl/3.2.0/78c862f42f3d1a38f98ed82f0c641c98a1950ae0/lwjgl-egl-3.2.0.jar
7f6d000a6000-7f6d000a7000 r--s 00050000 00:52 8060241                    /home/seban649/.gradle/caches/modules-2/files-2.1/org.lwjgl/lwjgl-bgfx/3.2.0/94189c46ca51a2a49423ccd1d401515ca5257882/lwjgl-bgfx-3.2.0-natives-linux.jar
7f6d000a7000-7f6d000ab000 r--s 00025000 00:52 8060236                    /home/seban649/.gradle/caches/modules-2/files-2.1/org.lwjgl/lwjgl-bgfx/3.2.0/2ee6f1ea8332a3959e54c8387432efbe3d252fbb/lwjgl-bgfx-3.2.0.jar
7f6d000ab000-7f6d000ac000 r--s 00322000 00:52 8060265                    /home/seban649/.gradle/caches/modules-2/files-2.1/org.lwjgl/lwjgl-assimp/3.2.0/e36e88b2c8cfae5393b4e7006d9ab926c73e2f9d/lwjgl-assimp-3.2.0-natives-linux.jar
7f6d000ac000-7f6d000af000 r--s 00030000 00:52 8060239                    /home/seban649/.gradle/caches/modules-2/files-2.1/org.lwjgl/lwjgl-assimp/3.2.0/c399181a0725dcc3b3edcc6116da7f724c6ad1c6/lwjgl-assimp-3.2.0.jar
7f6d000af000-7f6d000c2000 r--s 00345000 00:53 858105                     /sw/jdk1.8.0_102/jre/lib/resources.jar
7f6d000c2000-7f6d000d4000 r--s 000d6000 00:53 858104                     /sw/jdk1.8.0_102/jre/lib/plugin.jar
7f6d000d4000-7f6d000d5000 r--s 00000000 00:53 857952                     /sw/jdk1.8.0_102/jre/lib/management-agent.jar
7f6d000d5000-7f6d00427000 rw-p 00000000 00:00 0 
7f6d00427000-7f6d005ff000 r--s 03d29000 00:53 857873                     /sw/jdk1.8.0_102/jre/lib/rt.jar
7f6d005ff000-7f6d00a51000 rw-p 00000000 00:00 0 
7f6d00a51000-7f6d00a52000 ---p 00000000 00:00 0 
7f6d00a52000-7f6d00b52000 rw-p 00000000 00:00 0 
7f6d00b52000-7f6d00b53000 ---p 00000000 00:00 0 
7f6d00b53000-7f6d00c53000 rw-p 00000000 00:00 0 
7f6d00c53000-7f6d00c54000 ---p 00000000 00:00 0 
7f6d00c54000-7f6d00d54000 rw-p 00000000 00:00 0 
7f6d00d54000-7f6d00d55000 ---p 00000000 00:00 0 
7f6d00d55000-7f6d00e7f000 rw-p 00000000 00:00 0 
7f6d00e7f000-7f6d010e8000 ---p 00000000 00:00 0 
7f6d010e8000-7f6d01112000 rw-p 00000000 00:00 0 
7f6d01112000-7f6d0137a000 ---p 00000000 00:00 0 
7f6d0137a000-7f6d01390000 rw-p 00000000 00:00 0 
7f6d01390000-7f6d014c4000 ---p 00000000 00:00 0 
7f6d014c4000-7f6d014d3000 rw-p 00000000 00:00 0 
7f6d014d3000-7f6d01885000 ---p 00000000 00:00 0 
7f6d01885000-7f6d0189f000 r-xp 00000000 00:53 857904                     /sw/jdk1.8.0_102/jre/lib/amd64/libzip.so
7f6d0189f000-7f6d01a9f000 ---p 0001a000 00:53 857904                     /sw/jdk1.8.0_102/jre/lib/amd64/libzip.so
7f6d01a9f000-7f6d01aa0000 rw-p 0001a000 00:53 857904                     /sw/jdk1.8.0_102/jre/lib/amd64/libzip.so
7f6d01aa0000-7f6d01aaa000 r-xp 00000000 00:53 857942                     /sw/jdk1.8.0_102/jre/lib/amd64/libinstrument.so
7f6d01aaa000-7f6d01ca9000 ---p 0000a000 00:53 857942                     /sw/jdk1.8.0_102/jre/lib/amd64/libinstrument.so
7f6d01ca9000-7f6d01caa000 rw-p 00009000 00:53 857942                     /sw/jdk1.8.0_102/jre/lib/amd64/libinstrument.so
7f6d01caa000-7f6d01cd4000 r-xp 00000000 00:53 857931                     /sw/jdk1.8.0_102/jre/lib/amd64/libjava.so
7f6d01cd4000-7f6d01ed4000 ---p 0002a000 00:53 857931                     /sw/jdk1.8.0_102/jre/lib/amd64/libjava.so
7f6d01ed4000-7f6d01ed6000 rw-p 0002a000 00:53 857931                     /sw/jdk1.8.0_102/jre/lib/amd64/libjava.so
7f6d01ed6000-7f6d01ee3000 r-xp 00000000 00:53 857882                     /sw/jdk1.8.0_102/jre/lib/amd64/libverify.so
7f6d01ee3000-7f6d020e3000 ---p 0000d000 00:53 857882                     /sw/jdk1.8.0_102/jre/lib/amd64/libverify.so
7f6d020e3000-7f6d020e5000 rw-p 0000d000 00:53 857882                     /sw/jdk1.8.0_102/jre/lib/amd64/libverify.so
7f6d020e5000-7f6d020ec000 r-xp 00000000 08:01 4063640                    /lib/x86_64-linux-gnu/librt-2.19.so
7f6d020ec000-7f6d022eb000 ---p 00007000 08:01 4063640                    /lib/x86_64-linux-gnu/librt-2.19.so
7f6d022eb000-7f6d022ec000 r--p 00006000 08:01 4063640                    /lib/x86_64-linux-gnu/librt-2.19.so
7f6d022ec000-7f6d022ed000 rw-p 00007000 08:01 4063640                    /lib/x86_64-linux-gnu/librt-2.19.so
7f6d022ed000-7f6d023f2000 r-xp 00000000 08:01 4063633                    /lib/x86_64-linux-gnu/libm-2.19.so
7f6d023f2000-7f6d025f1000 ---p 00105000 08:01 4063633                    /lib/x86_64-linux-gnu/libm-2.19.so
7f6d025f1000-7f6d025f2000 r--p 00104000 08:01 4063633                    /lib/x86_64-linux-gnu/libm-2.19.so
7f6d025f2000-7f6d025f3000 rw-p 00105000 08:01 4063633                    /lib/x86_64-linux-gnu/libm-2.19.so
7f6d025f3000-7f6d032bf000 r-xp 00000000 00:53 857935                     /sw/jdk1.8.0_102/jre/lib/amd64/server/libjvm.so
7f6d032bf000-7f6d034bf000 ---p 00ccc000 00:53 857935                     /sw/jdk1.8.0_102/jre/lib/amd64/server/libjvm.so
7f6d034bf000-7f6d03598000 rw-p 00ccc000 00:53 857935                     /sw/jdk1.8.0_102/jre/lib/amd64/server/libjvm.so
7f6d03598000-7f6d035e3000 rw-p 00000000 00:00 0 
7f6d035e3000-7f6d037a1000 r-xp 00000000 08:01 4063647                    /lib/x86_64-linux-gnu/libc-2.19.so
7f6d037a1000-7f6d039a1000 ---p 001be000 08:01 4063647                    /lib/x86_64-linux-gnu/libc-2.19.so
7f6d039a1000-7f6d039a5000 r--p 001be000 08:01 4063647                    /lib/x86_64-linux-gnu/libc-2.19.so
7f6d039a5000-7f6d039a7000 rw-p 001c2000 08:01 4063647                    /lib/x86_64-linux-gnu/libc-2.19.so
7f6d039a7000-7f6d039ac000 rw-p 00000000 00:00 0 
7f6d039ac000-7f6d039af000 r-xp 00000000 08:01 4063643                    /lib/x86_64-linux-gnu/libdl-2.19.so
7f6d039af000-7f6d03bae000 ---p 00003000 08:01 4063643                    /lib/x86_64-linux-gnu/libdl-2.19.so
7f6d03bae000-7f6d03baf000 r--p 00002000 08:01 4063643                    /lib/x86_64-linux-gnu/libdl-2.19.so
7f6d03baf000-7f6d03bb0000 rw-p 00003000 08:01 4063643                    /lib/x86_64-linux-gnu/libdl-2.19.so
7f6d03bb0000-7f6d03bc5000 r-xp 00000000 00:53 857016                     /sw/jdk1.8.0_102/lib/amd64/jli/libjli.so
7f6d03bc5000-7f6d03dc5000 ---p 00015000 00:53 857016                     /sw/jdk1.8.0_102/lib/amd64/jli/libjli.so
7f6d03dc5000-7f6d03dc6000 rw-p 00015000 00:53 857016                     /sw/jdk1.8.0_102/lib/amd64/jli/libjli.so
7f6d03dc6000-7f6d03ddf000 r-xp 00000000 08:01 4063639                    /lib/x86_64-linux-gnu/libpthread-2.19.so
7f6d03ddf000-7f6d03fde000 ---p 00019000 08:01 4063639                    /lib/x86_64-linux-gnu/libpthread-2.19.so
7f6d03fde000-7f6d03fdf000 r--p 00018000 08:01 4063639                    /lib/x86_64-linux-gnu/libpthread-2.19.so
7f6d03fdf000-7f6d03fe0000 rw-p 00019000 08:01 4063639                    /lib/x86_64-linux-gnu/libpthread-2.19.so
7f6d03fe0000-7f6d03fe4000 rw-p 00000000 00:00 0 
7f6d03fe4000-7f6d04007000 r-xp 00000000 08:01 4063636                    /lib/x86_64-linux-gnu/ld-2.19.so
7f6d04007000-7f6d0400b000 r--s 00097000 00:53 857825                     /sw/jdk1.8.0_102/jre/lib/jsse.jar
7f6d0400b000-7f6d0400d000 r--s 00007000 00:53 857946                     /sw/jdk1.8.0_102/jre/lib/jfxswt.jar
7f6d0400d000-7f6d04012000 r--s 00084000 00:53 857980                     /sw/jdk1.8.0_102/jre/lib/jfr.jar
7f6d04012000-7f6d0401c000 r--s 0006c000 00:53 857988                     /sw/jdk1.8.0_102/jre/lib/javaws.jar
7f6d0401c000-7f6d04037000 r--s 00208000 00:53 857989                     /sw/jdk1.8.0_102/jre/lib/deploy.jar
7f6d04037000-7f6d0403c000 r--s 002f9000 00:53 857826                     /sw/jdk1.8.0_102/jre/lib/charsets.jar
7f6d0403c000-7f6d04097000 rw-p 00000000 00:00 0 
7f6d04097000-7f6d040cc000 r--s 00000000 08:01 13107341                   /var/cache/nscd/passwd
7f6d040cc000-7f6d040cf000 ---p 00000000 00:00 0 
7f6d040cf000-7f6d041d1000 rw-p 00000000 00:00 0 
7f6d041d1000-7f6d041d4000 r--s 0001a000 00:53 858135                     /sw/jdk1.8.0_102/jre/lib/jce.jar
7f6d041d4000-7f6d041fb000 rw-p 00000000 00:00 0 
7f6d041fb000-7f6d04203000 rw-s 00000000 08:01 1446263                    /tmp/hsperfdata_seban649/10731
7f6d04203000-7f6d04204000 rw-p 00000000 00:00 0 
7f6d04204000-7f6d04205000 r--p 00000000 00:00 0 
7f6d04205000-7f6d04206000 rw-p 00000000 00:00 0 
7f6d04206000-7f6d04207000 r--p 00022000 08:01 4063636                    /lib/x86_64-linux-gnu/ld-2.19.so
7f6d04207000-7f6d04208000 rw-p 00023000 08:01 4063636                    /lib/x86_64-linux-gnu/ld-2.19.so
7f6d04208000-7f6d04209000 rw-p 00000000 00:00 0 
7ffc5b7ab000-7ffc5b7cf000 rw-p 00000000 00:00 0                          [stack]
7ffc5b7f7000-7ffc5b7fa000 r--p 00000000 00:00 0                          [vvar]
7ffc5b7fa000-7ffc5b7fc000 r-xp 00000000 00:00 0                          [vdso]
ffffffffff600000-ffffffffff601000 r-xp 00000000 00:00 0                  [vsyscall]

VM Arguments:
jvm_args: -javaagent:/sw/intelliJ-17.3.2/lib/idea_rt.jar=38807:/sw/intelliJ-17.3.2/bin -Dfile.encoding=UTF-8 
java_command: HelloWorld
java_class_path (initial): /sw/jdk1.8.0_102/jre/lib/charsets.jar:/sw/jdk1.8.0_102/jre/lib/deploy.jar:/sw/jdk1.8.0_102/jre/lib/ext/cldrdata.jar:/sw/jdk1.8.0_102/jre/lib/ext/dnsns.jar:/sw/jdk1.8.0_102/jre/lib/ext/jaccess.jar:/sw/jdk1.8.0_102/jre/lib/ext/jfxrt.jar:/sw/jdk1.8.0_102/jre/lib/ext/localedata.jar:/sw/jdk1.8.0_102/jre/lib/ext/nashorn.jar:/sw/jdk1.8.0_102/jre/lib/ext/sunec.jar:/sw/jdk1.8.0_102/jre/lib/ext/sunjce_provider.jar:/sw/jdk1.8.0_102/jre/lib/ext/sunpkcs11.jar:/sw/jdk1.8.0_102/jre/lib/ext/zipfs.jar:/sw/jdk1.8.0_102/jre/lib/javaws.jar:/sw/jdk1.8.0_102/jre/lib/jce.jar:/sw/jdk1.8.0_102/jre/lib/jfr.jar:/sw/jdk1.8.0_102/jre/lib/jfxswt.jar:/sw/jdk1.8.0_102/jre/lib/jsse.jar:/sw/jdk1.8.0_102/jre/lib/management-agent.jar:/sw/jdk1.8.0_102/jre/lib/plugin.jar:/sw/jdk1.8.0_102/jre/lib/resources.jar:/sw/jdk1.8.0_102/jre/lib/rt.jar:/home/seban649/Documents/gits/OpenGLCandy/out/production/classes:/home/seban649/.gradle/caches/modules-2/files-2.1/org.lwjgl/lwjgl-assimp/3.2.0/c399181a0725dcc3b3edcc6116da7f724c6ad1c6/lwjgl-assimp-3.2.0.jar:/home/seban649/.gradle/caches/modules-2/files-2.1/org.lwjgl/lwjgl-assimp/3.2.0/e36e88b2c8cfae5393b4e7006d9ab926c73e2f9d/lwjgl-assimp-3.2.0-natives-linux.jar:/home/seban649/.gradle/caches/modules-2/files-2.1/org.lwjgl/lwjgl-bgfx/3.2.0/2ee6f1ea8332a3959e54c8387432efbe3d252fbb/lwjgl-bgfx-3.2.0.jar:/home/seban649/.gradle/caches/modules-2/files-2.1/org.lwjgl/lwjgl-bgfx/3.2.0/94189c46ca51a2a49423ccd1d401515ca5257882/lwjgl-bgfx-3.2.0-natives-linux.jar:/home/seban649/.gradle/caches/modules-2/files-2.1/org.lwjgl/lwjgl-egl/3.2.0/78c862f42f3d1a38f98ed82f0c641c98a1950ae0/lwjgl-egl-3.2.0.jar:/home/seban649/.gradle/caches/modules-2/files-2.1/org.lwjgl/lwjgl-glfw/3.2.0/9ff0ed06de0a1d83dd182f2ead48ac4c90865c44/lwjgl-glfw-3.2.0.jar:/home/seban649/.gradle/caches/modules-2/files-2.1/org.lwjgl/lwjgl-glfw/3.2.0/2d270a9146ae47e929f5b6295eeb4e51a5ff577b/lwjgl-glfw-3.2.0-natives-linux.jar:/home/seban649/.gradle/caches/modules-2/files-2.1/org.lwjgl/lwjgl-jawt
Launcher Type: SUN_STANDARD

Environment Variables:
JAVA_HOME=/sw/jdk8/
CLASSPATH=/sw/intelliJ-17.3.2/lib/bootstrap.jar:/sw/intelliJ-17.3.2/lib/extensions.jar:/sw/intelliJ-17.3.2/lib/util.jar:/sw/intelliJ-17.3.2/lib/jdom.jar:/sw/intelliJ-17.3.2/lib/log4j.jar:/sw/intelliJ-17.3.2/lib/trove4j.jar:/sw/intelliJ-17.3.2/lib/jna.jar:/sw/intelliJ-17.3.2/jre64/lib/tools.jar
PATH=/usr/local/bin:/bin:/usr/bin:/sw/local/bin:/usr/games:.:/opt/thinlinc/bin:/usr/local/cuda/bin:/usr/local/cuda/nvvm/bin:/usr/local/cuda/bin:/usr/local/cuda/nvvm/bin
USERNAME=seban649
LD_LIBRARY_PATH=:/usr/local/cuda/lib64:/usr/local/cuda/nvvm/lib64:/usr/local/cuda/lib64:/usr/local/cuda/nvvm/lib64
SHELL=/bin/bash
DISPLAY=:0.0
OSTYPE=linux-gnu

Signal Handlers:
SIGSEGV: [libjvm.so+0xac5b30], sa_mask[0]=11111111011111111101111111111110, sa_flags=SA_RESTART|SA_SIGINFO
SIGBUS: [libjvm.so+0xac5b30], sa_mask[0]=11111111011111111101111111111110, sa_flags=SA_RESTART|SA_SIGINFO
SIGFPE: [libjvm.so+0x91f470], sa_mask[0]=11111111011111111101111111111110, sa_flags=SA_RESTART|SA_SIGINFO
SIGPIPE: [libjvm.so+0x91f470], sa_mask[0]=11111111011111111101111111111110, sa_flags=SA_RESTART|SA_SIGINFO
SIGXFSZ: [libjvm.so+0x91f470], sa_mask[0]=11111111011111111101111111111110, sa_flags=SA_RESTART|SA_SIGINFO
SIGILL: [libjvm.so+0x91f470], sa_mask[0]=11111111011111111101111111111110, sa_flags=SA_RESTART|SA_SIGINFO
SIGUSR1: SIG_DFL, sa_mask[0]=00000000000000000000000000000000, sa_flags=none
SIGUSR2: [libjvm.so+0x920aa0], sa_mask[0]=00100000000000000000000000000000, sa_flags=SA_RESTART|SA_SIGINFO
SIGHUP: [libjvm.so+0x921ea0], sa_mask[0]=11111111011111111101111111111110, sa_flags=SA_RESTART|SA_SIGINFO
SIGINT: [libjvm.so+0x921ea0], sa_mask[0]=11111111011111111101111111111110, sa_flags=SA_RESTART|SA_SIGINFO
SIGTERM: [libjvm.so+0x921ea0], sa_mask[0]=11111111011111111101111111111110, sa_flags=SA_RESTART|SA_SIGINFO
SIGQUIT: [libjvm.so+0x921ea0], sa_mask[0]=11111111011111111101111111111110, sa_flags=SA_RESTART|SA_SIGINFO


---------------  S Y S T E M  ---------------

OS:DISTRIB_ID=LinuxMint
DISTRIB_RELEASE=17.3
DISTRIB_CODENAME=rosa
DISTRIB_DESCRIPTION="Linux Mint 17.3 Rosa"

uname:Linux 4.4.0-138-generic #164~14.04.1-Ubuntu SMP Fri Oct 5 08:56:16 UTC 2018 x86_64
libc:glibc 2.19 NPTL 2.19 
rlimit: STACK 8192k, CORE 0k, NPROC 31497, NOFILE 4096, AS infinity
load average:0,85 0,66 0,66

/proc/meminfo:
MemTotal:        8091100 kB
MemFree:          754452 kB
MemAvailable:    4303980 kB
Buffers:          510500 kB
Cached:          2521196 kB
SwapCached:            0 kB
Active:          5124904 kB
Inactive:        1158704 kB
Active(anon):    3254212 kB
Inactive(anon):    58320 kB
Active(file):    1870692 kB
Inactive(file):  1100384 kB
Unevictable:           0 kB
Mlocked:               0 kB
SwapTotal:             0 kB
SwapFree:              0 kB
Dirty:              7068 kB
Writeback:             0 kB
AnonPages:       3251836 kB
Mapped:           410320 kB
Shmem:             60624 kB
Slab:             930524 kB
SReclaimable:     884380 kB
SUnreclaim:        46144 kB
KernelStack:       11216 kB
PageTables:        29208 kB
NFS_Unstable:         12 kB
Bounce:                0 kB
WritebackTmp:          0 kB
CommitLimit:     4045548 kB
Committed_AS:    5587644 kB
VmallocTotal:   34359738367 kB
VmallocUsed:           0 kB
VmallocChunk:          0 kB
HardwareCorrupted:     0 kB
AnonHugePages:         0 kB
CmaTotal:              0 kB
CmaFree:               0 kB
HugePages_Total:       0
HugePages_Free:        0
HugePages_Rsvd:        0
HugePages_Surp:        0
Hugepagesize:       2048 kB
DirectMap4k:      223232 kB
DirectMap2M:     5984256 kB
DirectMap1G:     4194304 kB


CPU:total 4 (4 cores per cpu, 1 threads per core) family 6 model 45 stepping 7, cmov, cx8, fxsr, mmx, sse, sse2, sse3, ssse3, sse4.1, sse4.2, popcnt, avx, aes, clmul, tsc, tscinvbit, tscinv

/proc/cpuinfo:
processor	: 0
vendor_id	: GenuineIntel
cpu family	: 6
model		: 45
model name	: Intel(R) Xeon(R) CPU E5-1607 0 @ 3.00GHz
stepping	: 7
microcode	: 0x714
cpu MHz		: 3000.000
cache size	: 10240 KB
physical id	: 0
siblings	: 4
core id		: 0
cpu cores	: 4
apicid		: 0
initial apicid	: 0
fpu		: yes
fpu_exception	: yes
cpuid level	: 13
wp		: yes
flags		: fpu vme de pse tsc msr pae mce cx8 apic sep mtrr pge mca cmov pat pse36 clflush dts acpi mmx fxsr sse sse2 ss ht tm pbe syscall nx pdpe1gb rdtscp lm constant_tsc arch_perfmon pebs bts rep_good nopl xtopology nonstop_tsc aperfmperf pni pclmulqdq dtes64 monitor ds_cpl vmx smx est tm2 ssse3 cx16 xtpr pdcm pcid dca sse4_1 sse4_2 x2apic popcnt tsc_deadline_timer aes xsave avx lahf_lm epb ssbd ibrs ibpb stibp kaiser tpr_shadow vnmi flexpriority ept vpid xsaveopt dtherm arat pln pts flush_l1d
bugs		: cpu_meltdown spectre_v1 spectre_v2 spec_store_bypass l1tf
bogomips	: 5985.39
clflush size	: 64
cache_alignment	: 64
address sizes	: 46 bits physical, 48 bits virtual
power management:

processor	: 1
vendor_id	: GenuineIntel
cpu family	: 6
model		: 45
model name	: Intel(R) Xeon(R) CPU E5-1607 0 @ 3.00GHz
stepping	: 7
microcode	: 0x714
cpu MHz		: 3000.000
cache size	: 10240 KB
physical id	: 0
siblings	: 4
core id		: 1
cpu cores	: 4
apicid		: 2
initial apicid	: 2
fpu		: yes
fpu_exception	: yes
cpuid level	: 13
wp		: yes
flags		: fpu vme de pse tsc msr pae mce cx8 apic sep mtrr pge mca cmov pat pse36 clflush dts acpi mmx fxsr sse sse2 ss ht tm pbe syscall nx pdpe1gb rdtscp lm constant_tsc arch_perfmon pebs bts rep_good nopl xtopology nonstop_tsc aperfmperf pni pclmulqdq dtes64 monitor ds_cpl vmx smx est tm2 ssse3 cx16 xtpr pdcm pcid dca sse4_1 sse4_2 x2apic popcnt tsc_deadline_timer aes xsave avx lahf_lm epb ssbd ibrs ibpb stibp kaiser tpr_shadow vnmi flexpriority ept vpid xsaveopt dtherm arat pln pts flush_l1d
bugs		: cpu_meltdown spectre_v1 spectre_v2 spec_store_bypass l1tf
bogomips	: 5985.39
clflush size	: 64
cache_alignment	: 64
address sizes	: 46 bits physical, 48 bits virtual
power management:

processor	: 2
vendor_id	: GenuineIntel
cpu family	: 6
model		: 45
model name	: Intel(R) Xeon(R) CPU E5-1607 0 @ 3.00GHz
stepping	: 7
microcode	: 0x714
cpu MHz		: 2999.882
cache size	: 10240 KB
physical id	: 0
siblings	: 4
core id		: 2
cpu cores	: 4
apicid		: 4
initial apicid	: 4
fpu		: yes
fpu_exception	: yes
cpuid level	: 13
wp		: yes
flags		: fpu vme de pse tsc msr pae mce cx8 apic sep mtrr pge mca cmov pat pse36 clflush dts acpi mmx fxsr sse sse2 ss ht tm pbe syscall nx pdpe1gb rdtscp lm constant_tsc arch_perfmon pebs bts rep_good nopl xtopology nonstop_tsc aperfmperf pni pclmulqdq dtes64 monitor ds_cpl vmx smx est tm2 ssse3 cx16 xtpr pdcm pcid dca sse4_1 sse4_2 x2apic popcnt tsc_deadline_timer aes xsave avx lahf_lm epb ssbd ibrs ibpb stibp kaiser tpr_shadow vnmi flexpriority ept vpid xsaveopt dtherm arat pln pts flush_l1d
bugs		: cpu_meltdown spectre_v1 spectre_v2 spec_store_bypass l1tf
bogomips	: 5985.39
clflush size	: 64
cache_alignment	: 64
address sizes	: 46 bits physical, 48 bits virtual
power management:

processor	: 3
vendor_id	: GenuineIntel
cpu family	: 6
model		: 45
model name	: Intel(R) Xeon(R) CPU E5-1607 0 @ 3.00GHz
stepping	: 7
microcode	: 0x714
cpu MHz		: 3000.000
cache size	: 10240 KB
physical id	: 0
siblings	: 4
core id		: 3
cpu cores	: 4
apicid		: 6
initial apicid	: 6
fpu		: yes
fpu_exception	: yes
cpuid level	: 13
wp		: yes
flags		: fpu vme de pse tsc msr pae mce cx8 apic sep mtrr pge mca cmov pat pse36 clflush dts acpi mmx fxsr sse sse2 ss ht tm pbe syscall nx pdpe1gb rdtscp lm constant_tsc arch_perfmon pebs bts rep_good nopl xtopology nonstop_tsc aperfmperf pni pclmulqdq dtes64 monitor ds_cpl vmx smx est tm2 ssse3 cx16 xtpr pdcm pcid dca sse4_1 sse4_2 x2apic popcnt tsc_deadline_timer aes xsave avx lahf_lm epb ssbd ibrs ibpb stibp kaiser tpr_shadow vnmi flexpriority ept vpid xsaveopt dtherm arat pln pts flush_l1d
bugs		: cpu_meltdown spectre_v1 spectre_v2 spec_store_bypass l1tf
bogomips	: 5985.39
clflush size	: 64
cache_alignment	: 64
address sizes	: 46 bits physical, 48 bits virtual
power management:



Memory: 4k page, physical 8091100k(754452k free), swap 0k(0k free)

vm_info: Java HotSpot(TM) 64-Bit Server VM (25.102-b14) for linux-amd64 JRE (1.8.0_102-b14), built on Jun 22 2016 18:43:17 by "java_re" with gcc 4.3.0 20080428 (Red Hat 4.3.0-8)

time: Fri Nov  9 14:53:23 2018
elapsed time: 1 seconds (0d 0h 0m 1s)

