#
# A fatal error has been detected by the Java Runtime Environment:
#
#  SIGSEGV (0xb) at pc=0x00007f26932a0220, pid=9933, tid=0x00007f26eea3d700
#
# JRE version: Java(TM) SE Runtime Environment (8.0_102-b14) (build 1.8.0_102-b14)
# Java VM: Java HotSpot(TM) 64-Bit Server VM (25.102-b14 mixed mode linux-amd64 compressed oops)
# Problematic frame:
# C  [libnvidia-glcore.so.410.72+0xe7b220]
#
# Failed to write core dump. Core dumps have been disabled. To enable core dumping, try "ulimit -c unlimited" before starting Java again
#
# If you would like to submit a bug report, please visit:
#   http://bugreport.java.com/bugreport/crash.jsp
# The crash happened outside the Java Virtual Machine in native code.
# See problematic frame for where to report the bug.
#

---------------  T H R E A D  ---------------

Current thread (0x00007f26e800d000):  JavaThread "main" [_thread_in_native, id=9934, stack(0x00007f26ee93d000,0x00007f26eea3e000)]

siginfo: si_signo: 11 (SIGSEGV), si_code: 1 (SEGV_MAPERR), si_addr: 0x0000000000000000

Registers:
RAX=0x00007f26e9fade68, RBX=0x00007f26e9fadb68, RCX=0x00000000000009c7, RDX=0x0000000000000010
RSP=0x00007f26eea3c2e8, RBP=0x00007f26e88d0e90, RSI=0x0000000000000000, RDI=0x00007f2699200988
R8 =0x00007f2699200988, R9 =0x00000000000009c7, R10=0x0000000000000000, R11=0x0000000000000000
R12=0x00007f26e9fae170, R13=0x00007f26e88880d0, R14=0x00007f26e88880c0, R15=0x00007f2699144a50
RIP=0x00007f26932a0220, EFLAGS=0x0000000000010246, CSGSFS=0x0000000000000033, ERR=0x0000000000000004
  TRAPNO=0x000000000000000e

Top of Stack: (sp=0x00007f26eea3c2e8)
0x00007f26eea3c2e8:   00007f2693371873 01007f26eea3c50f
0x00007f26eea3c2f8:   0000000000000000 0000000000000000
0x00007f26eea3c308:   00000000006778e0 00000000000009c7
0x00007f26eea3c318:   000000004062d000 00007f2699200988
0x00007f26eea3c328:   00007f26932a0210 0000000100cc75f8
0x00007f26eea3c338:   00007f26e9fadb68 0000000000000000
0x00007f26eea3c348:   00007f2692dfe8fe 00007f26e9fbd3a0
0x00007f26eea3c358:   00000001931aff04 0000000000000000
0x00007f26eea3c368:   00007f26e9fade68 00007f26e899be78
0x00007f26eea3c378:   0000000000000000 0000000000000004
0x00007f26eea3c388:   1080000000000000 0000000000000004
0x00007f26eea3c398:   1080000000000000 00007f26e800d980
0x00007f26eea3c3a8:   00007f26e88880d0 000000004062d000
0x00007f26eea3c3b8:   00007f26e9fae170 00007f26e88880d0
0x00007f26eea3c3c8:   00007f26e88880c0 0000000040683a28
0x00007f26eea3c3d8:   00007f2693376194 00007f26eea3c4ac
0x00007f26eea3c3e8:   00007f26eea3c4a8 0000140500000000
0x00007f26eea3c3f8:   ffffffff00003a38 0000000400000000
0x00007f26eea3c408:   000000004062d1f8 00007f26e88d0e90
0x00007f26eea3c418:   00007f26eea3c3c0 0000000000000001
0x00007f26eea3c428:   00007f26eea3d700 0000000000000000
0x00007f26eea3c438:   00007f26e800d000 0000000000000004
0x00007f26eea3c448:   00007f26e9fae170 000000004062d000
0x00007f26eea3c458:   00007f26e88880d0 00007f26e88880c0
0x00007f26eea3c468:   00007f26e88d0e90 0000000000000000
0x00007f26eea3c478:   00007f2693376d8f 0000000000000001
0x00007f26eea3c488:   00007f26eea3d700 00007f26eea3c4b0
0x00007f26eea3c498:   00007f26e800d000 00007f26eea3c530
0x00007f26eea3c4a8:   00000000000009c7 00007f264062d001
0x00007f26eea3c4b8:   000000004062d000 00000000406778a0
0x00007f26eea3c4c8:   0000000000000004 0000000000001405
0x00007f26eea3c4d8:   0000000000000010 0000000000000000 

Instructions: (pc=0x00007f26932a0220)
0x00007f26932a0200:   d0 48 8d 44 07 0c c3 90 90 90 90 90 90 90 90 90
0x00007f26932a0210:   48 63 d2 49 89 f8 41 89 c9 0f 1f 80 00 00 00 00
0x00007f26932a0220:   8b 06 41 89 00 8b 46 04 41 89 40 04 8b 46 08 41
0x00007f26932a0230:   89 40 08 8b 46 0c 48 01 d6 41 89 40 0c 49 83 c0 

Register to memory mapping:

RAX=0x00007f26e9fade68 is an unknown value
RBX=0x00007f26e9fadb68 is an unknown value
RCX=0x00000000000009c7 is an unknown value
RDX=0x0000000000000010 is an unknown value
RSP=0x00007f26eea3c2e8 is pointing into the stack for thread: 0x00007f26e800d000
RBP=0x00007f26e88d0e90 is an unknown value
RSI=0x0000000000000000 is an unknown value
RDI=0x00007f2699200988 is an unknown value
R8 =0x00007f2699200988 is an unknown value
R9 =0x00000000000009c7 is an unknown value
R10=0x0000000000000000 is an unknown value
R11=0x0000000000000000 is an unknown value
R12=0x00007f26e9fae170 is an unknown value
R13=0x00007f26e88880d0 is an unknown value
R14=0x00007f26e88880c0 is an unknown value
R15=0x00007f2699144a50 is an unknown value


Stack: [0x00007f26ee93d000,0x00007f26eea3e000],  sp=0x00007f26eea3c2e8,  free space=1020k
Native frames: (J=compiled Java code, j=interpreted, Vv=VM code, C=native code)
C  [libnvidia-glcore.so.410.72+0xe7b220]

Java frames: (J=compiled Java code, j=interpreted, Vv=VM code)
j  org.lwjgl.opengl.GL11C.nglDrawElements(IIIJ)V+0
j  org.lwjgl.opengl.GL11C.glDrawElements(IIIJ)V+4
j  org.lwjgl.opengl.GL11.glDrawElements(IIIJ)V+4
j  engine.model.Model.draw(Lengine/Camera;Lengine/Transform;)V+51
j  engine.GameObject.draw(Lengine/Camera;)V+20
j  engine.ObjectScene.draw()V+32
j  HelloWorld.loop()V+100
j  HelloWorld.run()V+37
j  HelloWorld.main([Ljava/lang/String;)V+7
v  ~StubRoutines::call_stub

---------------  P R O C E S S  ---------------

Java Threads: ( => current thread )
  0x00007f26e8448800 JavaThread "Service Thread" daemon [_thread_blocked, id=9961, stack(0x00007f26c0bfc000,0x00007f26c0cfd000)]
  0x00007f26e8445800 JavaThread "C1 CompilerThread2" daemon [_thread_blocked, id=9960, stack(0x00007f26c0cfd000,0x00007f26c0dfe000)]
  0x00007f26e8442000 JavaThread "C2 CompilerThread1" daemon [_thread_in_native, id=9959, stack(0x00007f26c1015000,0x00007f26c1116000)]
  0x00007f26e8440000 JavaThread "C2 CompilerThread0" daemon [_thread_in_vm, id=9958, stack(0x00007f26c1116000,0x00007f26c1217000)]
  0x00007f26e843b800 JavaThread "Monitor Ctrl-Break" daemon [_thread_in_native, id=9957, stack(0x00007f26c1217000,0x00007f26c1318000)]
  0x00007f26e8181800 JavaThread "Signal Dispatcher" daemon [_thread_blocked, id=9956, stack(0x00007f26c1318000,0x00007f26c1419000)]
  0x00007f26e814e800 JavaThread "Finalizer" daemon [_thread_blocked, id=9949, stack(0x00007f26c237b000,0x00007f26c247c000)]
  0x00007f26e8149800 JavaThread "Reference Handler" daemon [_thread_blocked, id=9947, stack(0x00007f26c247c000,0x00007f26c257d000)]
=>0x00007f26e800d000 JavaThread "main" [_thread_in_native, id=9934, stack(0x00007f26ee93d000,0x00007f26eea3e000)]

Other Threads:
  0x00007f26e8142000 VMThread [stack: 0x00007f26c257d000,0x00007f26c267e000] [id=9945]
  0x00007f26e844b800 WatcherThread [stack: 0x00007f26c0afb000,0x00007f26c0bfc000] [id=9962]

VM state:not at safepoint (normal execution)

VM Mutex/Monitor currently owned by a thread: None

Heap:
 PSYoungGen      total 36864K, used 20751K [0x00000000d6d80000, 0x00000000d9680000, 0x0000000100000000)
  eden space 31744K, 50% used [0x00000000d6d80000,0x00000000d7d2d410,0x00000000d8c80000)
  from space 5120K, 91% used [0x00000000d8c80000,0x00000000d9116ac0,0x00000000d9180000)
  to   space 5120K, 0% used [0x00000000d9180000,0x00000000d9180000,0x00000000d9680000)
 ParOldGen       total 84992K, used 8K [0x0000000084800000, 0x0000000089b00000, 0x00000000d6d80000)
  object space 84992K, 0% used [0x0000000084800000,0x0000000084802000,0x0000000089b00000)
 Metaspace       used 11140K, capacity 11397K, committed 11520K, reserved 1060864K
  class space    used 860K, capacity 935K, committed 1024K, reserved 1048576K

Card table byte_map: [0x00007f26d8863000,0x00007f26d8c40000] byte_map_base: 0x00007f26d843f000

Marking Bits: (ParMarkBitMap*) 0x00007f26ede26c60
 Begin Bits: [0x00007f26c4240000, 0x00007f26c6120000)
 End Bits:   [0x00007f26c6120000, 0x00007f26c8000000)

Polling page: 0x00007f26eea75000

CodeCache: size=245760Kb used=3481Kb max_used=3492Kb free=242278Kb
 bounds [0x00007f26d9000000, 0x00007f26d9370000, 0x00007f26e8000000]
 total_blobs=1747 nmethods=829 adapters=832
 compilation: enabled

Compilation events (10 events):
Event: 1,356 Thread 0x00007f26e8440000 nmethod 825 0x00007f26d93657d0 code [0x00007f26d93659c0, 0x00007f26d93669e0]
Event: 1,356 Thread 0x00007f26e8440000  841       4       java.lang.Integer::parseInt (261 bytes)
Event: 1,357 Thread 0x00007f26e8442000 nmethod 807 0x00007f26d9362390 code [0x00007f26d9362640, 0x00007f26d9363bf0]
Event: 1,357 Thread 0x00007f26e8442000  834       4       java.util.AbstractCollection::toArray (147 bytes)
Event: 1,364 Thread 0x00007f26e8442000 nmethod 834 0x00007f26d935b590 code [0x00007f26d935b700, 0x00007f26d935bbb8]
Event: 1,364 Thread 0x00007f26e8442000  836       4       java.lang.String::split (326 bytes)
Event: 1,367 Thread 0x00007f26e8445800  848       2       java.util.ArrayDeque::pollFirst (42 bytes)
Event: 1,367 Thread 0x00007f26e8445800 nmethod 848 0x00007f26d9361b90 code [0x00007f26d9361d00, 0x00007f26d9361ed0]
Event: 1,373 Thread 0x00007f26e8440000 nmethod 841 0x00007f26d9368250 code [0x00007f26d93683e0, 0x00007f26d9368978]
Event: 1,373 Thread 0x00007f26e8440000  810 %     4       sun.nio.cs.UTF_8$Decoder::decodeArrayLoop @ 73 (691 bytes)

GC Heap History (2 events):
Event: 1,244 GC heap before
{Heap before GC invocations=1 (full 0):
 PSYoungGen      total 36864K, used 31744K [0x00000000d6d80000, 0x00000000d9680000, 0x0000000100000000)
  eden space 31744K, 100% used [0x00000000d6d80000,0x00000000d8c80000,0x00000000d8c80000)
  from space 5120K, 0% used [0x00000000d9180000,0x00000000d9180000,0x00000000d9680000)
  to   space 5120K, 0% used [0x00000000d8c80000,0x00000000d8c80000,0x00000000d9180000)
 ParOldGen       total 84992K, used 0K [0x0000000084800000, 0x0000000089b00000, 0x00000000d6d80000)
  object space 84992K, 0% used [0x0000000084800000,0x0000000084800000,0x0000000089b00000)
 Metaspace       used 10866K, capacity 11141K, committed 11264K, reserved 1058816K
  class space    used 855K, capacity 935K, committed 1024K, reserved 1048576K
Event: 1,249 GC heap after
Heap after GC invocations=1 (full 0):
 PSYoungGen      total 36864K, used 4698K [0x00000000d6d80000, 0x00000000d9680000, 0x0000000100000000)
  eden space 31744K, 0% used [0x00000000d6d80000,0x00000000d6d80000,0x00000000d8c80000)
  from space 5120K, 91% used [0x00000000d8c80000,0x00000000d9116ac0,0x00000000d9180000)
  to   space 5120K, 0% used [0x00000000d9180000,0x00000000d9180000,0x00000000d9680000)
 ParOldGen       total 84992K, used 8K [0x0000000084800000, 0x0000000089b00000, 0x00000000d6d80000)
  object space 84992K, 0% used [0x0000000084800000,0x0000000084802000,0x0000000089b00000)
 Metaspace       used 10866K, capacity 11141K, committed 11264K, reserved 1058816K
  class space    used 855K, capacity 935K, committed 1024K, reserved 1048576K
}

Deoptimization events (5 events):
Event: 0,480 Thread 0x00007f26e800d000 Uncommon trap: reason=unstable_if action=reinterpret pc=0x00007f26d91a6158 method=java.lang.String.indexOf([CII[CIII)I @ 3
Event: 0,540 Thread 0x00007f26e800d000 Uncommon trap: reason=unstable_if action=reinterpret pc=0x00007f26d920a488 method=java.util.HashMap.getNode(ILjava/lang/Object;)Ljava/util/HashMap$Node; @ 116
Event: 0,544 Thread 0x00007f26e800d000 Uncommon trap: reason=unstable_if action=reinterpret pc=0x00007f26d91e1134 method=java.util.HashMap.getNode(ILjava/lang/Object;)Ljava/util/HashMap$Node; @ 116
Event: 0,694 Thread 0x00007f26e800d000 Uncommon trap: reason=unstable_if action=reinterpret pc=0x00007f26d91af5c4 method=java.lang.String.replace(CC)Ljava/lang/String; @ 26
Event: 1,296 Thread 0x00007f26e800d000 Uncommon trap: reason=unstable_if action=reinterpret pc=0x00007f26d934b0d0 method=java.io.BufferedReader.readLine(Z)Ljava/lang/String; @ 192

Internal exceptions (10 events):
Event: 1,046 Thread 0x00007f26e800d000 Exception <a 'java/security/PrivilegedActionException'> (0x00000000d880c588) thrown at [/HUDSON3/workspace/8-2-build-linux-amd64/jdk8u102/7268/hotspot/src/share/vm/prims/jvm.cpp, line 1386]
Event: 1,046 Thread 0x00007f26e800d000 Exception <a 'java/security/PrivilegedActionException'> (0x00000000d880c798) thrown at [/HUDSON3/workspace/8-2-build-linux-amd64/jdk8u102/7268/hotspot/src/share/vm/prims/jvm.cpp, line 1386]
Event: 1,046 Thread 0x00007f26e800d000 Exception <a 'java/security/PrivilegedActionException'> (0x00000000d8810b58) thrown at [/HUDSON3/workspace/8-2-build-linux-amd64/jdk8u102/7268/hotspot/src/share/vm/prims/jvm.cpp, line 1386]
Event: 1,046 Thread 0x00007f26e800d000 Exception <a 'java/security/PrivilegedActionException'> (0x00000000d8810d68) thrown at [/HUDSON3/workspace/8-2-build-linux-amd64/jdk8u102/7268/hotspot/src/share/vm/prims/jvm.cpp, line 1386]
Event: 1,218 Thread 0x00007f26e800d000 Exception <a 'java/security/PrivilegedActionException'> (0x00000000d8c613d8) thrown at [/HUDSON3/workspace/8-2-build-linux-amd64/jdk8u102/7268/hotspot/src/share/vm/prims/jvm.cpp, line 1386]
Event: 1,218 Thread 0x00007f26e800d000 Exception <a 'java/security/PrivilegedActionException'> (0x00000000d8c615e8) thrown at [/HUDSON3/workspace/8-2-build-linux-amd64/jdk8u102/7268/hotspot/src/share/vm/prims/jvm.cpp, line 1386]
Event: 1,218 Thread 0x00007f26e800d000 Exception <a 'java/security/PrivilegedActionException'> (0x00000000d8c63040) thrown at [/HUDSON3/workspace/8-2-build-linux-amd64/jdk8u102/7268/hotspot/src/share/vm/prims/jvm.cpp, line 1386]
Event: 1,218 Thread 0x00007f26e800d000 Exception <a 'java/security/PrivilegedActionException'> (0x00000000d8c63250) thrown at [/HUDSON3/workspace/8-2-build-linux-amd64/jdk8u102/7268/hotspot/src/share/vm/prims/jvm.cpp, line 1386]
Event: 1,218 Thread 0x00007f26e800d000 Exception <a 'java/security/PrivilegedActionException'> (0x00000000d8c67610) thrown at [/HUDSON3/workspace/8-2-build-linux-amd64/jdk8u102/7268/hotspot/src/share/vm/prims/jvm.cpp, line 1386]
Event: 1,218 Thread 0x00007f26e800d000 Exception <a 'java/security/PrivilegedActionException'> (0x00000000d8c67820) thrown at [/HUDSON3/workspace/8-2-build-linux-amd64/jdk8u102/7268/hotspot/src/share/vm/prims/jvm.cpp, line 1386]

Events (10 events):
Event: 1,366 loading class org/lwjgl/opengl/GL15C
Event: 1,366 loading class org/lwjgl/opengl/GL15C done
Event: 1,367 loading class org/lwjgl/opengl/GL14C
Event: 1,367 loading class org/lwjgl/opengl/GL14C done
Event: 1,367 loading class org/lwjgl/opengl/GL13C
Event: 1,367 loading class org/lwjgl/opengl/GL13C done
Event: 1,368 loading class org/lwjgl/opengl/GL12C
Event: 1,368 loading class org/lwjgl/opengl/GL12C done
Event: 1,371 loading class engine/GameObject
Event: 1,371 loading class engine/GameObject done


Dynamic libraries:
00400000-00401000 r-xp 00000000 00:53 857797                             /sw/jdk1.8.0_102/bin/java
00600000-00601000 rw-p 00000000 00:53 857797                             /sw/jdk1.8.0_102/bin/java
00e21000-00e42000 rw-p 00000000 00:00 0                                  [heap]
4062d000-406db000 rw-p 00000000 00:00 0 
41f53000-41f55000 r-xs 00000000 08:01 1446267                            /tmp/.glcF94d8 (deleted)
84800000-89b00000 rw-p 00000000 00:00 0 
89b00000-d6d80000 ---p 00000000 00:00 0 
d6d80000-d9680000 rw-p 00000000 00:00 0 
d9680000-100000000 ---p 00000000 00:00 0 
100000000-100100000 rw-p 00000000 00:00 0 
100100000-140000000 ---p 00000000 00:00 0 
7f2692425000-7f26935bf000 r-xp 00000000 08:01 9972661                    /usr/lib/nvidia-410/libnvidia-glcore.so.410.72
7f26935bf000-7f26935e0000 rwxp 0119a000 08:01 9972661                    /usr/lib/nvidia-410/libnvidia-glcore.so.410.72
7f26935e0000-7f2693ace000 r-xp 011bb000 08:01 9972661                    /usr/lib/nvidia-410/libnvidia-glcore.so.410.72
7f2693ace000-7f2693cce000 ---p 016a9000 08:01 9972661                    /usr/lib/nvidia-410/libnvidia-glcore.so.410.72
7f2693cce000-7f2693fe9000 rw-p 016a9000 08:01 9972661                    /usr/lib/nvidia-410/libnvidia-glcore.so.410.72
7f2693fe9000-7f2694000000 rw-p 00000000 00:00 0 
7f2694000000-7f2694021000 rw-p 00000000 00:00 0 
7f2694021000-7f2698000000 ---p 00000000 00:00 0 
7f26987fa000-7f269883a000 rw-p 00000000 00:00 0 
7f269883a000-7f26989fa000 ---p 00000000 00:00 0 
7f26989fa000-7f2698dfb000 rw-p 00000000 00:00 0 
7f2698dfb000-7f2698e52000 r-xp 00000000 08:01 1580332                    /tmp/lwjglseban649/3.2.0-build-12/liblwjgl_opengl.so
7f2698e52000-7f2699051000 ---p 00057000 08:01 1580332                    /tmp/lwjglseban649/3.2.0-build-12/liblwjgl_opengl.so
7f2699051000-7f2699052000 r--p 00056000 08:01 1580332                    /tmp/lwjglseban649/3.2.0-build-12/liblwjgl_opengl.so
7f2699052000-7f2699053000 rw-p 00057000 08:01 1580332                    /tmp/lwjglseban649/3.2.0-build-12/liblwjgl_opengl.so
7f2699053000-7f2699063000 rw-p 00000000 00:00 0 
7f2699063000-7f26990e3000 rw-s 00000000 00:06 488                        /dev/nvidiactl
7f26990e3000-7f2699163000 rw-s 00000000 00:06 488                        /dev/nvidiactl
7f2699163000-7f26991e3000 rw-s 00000000 00:06 488                        /dev/nvidiactl
7f26991e3000-7f26992e3000 rw-s 00000000 00:06 488                        /dev/nvidiactl
7f26992e3000-7f2699323000 rw-s 00000000 00:06 488                        /dev/nvidiactl
7f2699323000-7f2699363000 rw-s 00000000 00:06 488                        /dev/nvidiactl
7f2699363000-7f2699370000 r-xp 00000000 08:01 9846460                    /usr/lib/x86_64-linux-gnu/libdrm.so.2.4.0
7f2699370000-7f269956f000 ---p 0000d000 08:01 9846460                    /usr/lib/x86_64-linux-gnu/libdrm.so.2.4.0
7f269956f000-7f2699570000 r--p 0000c000 08:01 9846460                    /usr/lib/x86_64-linux-gnu/libdrm.so.2.4.0
7f2699570000-7f2699571000 rw-p 0000d000 08:01 9846460                    /usr/lib/x86_64-linux-gnu/libdrm.so.2.4.0
7f2699571000-7f2699676000 rw-s 00000000 00:06 488                        /dev/nvidiactl
7f2699676000-7f2699679000 r-xp 00000000 08:01 9972658                    /usr/lib/nvidia-410/tls/libnvidia-tls.so.410.72
7f2699679000-7f2699879000 ---p 00003000 08:01 9972658                    /usr/lib/nvidia-410/tls/libnvidia-tls.so.410.72
7f2699879000-7f269987a000 rw-p 00003000 08:01 9972658                    /usr/lib/nvidia-410/tls/libnvidia-tls.so.410.72
7f269987a000-7f2699943000 r-xp 00000000 08:01 9972631                    /usr/lib/nvidia-410/libGL.so.410.72
7f2699943000-7f2699978000 rwxp 000c9000 08:01 9972631                    /usr/lib/nvidia-410/libGL.so.410.72
7f2699978000-7f269998c000 r-xp 000fe000 08:01 9972631                    /usr/lib/nvidia-410/libGL.so.410.72
7f269998c000-7f2699b8b000 ---p 00112000 08:01 9972631                    /usr/lib/nvidia-410/libGL.so.410.72
7f2699b8b000-7f2699bb0000 rw-p 00111000 08:01 9972631                    /usr/lib/nvidia-410/libGL.so.410.72
7f2699bb0000-7f2699bb8000 rw-p 00000000 00:00 0 
7f2699bb9000-7f2699bcc000 rw-s 00000000 00:06 488                        /dev/nvidiactl
7f2699bcc000-7f2699bec000 rw-s 00000000 00:06 489                        /dev/nvidia0
7f2699bec000-7f2699bed000 r-xp 00000000 08:01 9834877                    /usr/lib/x86_64-linux-gnu/libX11-xcb.so.1.0.0
7f2699bed000-7f2699dec000 ---p 00001000 08:01 9834877                    /usr/lib/x86_64-linux-gnu/libX11-xcb.so.1.0.0
7f2699dec000-7f2699ded000 r--p 00000000 08:01 9834877                    /usr/lib/x86_64-linux-gnu/libX11-xcb.so.1.0.0
7f2699ded000-7f2699dee000 rw-p 00001000 08:01 9834877                    /usr/lib/x86_64-linux-gnu/libX11-xcb.so.1.0.0
7f2699dee000-7f2699df0000 r-xp 00000000 08:01 9835238                    /usr/lib/x86_64-linux-gnu/libXinerama.so.1.0.0
7f2699df0000-7f2699fef000 ---p 00002000 08:01 9835238                    /usr/lib/x86_64-linux-gnu/libXinerama.so.1.0.0
7f2699fef000-7f2699ff0000 r--p 00001000 08:01 9835238                    /usr/lib/x86_64-linux-gnu/libXinerama.so.1.0.0
7f2699ff0000-7f2699ff1000 rw-p 00002000 08:01 9835238                    /usr/lib/x86_64-linux-gnu/libXinerama.so.1.0.0
7f2699ff1000-7f2699ff6000 r-xp 00000000 08:01 9835156                    /usr/lib/x86_64-linux-gnu/libXfixes.so.3.1.0
7f2699ff6000-7f269a1f5000 ---p 00005000 08:01 9835156                    /usr/lib/x86_64-linux-gnu/libXfixes.so.3.1.0
7f269a1f5000-7f269a1f6000 r--p 00004000 08:01 9835156                    /usr/lib/x86_64-linux-gnu/libXfixes.so.3.1.0
7f269a1f6000-7f269a1f7000 rw-p 00005000 08:01 9835156                    /usr/lib/x86_64-linux-gnu/libXfixes.so.3.1.0
7f269a1f7000-7f269a200000 r-xp 00000000 08:01 9830919                    /usr/lib/x86_64-linux-gnu/libXcursor.so.1.0.2
7f269a200000-7f269a3ff000 ---p 00009000 08:01 9830919                    /usr/lib/x86_64-linux-gnu/libXcursor.so.1.0.2
7f269a3ff000-7f269a400000 r--p 00008000 08:01 9830919                    /usr/lib/x86_64-linux-gnu/libXcursor.so.1.0.2
7f269a400000-7f269a401000 rw-p 00009000 08:01 9830919                    /usr/lib/x86_64-linux-gnu/libXcursor.so.1.0.2
7f269a401000-7f269a40a000 r-xp 00000000 08:01 9835125                    /usr/lib/x86_64-linux-gnu/libXrender.so.1.3.0
7f269a40a000-7f269a609000 ---p 00009000 08:01 9835125                    /usr/lib/x86_64-linux-gnu/libXrender.so.1.3.0
7f269a609000-7f269a60a000 r--p 00008000 08:01 9835125                    /usr/lib/x86_64-linux-gnu/libXrender.so.1.3.0
7f269a60a000-7f269a60b000 rw-p 00009000 08:01 9835125                    /usr/lib/x86_64-linux-gnu/libXrender.so.1.3.0
7f269a60b000-7f269a614000 r-xp 00000000 08:01 9835174                    /usr/lib/x86_64-linux-gnu/libXrandr.so.2.2.0
7f269a614000-7f269a813000 ---p 00009000 08:01 9835174                    /usr/lib/x86_64-linux-gnu/libXrandr.so.2.2.0
7f269a813000-7f269a814000 r--p 00008000 08:01 9835174                    /usr/lib/x86_64-linux-gnu/libXrandr.so.2.2.0
7f269a814000-7f269a815000 rw-p 00009000 08:01 9835174                    /usr/lib/x86_64-linux-gnu/libXrandr.so.2.2.0
7f269a815000-7f269a824000 r-xp 00000000 08:01 9835236                    /usr/lib/x86_64-linux-gnu/libXi.so.6.1.0
7f269a824000-7f269aa23000 ---p 0000f000 08:01 9835236                    /usr/lib/x86_64-linux-gnu/libXi.so.6.1.0
7f269aa23000-7f269aa24000 r--p 0000e000 08:01 9835236                    /usr/lib/x86_64-linux-gnu/libXi.so.6.1.0
7f269aa24000-7f269aa25000 rw-p 0000f000 08:01 9835236                    /usr/lib/x86_64-linux-gnu/libXi.so.6.1.0
7f269aa25000-7f269aa36000 r-xp 00000000 08:01 9834982                    /usr/lib/x86_64-linux-gnu/libXext.so.6.4.0
7f269aa36000-7f269ac35000 ---p 00011000 08:01 9834982                    /usr/lib/x86_64-linux-gnu/libXext.so.6.4.0
7f269ac35000-7f269ac36000 r--p 00010000 08:01 9834982                    /usr/lib/x86_64-linux-gnu/libXext.so.6.4.0
7f269ac36000-7f269ac37000 rw-p 00011000 08:01 9834982                    /usr/lib/x86_64-linux-gnu/libXext.so.6.4.0
7f269ac37000-7f269ac3b000 r-xp 00000000 08:01 9835187                    /usr/lib/x86_64-linux-gnu/libXxf86vm.so.1.0.0
7f269ac3b000-7f269ae3b000 ---p 00004000 08:01 9835187                    /usr/lib/x86_64-linux-gnu/libXxf86vm.so.1.0.0
7f269ae3b000-7f269ae3c000 r--p 00004000 08:01 9835187                    /usr/lib/x86_64-linux-gnu/libXxf86vm.so.1.0.0
7f269ae3c000-7f269ae3d000 rw-p 00005000 08:01 9835187                    /usr/lib/x86_64-linux-gnu/libXxf86vm.so.1.0.0
7f269ae3d000-7f269ae42000 r-xp 00000000 08:01 9834974                    /usr/lib/x86_64-linux-gnu/libXdmcp.so.6.0.0
7f269ae42000-7f269b041000 ---p 00005000 08:01 9834974                    /usr/lib/x86_64-linux-gnu/libXdmcp.so.6.0.0
7f269b041000-7f269b042000 r--p 00004000 08:01 9834974                    /usr/lib/x86_64-linux-gnu/libXdmcp.so.6.0.0
7f269b042000-7f269b043000 rw-p 00005000 08:01 9834974                    /usr/lib/x86_64-linux-gnu/libXdmcp.so.6.0.0
7f269b043000-7f269b045000 r-xp 00000000 08:01 9834972                    /usr/lib/x86_64-linux-gnu/libXau.so.6.0.0
7f269b045000-7f269b245000 ---p 00002000 08:01 9834972                    /usr/lib/x86_64-linux-gnu/libXau.so.6.0.0
7f269b245000-7f269b246000 r--p 00002000 08:01 9834972                    /usr/lib/x86_64-linux-gnu/libXau.so.6.0.0
7f269b246000-7f269b247000 rw-p 00003000 08:01 9834972                    /usr/lib/x86_64-linux-gnu/libXau.so.6.0.0
7f269b247000-7f269b264000 r-xp 00000000 08:01 9834976                    /usr/lib/x86_64-linux-gnu/libxcb.so.1.1.0
7f269b264000-7f269b464000 ---p 0001d000 08:01 9834976                    /usr/lib/x86_64-linux-gnu/libxcb.so.1.1.0
7f269b464000-7f269b465000 r--p 0001d000 08:01 9834976                    /usr/lib/x86_64-linux-gnu/libxcb.so.1.1.0
7f269b465000-7f269b466000 rw-p 0001e000 08:01 9834976                    /usr/lib/x86_64-linux-gnu/libxcb.so.1.1.0
7f269b466000-7f269b596000 r-xp 00000000 08:01 9834978                    /usr/lib/x86_64-linux-gnu/libX11.so.6.3.0
7f269b596000-7f269b796000 ---p 00130000 08:01 9834978                    /usr/lib/x86_64-linux-gnu/libX11.so.6.3.0
7f269b796000-7f269b797000 r--p 00130000 08:01 9834978                    /usr/lib/x86_64-linux-gnu/libX11.so.6.3.0
7f269b797000-7f269b79b000 rw-p 00131000 08:01 9834978                    /usr/lib/x86_64-linux-gnu/libX11.so.6.3.0
7f269b79b000-7f269b7dd000 r-xp 00000000 08:01 1580331                    /tmp/lwjglseban649/3.2.0-build-12/libglfw.so
7f269b7dd000-7f269b9dc000 ---p 00042000 08:01 1580331                    /tmp/lwjglseban649/3.2.0-build-12/libglfw.so
7f269b9dc000-7f269b9dd000 r--p 00041000 08:01 1580331                    /tmp/lwjglseban649/3.2.0-build-12/libglfw.so
7f269b9dd000-7f269b9df000 rw-p 00042000 08:01 1580331                    /tmp/lwjglseban649/3.2.0-build-12/libglfw.so
7f269b9df000-7f269ba00000 rw-p 00000000 00:00 0 
7f269ba00000-7f269c33f000 rw-p 00000000 00:00 0 
7f269c33f000-7f26a0000000 ---p 00000000 00:00 0 
7f26a0000000-7f26a0021000 rw-p 00000000 00:00 0 
7f26a0021000-7f26a4000000 ---p 00000000 00:00 0 
7f26a4000000-7f26a4267000 rw-p 00000000 00:00 0 
7f26a4267000-7f26a8000000 ---p 00000000 00:00 0 
7f26a8000000-7f26a854d000 rw-p 00000000 00:00 0 
7f26a854d000-7f26ac000000 ---p 00000000 00:00 0 
7f26ac000000-7f26ac021000 rw-p 00000000 00:00 0 
7f26ac021000-7f26b0000000 ---p 00000000 00:00 0 
7f26b0000000-7f26b0041000 rw-p 00000000 00:00 0 
7f26b0041000-7f26b4000000 ---p 00000000 00:00 0 
7f26b4000000-7f26b4021000 rw-p 00000000 00:00 0 
7f26b4021000-7f26b8000000 ---p 00000000 00:00 0 
7f26b8000000-7f26b8021000 rw-p 00000000 00:00 0 
7f26b8021000-7f26bc000000 ---p 00000000 00:00 0 
7f26bc000000-7f26bc021000 rw-p 00000000 00:00 0 
7f26bc021000-7f26c0000000 ---p 00000000 00:00 0 
7f26c0000000-7f26c0010000 rw-p 00000000 00:00 0 
7f26c0010000-7f26c0030000 rw-s 00000000 00:06 488                        /dev/nvidiactl
7f26c0030000-7f26c0230000 rw-p 00000000 00:00 0 
7f26c0230000-7f26c027c000 r-xp 00000000 08:01 1580330                    /tmp/lwjglseban649/3.2.0-build-12/libjemalloc.so
7f26c027c000-7f26c047c000 ---p 0004c000 08:01 1580330                    /tmp/lwjglseban649/3.2.0-build-12/libjemalloc.so
7f26c047c000-7f26c0481000 r--p 0004c000 08:01 1580330                    /tmp/lwjglseban649/3.2.0-build-12/libjemalloc.so
7f26c0481000-7f26c0482000 rw-p 00051000 08:01 1580330                    /tmp/lwjglseban649/3.2.0-build-12/libjemalloc.so
7f26c0482000-7f26c0691000 rw-p 00000000 00:00 0 
7f26c0691000-7f26c06e9000 r-xp 00000000 08:01 1580329                    /tmp/lwjglseban649/3.2.0-build-12/liblwjgl.so
7f26c06e9000-7f26c08e8000 ---p 00058000 08:01 1580329                    /tmp/lwjglseban649/3.2.0-build-12/liblwjgl.so
7f26c08e8000-7f26c08e9000 r--p 00057000 08:01 1580329                    /tmp/lwjglseban649/3.2.0-build-12/liblwjgl.so
7f26c08e9000-7f26c08ea000 rw-p 00058000 08:01 1580329                    /tmp/lwjglseban649/3.2.0-build-12/liblwjgl.so
7f26c08ea000-7f26c08fb000 r-xp 00000000 00:53 857906                     /sw/jdk1.8.0_102/jre/lib/amd64/libnio.so
7f26c08fb000-7f26c0afa000 ---p 00011000 00:53 857906                     /sw/jdk1.8.0_102/jre/lib/amd64/libnio.so
7f26c0afa000-7f26c0afb000 rw-p 00010000 00:53 857906                     /sw/jdk1.8.0_102/jre/lib/amd64/libnio.so
7f26c0afb000-7f26c0afc000 ---p 00000000 00:00 0 
7f26c0afc000-7f26c0bfc000 rw-p 00000000 00:00 0 
7f26c0bfc000-7f26c0bff000 ---p 00000000 00:00 0 
7f26c0bff000-7f26c0cfd000 rw-p 00000000 00:00 0 
7f26c0cfd000-7f26c0d00000 ---p 00000000 00:00 0 
7f26c0d00000-7f26c0dfe000 rw-p 00000000 00:00 0 
7f26c0dfe000-7f26c0e14000 r-xp 00000000 00:53 857881                     /sw/jdk1.8.0_102/jre/lib/amd64/libnet.so
7f26c0e14000-7f26c1014000 ---p 00016000 00:53 857881                     /sw/jdk1.8.0_102/jre/lib/amd64/libnet.so
7f26c1014000-7f26c1015000 rw-p 00016000 00:53 857881                     /sw/jdk1.8.0_102/jre/lib/amd64/libnet.so
7f26c1015000-7f26c1018000 ---p 00000000 00:00 0 
7f26c1018000-7f26c1116000 rw-p 00000000 00:00 0 
7f26c1116000-7f26c1119000 ---p 00000000 00:00 0 
7f26c1119000-7f26c1217000 rw-p 00000000 00:00 0 
7f26c1217000-7f26c121a000 ---p 00000000 00:00 0 
7f26c121a000-7f26c1318000 rw-p 00000000 00:00 0 
7f26c1318000-7f26c131b000 ---p 00000000 00:00 0 
7f26c131b000-7f26c1419000 rw-p 00000000 00:00 0 
7f26c1419000-7f26c237b000 r--p 00000000 08:01 9857298                    /usr/lib/locale/locale-archive
7f26c237b000-7f26c237e000 ---p 00000000 00:00 0 
7f26c237e000-7f26c247c000 rw-p 00000000 00:00 0 
7f26c247c000-7f26c247f000 ---p 00000000 00:00 0 
7f26c247f000-7f26c257d000 rw-p 00000000 00:00 0 
7f26c257d000-7f26c257e000 ---p 00000000 00:00 0 
7f26c257e000-7f26c348c000 rw-p 00000000 00:00 0 
7f26c348c000-7f26c3664000 r--s 03d29000 00:53 857873                     /sw/jdk1.8.0_102/jre/lib/rt.jar
7f26c3664000-7f26c8000000 rw-p 00000000 00:00 0 
7f26c8000000-7f26c8021000 rw-p 00000000 00:00 0 
7f26c8021000-7f26cc000000 ---p 00000000 00:00 0 
7f26cc000000-7f26cc021000 rw-p 00000000 00:00 0 
7f26cc021000-7f26d0000000 ---p 00000000 00:00 0 
7f26d0000000-7f26d0021000 rw-p 00000000 00:00 0 
7f26d0021000-7f26d4000000 ---p 00000000 00:00 0 
7f26d4000000-7f26d4021000 rw-p 00000000 00:00 0 
7f26d4021000-7f26d8000000 ---p 00000000 00:00 0 
7f26d8004000-7f26d8005000 rw-p 00000000 00:00 0 
7f26d8005000-7f26d8006000 r-xp 00000000 00:00 0 
7f26d8006000-7f26d8008000 rw-s 00000000 08:01 1446267                    /tmp/.glcF94d8 (deleted)
7f26d8008000-7f26d8009000 rw-s 00000000 00:06 488                        /dev/nvidiactl
7f26d8009000-7f26d800d000 rw-s 00000000 00:06 488                        /dev/nvidiactl
7f26d800d000-7f26d800e000 rw-s 00000000 00:06 489                        /dev/nvidia0
7f26d800e000-7f26d800f000 rw-s 00000000 00:06 489                        /dev/nvidia0
7f26d800f000-7f26d802f000 rw-s 00000000 00:06 488                        /dev/nvidiactl
7f26d802f000-7f26d8030000 rw-s 00000000 00:06 488                        /dev/nvidiactl
7f26d8030000-7f26d8031000 rw-s 00000000 00:06 488                        /dev/nvidiactl
7f26d8031000-7f26d8038000 r--s 00000000 08:01 9844102                    /usr/lib/x86_64-linux-gnu/gconv/gconv-modules.cache
7f26d8038000-7f26d8039000 r-xp 00000000 00:00 0 
7f26d8039000-7f26d803d000 r--s 00097000 00:53 857825                     /sw/jdk1.8.0_102/jre/lib/jsse.jar
7f26d803d000-7f26d8047000 r--s 00116000 00:53 857961                     /sw/jdk1.8.0_102/jre/lib/ext/localedata.jar
7f26d8047000-7f26d8049000 r--s 0001a000 00:53 1645765                    /sw/intelliJ-17.3.2/lib/idea_rt.jar
7f26d8049000-7f26d804c000 r--s 00095000 00:52 8060354                    /home/seban649/.gradle/caches/modules-2/files-2.1/org.joml/joml/1.9.11/6ba5510277562a75a6a63c36c8265c68a6b0f4b/joml-1.9.11.jar
7f26d804c000-7f26d804d000 r--s 00014000 00:52 8060346                    /home/seban649/.gradle/caches/modules-2/files-2.1/org.lwjgl/lwjgl/3.2.0/4c23e3f9ae657a52bddfa1c92d1b0ba770259eed/lwjgl-3.2.0-natives-linux.jar
7f26d804d000-7f26d8052000 r--s 00048000 00:52 8060350                    /home/seban649/.gradle/caches/modules-2/files-2.1/org.lwjgl/lwjgl/3.2.0/7723544dc3fc740f0ee59cce9a3a0cecc8681747/lwjgl-3.2.0.jar
7f26d8052000-7f26d8053000 r--s 00030000 00:52 8060348                    /home/seban649/.gradle/caches/modules-2/files-2.1/org.lwjgl/lwjgl-zstd/3.2.0/48cf907fa25df8ae9e929976259a1c04ef728307/lwjgl-zstd-3.2.0-natives-linux.jar
7f26d8053000-7f26d8055000 r--s 0000a000 00:52 8060340                    /home/seban649/.gradle/caches/modules-2/files-2.1/org.lwjgl/lwjgl-zstd/3.2.0/db20308ceaa924afb6e39963b4a275d683cf6f04/lwjgl-zstd-3.2.0.jar
7f26d8055000-7f26d8056000 r--s 0000d000 00:52 8060344                    /home/seban649/.gradle/caches/modules-2/files-2.1/org.lwjgl/lwjgl-yoga/3.2.0/a93b82d14fe96b3b37fc56f0a45f47c565cdff41/lwjgl-yoga-3.2.0-natives-linux.jar
7f26d8056000-7f26d8058000 r--s 0000d000 00:52 8060342                    /home/seban649/.gradle/caches/modules-2/files-2.1/org.lwjgl/lwjgl-yoga/3.2.0/d566fc16dea950e35fb56930c3bb779fc29750f5/lwjgl-yoga-3.2.0.jar
7f26d8058000-7f26d8059000 r--s 00001000 00:52 8060334                    /home/seban649/.gradle/caches/modules-2/files-2.1/org.lwjgl/lwjgl-xxhash/3.2.0/ff4ebba2ea3c041f223afaa6946e5ab92ce6fb4a/lwjgl-xxhash-3.2.0-natives-linux.jar
7f26d8059000-7f26d805a000 r--s 00005000 00:52 8060336                    /home/seban649/.gradle/caches/modules-2/files-2.1/org.lwjgl/lwjgl-xxhash/3.2.0/7033c2821517c8f02155802c4b3e601fe08ca713/lwjgl-xxhash-3.2.0.jar
7f26d805a000-7f26d8072000 r--s 001b8000 00:52 8060338                    /home/seban649/.gradle/caches/modules-2/files-2.1/org.lwjgl/lwjgl-vulkan/3.2.0/944fee3e63dc148f4bf523553bf0fac1c8b36048/lwjgl-vulkan-3.2.0.jar
7f26d8072000-7f26d8073000 r--s 00009000 00:52 8060335                    /home/seban649/.gradle/caches/modules-2/files-2.1/org.lwjgl/lwjgl-vma/3.2.0/11977e3529069b4294b8b8ec330686325285734c/lwjgl-vma-3.2.0-natives-linux.jar
7f26d8073000-7f26d8075000 r--s 0000c000 00:52 8060332                    /home/seban649/.gradle/caches/modules-2/files-2.1/org.lwjgl/lwjgl-vma/3.2.0/c5572eddf2f07bd334e2f45830990529b7a7ecfb/lwjgl-vma-3.2.0.jar
7f26d8075000-7f26d8076000 r--s 0000d000 00:52 8060330                    /home/seban649/.gradle/caches/modules-2/files-2.1/org.lwjgl/lwjgl-tootle/3.2.0/372433239141c0a2afeca8ec2fbf8f55a5e85d5c/lwjgl-tootle-3.2.0-natives-linux.jar
7f26d8076000-7f26d8077000 r--s 00001000 00:52 8060326                    /home/seban649/.gradle/caches/modules-2/files-2.1/org.lwjgl/lwjgl-tootle/3.2.0/ea40d6f06334fe8badc788006f0f725b0d423efd/lwjgl-tootle-3.2.0.jar
7f26d8077000-7f26d8078000 r--s 00009000 00:52 8060328                    /home/seban649/.gradle/caches/modules-2/files-2.1/org.lwjgl/lwjgl-tinyfd/3.2.0/4120536e3301f92b845b494aeaa6292b0b80e9b0/lwjgl-tinyfd-3.2.0-natives-linux.jar
7f26d8078000-7f26d8079000 r--s 00001000 00:52 8060318                    /home/seban649/.gradle/caches/modules-2/files-2.1/org.lwjgl/lwjgl-tinyfd/3.2.0/b9be54e6f401699aa2ccb9325c6146bc9524bff8/lwjgl-tinyfd-3.2.0.jar
7f26d8079000-7f26d807b000 r--s 0000d000 00:52 8060322                    /home/seban649/.gradle/caches/modules-2/files-2.1/org.lwjgl/lwjgl-tinyexr/3.2.0/8edb03cedd317f4fd93406b68dbe0ab7b2c1c95b/lwjgl-tinyexr-3.2.0-natives-linux.jar
7f26d807b000-7f26d807c000 r--s 0000a000 00:52 8060320                    /home/seban649/.gradle/caches/modules-2/files-2.1/org.lwjgl/lwjgl-tinyexr/3.2.0/7d9451d37dea54863e93634211c988bfb037ea54/lwjgl-tinyexr-3.2.0.jar
7f26d807c000-7f26d807d000 r--s 00030000 00:52 8060324                    /home/seban649/.gradle/caches/modules-2/files-2.1/org.lwjgl/lwjgl-stb/3.2.0/1ea72c3849ca94669a9dafe69e8acc7f22fe3925/lwjgl-stb-3.2.0-natives-linux.jar
7f26d807d000-7f26d807f000 r--s 00018000 00:52 8060316                    /home/seban649/.gradle/caches/modules-2/files-2.1/org.lwjgl/lwjgl-stb/3.2.0/cd60eafae0690e024fab99e9864a2ea8e56d86a8/lwjgl-stb-3.2.0.jar
7f26d807f000-7f26d8080000 r--s 00000000 00:52 8060314                    /home/seban649/.gradle/caches/modules-2/files-2.1/org.lwjgl/lwjgl-sse/3.2.0/b4f03b8fe2d1d04857682791dd3cc43895b095c8/lwjgl-sse-3.2.0-natives-linux.jar
7f26d8080000-7f26d8082000 r--s 00000000 00:52 8060312                    /home/seban649/.gradle/caches/modules-2/files-2.1/org.lwjgl/lwjgl-sse/3.2.0/9fa4cee27e4e581d5128a09caaf86b36e5f9442b/lwjgl-sse-3.2.0.jar
7f26d8082000-7f26d8083000 r--s 00002000 00:52 8060310                    /home/seban649/.gradle/caches/modules-2/files-2.1/org.lwjgl/lwjgl-rpmalloc/3.2.0/3d4835f94671139169684677f8236868ee93e114/lwjgl-rpmalloc-3.2.0-natives-linux.jar
7f26d8083000-7f26d8085000 r--s 00004000 00:52 8060308                    /home/seban649/.gradle/caches/modules-2/files-2.1/org.lwjgl/lwjgl-rpmalloc/3.2.0/e0f33b725e154df311bb66780e580e1e10cf10f9/lwjgl-rpmalloc-3.2.0.jar
7f26d8085000-7f26d8086000 r--s 00006000 00:52 8060304                    /home/seban649/.gradle/caches/modules-2/files-2.1/org.lwjgl/lwjgl-remotery/3.2.0/ad8f887a109298642c1acd46e4158f11d7af6fe5/lwjgl-remotery-3.2.0-natives-linux.jar
7f26d8086000-7f26d8087000 r--s 00005000 00:52 8060306                    /home/seban649/.gradle/caches/modules-2/files-2.1/org.lwjgl/lwjgl-remotery/3.2.0/b4cb7eb0b706ffe1f44bc4436cc06552637d5114/lwjgl-remotery-3.2.0.jar
7f26d8087000-7f26d8088000 r--s 00005000 00:52 8060302                    /home/seban649/.gradle/caches/modules-2/files-2.1/org.lwjgl/lwjgl-par/3.2.0/fd07b91ba71cb817765718d7fc6b7495d06c0fe0/lwjgl-par-3.2.0-natives-linux.jar
7f26d8088000-7f26d8089000 r--s 00002000 00:52 8060295                    /home/seban649/.gradle/caches/modules-2/files-2.1/org.lwjgl/lwjgl-par/3.2.0/e8dbde24f5cd8137b5080d5605c3f7a6c49d521e/lwjgl-par-3.2.0.jar
7f26d8089000-7f26d808a000 r--s 0001d000 00:52 8060297                    /home/seban649/.gradle/caches/modules-2/files-2.1/org.lwjgl/lwjgl-openvr/3.2.0/aec33f350a33d7e93c83ca4ffb276669a52178f3/lwjgl-openvr-3.2.0-natives-linux.jar
7f26d808a000-7f26d808f000 r--s 0005c000 00:52 8060293                    /home/seban649/.gradle/caches/modules-2/files-2.1/org.lwjgl/lwjgl-openvr/3.2.0/a7cea7269ed462ee1dcf74569644f236e0e5d39e/lwjgl-openvr-3.2.0.jar
7f26d808f000-7f26d8090000 r--s 00008000 00:52 8060290                    /home/seban649/.gradle/caches/modules-2/files-2.1/org.lwjgl/lwjgl-opengles/3.2.0/330e0c0aec3fe596dc9823605914c8f72a3f1b8f/lwjgl-opengles-3.2.0-natives-linux.jar
7f26d8090000-7f26d8097000 r--s 0004f000 00:52 8060291                    /home/seban649/.gradle/caches/modules-2/files-2.1/org.lwjgl/lwjgl-opengles/3.2.0/9c08765e673face8d9ce98146d339d44fdbc1d31/lwjgl-opengles-3.2.0.jar
7f26d8097000-7f26d8098000 r--s 00012000 00:52 7718995                    /home/seban649/.gradle/caches/modules-2/files-2.1/org.lwjgl/lwjgl-opengl/3.2.0/953ac48def909b1c67fc54299f5c403479ef8ac7/lwjgl-opengl-3.2.0-natives-linux.jar
7f26d8098000-7f26d80a3000 r--s 000d7000 00:52 8060288                    /home/seban649/.gradle/caches/modules-2/files-2.1/org.lwjgl/lwjgl-opengl/3.2.0/1c64c692473a70af297651d369debc93efa2e49f/lwjgl-opengl-3.2.0.jar
7f26d80a3000-7f26d80a6000 r--s 00027000 00:52 8060284                    /home/seban649/.gradle/caches/modules-2/files-2.1/org.lwjgl/lwjgl-opencl/3.2.0/9fcccf3c100dde0196f7bdc7b8553f9f5cf0b31/lwjgl-opencl-3.2.0.jar
7f26d80a6000-7f26d80a7000 r--s 00073000 00:52 8060286                    /home/seban649/.gradle/caches/modules-2/files-2.1/org.lwjgl/lwjgl-openal/3.2.0/7eb647d77d7be270bd494548860befab223687ed/lwjgl-openal-3.2.0-natives-linux.jar
7f26d80a7000-7f26d80aa000 r--s 00011000 00:52 8060281                    /home/seban649/.gradle/caches/modules-2/files-2.1/org.lwjgl/lwjgl-openal/3.2.0/28174519523e11c2f3227359f242d48edfa76654/lwjgl-openal-3.2.0.jar
7f26d80aa000-7f26d80ac000 r--s 00015000 00:52 8060279                    /home/seban649/.gradle/caches/modules-2/files-2.1/org.lwjgl/lwjgl-odbc/3.2.0/9670ed9dbbb348e1ff41d7677a13896a291d17b0/lwjgl-odbc-3.2.0.jar
7f26d80ac000-7f26d80ad000 r--s 00025000 00:52 8060273                    /home/seban649/.gradle/caches/modules-2/files-2.1/org.lwjgl/lwjgl-nuklear/3.2.0/17540bbc8dcddea2d436fc49f51c51b9fb4d7d27/lwjgl-nuklear-3.2.0-natives-linux.jar
7f26d80ad000-7f26d80b3000 r--s 00064000 00:52 8060277                    /home/seban649/.gradle/caches/modules-2/files-2.1/org.lwjgl/lwjgl-nuklear/3.2.0/45c0d59dff82211c78664903db27ed7268cc678a/lwjgl-nuklear-3.2.0.jar
7f26d80b3000-7f26d80b4000 r--s 00001000 00:52 8060271                    /home/seban649/.gradle/caches/modules-2/files-2.1/org.lwjgl/lwjgl-nfd/3.2.0/adb001201e866e6ef30160217ae491a7f1690c83/lwjgl-nfd-3.2.0-natives-linux.jar
7f26d80b4000-7f26d80b6000 r--s 00001000 00:52 8060263                    /home/seban649/.gradle/caches/modules-2/files-2.1/org.lwjgl/lwjgl-nfd/3.2.0/21b13f0fa86921f8112dec00a1437b2d7c96e67f/lwjgl-nfd-3.2.0.jar
7f26d80b6000-7f26d80b7000 r--s 0002d000 00:52 8060269                    /home/seban649/.gradle/caches/modules-2/files-2.1/org.lwjgl/lwjgl-nanovg/3.2.0/8979f0bea3f542afd092690884695ba23bea89b1/lwjgl-nanovg-3.2.0-natives-linux.jar
7f26d80b7000-7f26d80b9000 r--s 0000e000 00:52 8060267                    /home/seban649/.gradle/caches/modules-2/files-2.1/org.lwjgl/lwjgl-nanovg/3.2.0/c5044864cd633fae04951291a2615215df25542b/lwjgl-nanovg-3.2.0.jar
7f26d80b9000-7f26d80bb000 r--s 0000e000 00:52 8060258                    /home/seban649/.gradle/caches/modules-2/files-2.1/org.lwjgl/lwjgl-lz4/3.2.0/ab02fdf6c86e044a786449050861d6a486372dc4/lwjgl-lz4-3.2.0-natives-linux.jar
7f26d80bb000-7f26d80bd000 r--s 0000b000 00:52 8060256                    /home/seban649/.gradle/caches/modules-2/files-2.1/org.lwjgl/lwjgl-lz4/3.2.0/ed9cd62f45765b7026b7898a6f2fe42292e2d15e/lwjgl-lz4-3.2.0.jar
7f26d80bd000-7f26d80be000 r--s 0000e000 00:52 8060260                    /home/seban649/.gradle/caches/modules-2/files-2.1/org.lwjgl/lwjgl-lmdb/3.2.0/b620a1de843383a50c2cb970970688671927a610/lwjgl-lmdb-3.2.0-natives-linux.jar
7f26d80be000-7f26d80c0000 r--s 00006000 00:52 8060250                    /home/seban649/.gradle/caches/modules-2/files-2.1/org.lwjgl/lwjgl-lmdb/3.2.0/f7dd5a61e0d63ea5185a3da7765c5baea9644074/lwjgl-lmdb-3.2.0.jar
7f26d80c0000-7f26d80c1000 r--s 00022000 00:52 8060254                    /home/seban649/.gradle/caches/modules-2/files-2.1/org.lwjgl/lwjgl-jemalloc/3.2.0/f1c41f3a136237b32993d43d9157a42e017039e3/lwjgl-jemalloc-3.2.0-natives-linux.jar
7f26d80c1000-7f26d80c3000 r--s 00008000 00:52 8060252                    /home/seban649/.gradle/caches/modules-2/files-2.1/org.lwjgl/lwjgl-jemalloc/3.2.0/4bdf37d27b1ee9bd9ed789d44c9c7fb022f1c246/lwjgl-jemalloc-3.2.0.jar
7f26d80c3000-7f26d80c7000 r--s 00019000 00:52 8060248                    /home/seban649/.gradle/caches/modules-2/files-2.1/org.lwjgl/lwjgl-glfw/3.2.0/9ff0ed06de0a1d83dd182f2ead48ac4c90865c44/lwjgl-glfw-3.2.0.jar
7f26d80c7000-7f26d80cb000 r--s 0001f000 00:52 8060352                    /home/seban649/.gradle/caches/modules-2/files-2.1/org.lwjgl/lwjgl-egl/3.2.0/78c862f42f3d1a38f98ed82f0c641c98a1950ae0/lwjgl-egl-3.2.0.jar
7f26d80cb000-7f26d81cc000 rw-p 00000000 00:00 0 
7f26d81cc000-7f26d81cd000 ---p 00000000 00:00 0 
7f26d81cd000-7f26d82cd000 rw-p 00000000 00:00 0 
7f26d82cd000-7f26d82ce000 ---p 00000000 00:00 0 
7f26d82ce000-7f26d83ce000 rw-p 00000000 00:00 0 
7f26d83ce000-7f26d83cf000 ---p 00000000 00:00 0 
7f26d83cf000-7f26d84cf000 rw-p 00000000 00:00 0 
7f26d84cf000-7f26d84d0000 ---p 00000000 00:00 0 
7f26d84d0000-7f26d85fa000 rw-p 00000000 00:00 0 
7f26d85fa000-7f26d8863000 ---p 00000000 00:00 0 
7f26d8863000-7f26d888d000 rw-p 00000000 00:00 0 
7f26d888d000-7f26d8af5000 ---p 00000000 00:00 0 
7f26d8af5000-7f26d8b0b000 rw-p 00000000 00:00 0 
7f26d8b0b000-7f26d8c3f000 ---p 00000000 00:00 0 
7f26d8c3f000-7f26d8c4e000 rw-p 00000000 00:00 0 
7f26d8c4e000-7f26d9000000 ---p 00000000 00:00 0 
7f26d9000000-7f26d9370000 rwxp 00000000 00:00 0 
7f26d9370000-7f26e8000000 ---p 00000000 00:00 0 
7f26e8000000-7f26e9fea000 rw-p 00000000 00:00 0 
7f26e9fea000-7f26ec000000 ---p 00000000 00:00 0 
7f26ec000000-7f26ec001000 r--s 00005000 00:52 8060243                    /home/seban649/.gradle/caches/modules-2/files-2.1/org.lwjgl/lwjgl-jawt/3.2.0/a5b9045217cdf5ed364d5f858ce983f9e553c13a/lwjgl-jawt-3.2.0.jar
7f26ec001000-7f26ec002000 r--s 00025000 00:52 8060245                    /home/seban649/.gradle/caches/modules-2/files-2.1/org.lwjgl/lwjgl-glfw/3.2.0/2d270a9146ae47e929f5b6295eeb4e51a5ff577b/lwjgl-glfw-3.2.0-natives-linux.jar
7f26ec002000-7f26ec003000 r--s 00050000 00:52 8060241                    /home/seban649/.gradle/caches/modules-2/files-2.1/org.lwjgl/lwjgl-bgfx/3.2.0/94189c46ca51a2a49423ccd1d401515ca5257882/lwjgl-bgfx-3.2.0-natives-linux.jar
7f26ec003000-7f26ec007000 r--s 00025000 00:52 8060236                    /home/seban649/.gradle/caches/modules-2/files-2.1/org.lwjgl/lwjgl-bgfx/3.2.0/2ee6f1ea8332a3959e54c8387432efbe3d252fbb/lwjgl-bgfx-3.2.0.jar
7f26ec007000-7f26ec008000 r--s 00322000 00:52 8060265                    /home/seban649/.gradle/caches/modules-2/files-2.1/org.lwjgl/lwjgl-assimp/3.2.0/e36e88b2c8cfae5393b4e7006d9ab926c73e2f9d/lwjgl-assimp-3.2.0-natives-linux.jar
7f26ec008000-7f26ec00b000 r--s 00030000 00:52 8060239                    /home/seban649/.gradle/caches/modules-2/files-2.1/org.lwjgl/lwjgl-assimp/3.2.0/c399181a0725dcc3b3edcc6116da7f724c6ad1c6/lwjgl-assimp-3.2.0.jar
7f26ec00b000-7f26ec01e000 r--s 00345000 00:53 858105                     /sw/jdk1.8.0_102/jre/lib/resources.jar
7f26ec01e000-7f26ec030000 r--s 000d6000 00:53 858104                     /sw/jdk1.8.0_102/jre/lib/plugin.jar
7f26ec030000-7f26ec031000 r--s 00000000 00:53 857952                     /sw/jdk1.8.0_102/jre/lib/management-agent.jar
7f26ec031000-7f26ec0f6000 rw-p 00000000 00:00 0 
7f26ec0f6000-7f26ec110000 r-xp 00000000 00:53 857904                     /sw/jdk1.8.0_102/jre/lib/amd64/libzip.so
7f26ec110000-7f26ec310000 ---p 0001a000 00:53 857904                     /sw/jdk1.8.0_102/jre/lib/amd64/libzip.so
7f26ec310000-7f26ec311000 rw-p 0001a000 00:53 857904                     /sw/jdk1.8.0_102/jre/lib/amd64/libzip.so
7f26ec311000-7f26ec31b000 r-xp 00000000 00:53 857942                     /sw/jdk1.8.0_102/jre/lib/amd64/libinstrument.so
7f26ec31b000-7f26ec51a000 ---p 0000a000 00:53 857942                     /sw/jdk1.8.0_102/jre/lib/amd64/libinstrument.so
7f26ec51a000-7f26ec51b000 rw-p 00009000 00:53 857942                     /sw/jdk1.8.0_102/jre/lib/amd64/libinstrument.so
7f26ec51b000-7f26ec545000 r-xp 00000000 00:53 857931                     /sw/jdk1.8.0_102/jre/lib/amd64/libjava.so
7f26ec545000-7f26ec745000 ---p 0002a000 00:53 857931                     /sw/jdk1.8.0_102/jre/lib/amd64/libjava.so
7f26ec745000-7f26ec747000 rw-p 0002a000 00:53 857931                     /sw/jdk1.8.0_102/jre/lib/amd64/libjava.so
7f26ec747000-7f26ec754000 r-xp 00000000 00:53 857882                     /sw/jdk1.8.0_102/jre/lib/amd64/libverify.so
7f26ec754000-7f26ec954000 ---p 0000d000 00:53 857882                     /sw/jdk1.8.0_102/jre/lib/amd64/libverify.so
7f26ec954000-7f26ec956000 rw-p 0000d000 00:53 857882                     /sw/jdk1.8.0_102/jre/lib/amd64/libverify.so
7f26ec956000-7f26ec95d000 r-xp 00000000 08:01 4063640                    /lib/x86_64-linux-gnu/librt-2.19.so
7f26ec95d000-7f26ecb5c000 ---p 00007000 08:01 4063640                    /lib/x86_64-linux-gnu/librt-2.19.so
7f26ecb5c000-7f26ecb5d000 r--p 00006000 08:01 4063640                    /lib/x86_64-linux-gnu/librt-2.19.so
7f26ecb5d000-7f26ecb5e000 rw-p 00007000 08:01 4063640                    /lib/x86_64-linux-gnu/librt-2.19.so
7f26ecb5e000-7f26ecc63000 r-xp 00000000 08:01 4063633                    /lib/x86_64-linux-gnu/libm-2.19.so
7f26ecc63000-7f26ece62000 ---p 00105000 08:01 4063633                    /lib/x86_64-linux-gnu/libm-2.19.so
7f26ece62000-7f26ece63000 r--p 00104000 08:01 4063633                    /lib/x86_64-linux-gnu/libm-2.19.so
7f26ece63000-7f26ece64000 rw-p 00105000 08:01 4063633                    /lib/x86_64-linux-gnu/libm-2.19.so
7f26ece64000-7f26edb30000 r-xp 00000000 00:53 857935                     /sw/jdk1.8.0_102/jre/lib/amd64/server/libjvm.so
7f26edb30000-7f26edd30000 ---p 00ccc000 00:53 857935                     /sw/jdk1.8.0_102/jre/lib/amd64/server/libjvm.so
7f26edd30000-7f26ede09000 rw-p 00ccc000 00:53 857935                     /sw/jdk1.8.0_102/jre/lib/amd64/server/libjvm.so
7f26ede09000-7f26ede54000 rw-p 00000000 00:00 0 
7f26ede54000-7f26ee012000 r-xp 00000000 08:01 4063647                    /lib/x86_64-linux-gnu/libc-2.19.so
7f26ee012000-7f26ee212000 ---p 001be000 08:01 4063647                    /lib/x86_64-linux-gnu/libc-2.19.so
7f26ee212000-7f26ee216000 r--p 001be000 08:01 4063647                    /lib/x86_64-linux-gnu/libc-2.19.so
7f26ee216000-7f26ee218000 rw-p 001c2000 08:01 4063647                    /lib/x86_64-linux-gnu/libc-2.19.so
7f26ee218000-7f26ee21d000 rw-p 00000000 00:00 0 
7f26ee21d000-7f26ee220000 r-xp 00000000 08:01 4063643                    /lib/x86_64-linux-gnu/libdl-2.19.so
7f26ee220000-7f26ee41f000 ---p 00003000 08:01 4063643                    /lib/x86_64-linux-gnu/libdl-2.19.so
7f26ee41f000-7f26ee420000 r--p 00002000 08:01 4063643                    /lib/x86_64-linux-gnu/libdl-2.19.so
7f26ee420000-7f26ee421000 rw-p 00003000 08:01 4063643                    /lib/x86_64-linux-gnu/libdl-2.19.so
7f26ee421000-7f26ee436000 r-xp 00000000 00:53 857016                     /sw/jdk1.8.0_102/lib/amd64/jli/libjli.so
7f26ee436000-7f26ee636000 ---p 00015000 00:53 857016                     /sw/jdk1.8.0_102/lib/amd64/jli/libjli.so
7f26ee636000-7f26ee637000 rw-p 00015000 00:53 857016                     /sw/jdk1.8.0_102/lib/amd64/jli/libjli.so
7f26ee637000-7f26ee650000 r-xp 00000000 08:01 4063639                    /lib/x86_64-linux-gnu/libpthread-2.19.so
7f26ee650000-7f26ee84f000 ---p 00019000 08:01 4063639                    /lib/x86_64-linux-gnu/libpthread-2.19.so
7f26ee84f000-7f26ee850000 r--p 00018000 08:01 4063639                    /lib/x86_64-linux-gnu/libpthread-2.19.so
7f26ee850000-7f26ee851000 rw-p 00019000 08:01 4063639                    /lib/x86_64-linux-gnu/libpthread-2.19.so
7f26ee851000-7f26ee855000 rw-p 00000000 00:00 0 
7f26ee855000-7f26ee878000 r-xp 00000000 08:01 4063636                    /lib/x86_64-linux-gnu/ld-2.19.so
7f26ee878000-7f26ee87c000 r--s 00097000 00:53 857825                     /sw/jdk1.8.0_102/jre/lib/jsse.jar
7f26ee87c000-7f26ee87e000 r--s 00007000 00:53 857946                     /sw/jdk1.8.0_102/jre/lib/jfxswt.jar
7f26ee87e000-7f26ee883000 r--s 00084000 00:53 857980                     /sw/jdk1.8.0_102/jre/lib/jfr.jar
7f26ee883000-7f26ee88d000 r--s 0006c000 00:53 857988                     /sw/jdk1.8.0_102/jre/lib/javaws.jar
7f26ee88d000-7f26ee8a8000 r--s 00208000 00:53 857989                     /sw/jdk1.8.0_102/jre/lib/deploy.jar
7f26ee8a8000-7f26ee8ad000 r--s 002f9000 00:53 857826                     /sw/jdk1.8.0_102/jre/lib/charsets.jar
7f26ee8ad000-7f26ee908000 rw-p 00000000 00:00 0 
7f26ee908000-7f26ee93d000 r--s 00000000 08:01 13107341                   /var/cache/nscd/passwd
7f26ee93d000-7f26ee940000 ---p 00000000 00:00 0 
7f26ee940000-7f26eea42000 rw-p 00000000 00:00 0 
7f26eea42000-7f26eea45000 r--s 0001a000 00:53 858135                     /sw/jdk1.8.0_102/jre/lib/jce.jar
7f26eea45000-7f26eea6c000 rw-p 00000000 00:00 0 
7f26eea6c000-7f26eea74000 rw-s 00000000 08:01 1446263                    /tmp/hsperfdata_seban649/9933
7f26eea74000-7f26eea75000 rw-p 00000000 00:00 0 
7f26eea75000-7f26eea76000 r--p 00000000 00:00 0 
7f26eea76000-7f26eea77000 rw-p 00000000 00:00 0 
7f26eea77000-7f26eea78000 r--p 00022000 08:01 4063636                    /lib/x86_64-linux-gnu/ld-2.19.so
7f26eea78000-7f26eea79000 rw-p 00023000 08:01 4063636                    /lib/x86_64-linux-gnu/ld-2.19.so
7f26eea79000-7f26eea7a000 rw-p 00000000 00:00 0 
7ffc1d478000-7ffc1d49c000 rw-p 00000000 00:00 0                          [stack]
7ffc1d4d5000-7ffc1d4d8000 r--p 00000000 00:00 0                          [vvar]
7ffc1d4d8000-7ffc1d4da000 r-xp 00000000 00:00 0                          [vdso]
ffffffffff600000-ffffffffff601000 r-xp 00000000 00:00 0                  [vsyscall]

VM Arguments:
jvm_args: -javaagent:/sw/intelliJ-17.3.2/lib/idea_rt.jar=40425:/sw/intelliJ-17.3.2/bin -Dfile.encoding=UTF-8 
java_command: HelloWorld
java_class_path (initial): /sw/jdk1.8.0_102/jre/lib/charsets.jar:/sw/jdk1.8.0_102/jre/lib/deploy.jar:/sw/jdk1.8.0_102/jre/lib/ext/cldrdata.jar:/sw/jdk1.8.0_102/jre/lib/ext/dnsns.jar:/sw/jdk1.8.0_102/jre/lib/ext/jaccess.jar:/sw/jdk1.8.0_102/jre/lib/ext/jfxrt.jar:/sw/jdk1.8.0_102/jre/lib/ext/localedata.jar:/sw/jdk1.8.0_102/jre/lib/ext/nashorn.jar:/sw/jdk1.8.0_102/jre/lib/ext/sunec.jar:/sw/jdk1.8.0_102/jre/lib/ext/sunjce_provider.jar:/sw/jdk1.8.0_102/jre/lib/ext/sunpkcs11.jar:/sw/jdk1.8.0_102/jre/lib/ext/zipfs.jar:/sw/jdk1.8.0_102/jre/lib/javaws.jar:/sw/jdk1.8.0_102/jre/lib/jce.jar:/sw/jdk1.8.0_102/jre/lib/jfr.jar:/sw/jdk1.8.0_102/jre/lib/jfxswt.jar:/sw/jdk1.8.0_102/jre/lib/jsse.jar:/sw/jdk1.8.0_102/jre/lib/management-agent.jar:/sw/jdk1.8.0_102/jre/lib/plugin.jar:/sw/jdk1.8.0_102/jre/lib/resources.jar:/sw/jdk1.8.0_102/jre/lib/rt.jar:/home/seban649/Documents/gits/OpenGLCandy/out/production/classes:/home/seban649/.gradle/caches/modules-2/files-2.1/org.lwjgl/lwjgl-assimp/3.2.0/c399181a0725dcc3b3edcc6116da7f724c6ad1c6/lwjgl-assimp-3.2.0.jar:/home/seban649/.gradle/caches/modules-2/files-2.1/org.lwjgl/lwjgl-assimp/3.2.0/e36e88b2c8cfae5393b4e7006d9ab926c73e2f9d/lwjgl-assimp-3.2.0-natives-linux.jar:/home/seban649/.gradle/caches/modules-2/files-2.1/org.lwjgl/lwjgl-bgfx/3.2.0/2ee6f1ea8332a3959e54c8387432efbe3d252fbb/lwjgl-bgfx-3.2.0.jar:/home/seban649/.gradle/caches/modules-2/files-2.1/org.lwjgl/lwjgl-bgfx/3.2.0/94189c46ca51a2a49423ccd1d401515ca5257882/lwjgl-bgfx-3.2.0-natives-linux.jar:/home/seban649/.gradle/caches/modules-2/files-2.1/org.lwjgl/lwjgl-egl/3.2.0/78c862f42f3d1a38f98ed82f0c641c98a1950ae0/lwjgl-egl-3.2.0.jar:/home/seban649/.gradle/caches/modules-2/files-2.1/org.lwjgl/lwjgl-glfw/3.2.0/9ff0ed06de0a1d83dd182f2ead48ac4c90865c44/lwjgl-glfw-3.2.0.jar:/home/seban649/.gradle/caches/modules-2/files-2.1/org.lwjgl/lwjgl-glfw/3.2.0/2d270a9146ae47e929f5b6295eeb4e51a5ff577b/lwjgl-glfw-3.2.0-natives-linux.jar:/home/seban649/.gradle/caches/modules-2/files-2.1/org.lwjgl/lwjgl-jawt
Launcher Type: SUN_STANDARD

Environment Variables:
JAVA_HOME=/sw/jdk8/
CLASSPATH=/sw/intelliJ-17.3.2/lib/bootstrap.jar:/sw/intelliJ-17.3.2/lib/extensions.jar:/sw/intelliJ-17.3.2/lib/util.jar:/sw/intelliJ-17.3.2/lib/jdom.jar:/sw/intelliJ-17.3.2/lib/log4j.jar:/sw/intelliJ-17.3.2/lib/trove4j.jar:/sw/intelliJ-17.3.2/lib/jna.jar:/sw/intelliJ-17.3.2/jre64/lib/tools.jar
PATH=/usr/local/bin:/bin:/usr/bin:/sw/local/bin:/usr/games:.:/opt/thinlinc/bin:/usr/local/cuda/bin:/usr/local/cuda/nvvm/bin:/usr/local/cuda/bin:/usr/local/cuda/nvvm/bin
USERNAME=seban649
LD_LIBRARY_PATH=:/usr/local/cuda/lib64:/usr/local/cuda/nvvm/lib64:/usr/local/cuda/lib64:/usr/local/cuda/nvvm/lib64
SHELL=/bin/bash
DISPLAY=:0.0
OSTYPE=linux-gnu

Signal Handlers:
SIGSEGV: [libjvm.so+0xac5b30], sa_mask[0]=11111111011111111101111111111110, sa_flags=SA_RESTART|SA_SIGINFO
SIGBUS: [libjvm.so+0xac5b30], sa_mask[0]=11111111011111111101111111111110, sa_flags=SA_RESTART|SA_SIGINFO
SIGFPE: [libjvm.so+0x91f470], sa_mask[0]=11111111011111111101111111111110, sa_flags=SA_RESTART|SA_SIGINFO
SIGPIPE: [libjvm.so+0x91f470], sa_mask[0]=11111111011111111101111111111110, sa_flags=SA_RESTART|SA_SIGINFO
SIGXFSZ: [libjvm.so+0x91f470], sa_mask[0]=11111111011111111101111111111110, sa_flags=SA_RESTART|SA_SIGINFO
SIGILL: [libjvm.so+0x91f470], sa_mask[0]=11111111011111111101111111111110, sa_flags=SA_RESTART|SA_SIGINFO
SIGUSR1: SIG_DFL, sa_mask[0]=00000000000000000000000000000000, sa_flags=none
SIGUSR2: [libjvm.so+0x920aa0], sa_mask[0]=00100000000000000000000000000000, sa_flags=SA_RESTART|SA_SIGINFO
SIGHUP: [libjvm.so+0x921ea0], sa_mask[0]=11111111011111111101111111111110, sa_flags=SA_RESTART|SA_SIGINFO
SIGINT: [libjvm.so+0x921ea0], sa_mask[0]=11111111011111111101111111111110, sa_flags=SA_RESTART|SA_SIGINFO
SIGTERM: [libjvm.so+0x921ea0], sa_mask[0]=11111111011111111101111111111110, sa_flags=SA_RESTART|SA_SIGINFO
SIGQUIT: [libjvm.so+0x921ea0], sa_mask[0]=11111111011111111101111111111110, sa_flags=SA_RESTART|SA_SIGINFO


---------------  S Y S T E M  ---------------

OS:DISTRIB_ID=LinuxMint
DISTRIB_RELEASE=17.3
DISTRIB_CODENAME=rosa
DISTRIB_DESCRIPTION="Linux Mint 17.3 Rosa"

uname:Linux 4.4.0-138-generic #164~14.04.1-Ubuntu SMP Fri Oct 5 08:56:16 UTC 2018 x86_64
libc:glibc 2.19 NPTL 2.19 
rlimit: STACK 8192k, CORE 0k, NPROC 31497, NOFILE 4096, AS infinity
load average:0,44 0,67 0,68

/proc/meminfo:
MemTotal:        8091100 kB
MemFree:          772948 kB
MemAvailable:    4320132 kB
Buffers:          510096 kB
Cached:          2518784 kB
SwapCached:            0 kB
Active:          5107684 kB
Inactive:        1157252 kB
Active(anon):    3238356 kB
Inactive(anon):    57908 kB
Active(file):    1869328 kB
Inactive(file):  1099344 kB
Unevictable:           0 kB
Mlocked:               0 kB
SwapTotal:             0 kB
SwapFree:              0 kB
Dirty:              7556 kB
Writeback:             0 kB
AnonPages:       3236404 kB
Mapped:           409820 kB
Shmem:             60212 kB
Slab:             930860 kB
SReclaimable:     884440 kB
SUnreclaim:        46420 kB
KernelStack:       11152 kB
PageTables:        28876 kB
NFS_Unstable:         12 kB
Bounce:                0 kB
WritebackTmp:          0 kB
CommitLimit:     4045548 kB
Committed_AS:    5563776 kB
VmallocTotal:   34359738367 kB
VmallocUsed:           0 kB
VmallocChunk:          0 kB
HardwareCorrupted:     0 kB
AnonHugePages:         0 kB
CmaTotal:              0 kB
CmaFree:               0 kB
HugePages_Total:       0
HugePages_Free:        0
HugePages_Rsvd:        0
HugePages_Surp:        0
Hugepagesize:       2048 kB
DirectMap4k:      223232 kB
DirectMap2M:     5984256 kB
DirectMap1G:     4194304 kB


CPU:total 4 (4 cores per cpu, 1 threads per core) family 6 model 45 stepping 7, cmov, cx8, fxsr, mmx, sse, sse2, sse3, ssse3, sse4.1, sse4.2, popcnt, avx, aes, clmul, tsc, tscinvbit, tscinv

/proc/cpuinfo:
processor	: 0
vendor_id	: GenuineIntel
cpu family	: 6
model		: 45
model name	: Intel(R) Xeon(R) CPU E5-1607 0 @ 3.00GHz
stepping	: 7
microcode	: 0x714
cpu MHz		: 3000.000
cache size	: 10240 KB
physical id	: 0
siblings	: 4
core id		: 0
cpu cores	: 4
apicid		: 0
initial apicid	: 0
fpu		: yes
fpu_exception	: yes
cpuid level	: 13
wp		: yes
flags		: fpu vme de pse tsc msr pae mce cx8 apic sep mtrr pge mca cmov pat pse36 clflush dts acpi mmx fxsr sse sse2 ss ht tm pbe syscall nx pdpe1gb rdtscp lm constant_tsc arch_perfmon pebs bts rep_good nopl xtopology nonstop_tsc aperfmperf pni pclmulqdq dtes64 monitor ds_cpl vmx smx est tm2 ssse3 cx16 xtpr pdcm pcid dca sse4_1 sse4_2 x2apic popcnt tsc_deadline_timer aes xsave avx lahf_lm epb ssbd ibrs ibpb stibp kaiser tpr_shadow vnmi flexpriority ept vpid xsaveopt dtherm arat pln pts flush_l1d
bugs		: cpu_meltdown spectre_v1 spectre_v2 spec_store_bypass l1tf
bogomips	: 5985.39
clflush size	: 64
cache_alignment	: 64
address sizes	: 46 bits physical, 48 bits virtual
power management:

processor	: 1
vendor_id	: GenuineIntel
cpu family	: 6
model		: 45
model name	: Intel(R) Xeon(R) CPU E5-1607 0 @ 3.00GHz
stepping	: 7
microcode	: 0x714
cpu MHz		: 3000.000
cache size	: 10240 KB
physical id	: 0
siblings	: 4
core id		: 1
cpu cores	: 4
apicid		: 2
initial apicid	: 2
fpu		: yes
fpu_exception	: yes
cpuid level	: 13
wp		: yes
flags		: fpu vme de pse tsc msr pae mce cx8 apic sep mtrr pge mca cmov pat pse36 clflush dts acpi mmx fxsr sse sse2 ss ht tm pbe syscall nx pdpe1gb rdtscp lm constant_tsc arch_perfmon pebs bts rep_good nopl xtopology nonstop_tsc aperfmperf pni pclmulqdq dtes64 monitor ds_cpl vmx smx est tm2 ssse3 cx16 xtpr pdcm pcid dca sse4_1 sse4_2 x2apic popcnt tsc_deadline_timer aes xsave avx lahf_lm epb ssbd ibrs ibpb stibp kaiser tpr_shadow vnmi flexpriority ept vpid xsaveopt dtherm arat pln pts flush_l1d
bugs		: cpu_meltdown spectre_v1 spectre_v2 spec_store_bypass l1tf
bogomips	: 5985.39
clflush size	: 64
cache_alignment	: 64
address sizes	: 46 bits physical, 48 bits virtual
power management:

processor	: 2
vendor_id	: GenuineIntel
cpu family	: 6
model		: 45
model name	: Intel(R) Xeon(R) CPU E5-1607 0 @ 3.00GHz
stepping	: 7
microcode	: 0x714
cpu MHz		: 3000.000
cache size	: 10240 KB
physical id	: 0
siblings	: 4
core id		: 2
cpu cores	: 4
apicid		: 4
initial apicid	: 4
fpu		: yes
fpu_exception	: yes
cpuid level	: 13
wp		: yes
flags		: fpu vme de pse tsc msr pae mce cx8 apic sep mtrr pge mca cmov pat pse36 clflush dts acpi mmx fxsr sse sse2 ss ht tm pbe syscall nx pdpe1gb rdtscp lm constant_tsc arch_perfmon pebs bts rep_good nopl xtopology nonstop_tsc aperfmperf pni pclmulqdq dtes64 monitor ds_cpl vmx smx est tm2 ssse3 cx16 xtpr pdcm pcid dca sse4_1 sse4_2 x2apic popcnt tsc_deadline_timer aes xsave avx lahf_lm epb ssbd ibrs ibpb stibp kaiser tpr_shadow vnmi flexpriority ept vpid xsaveopt dtherm arat pln pts flush_l1d
bugs		: cpu_meltdown spectre_v1 spectre_v2 spec_store_bypass l1tf
bogomips	: 5985.39
clflush size	: 64
cache_alignment	: 64
address sizes	: 46 bits physical, 48 bits virtual
power management:

processor	: 3
vendor_id	: GenuineIntel
cpu family	: 6
model		: 45
model name	: Intel(R) Xeon(R) CPU E5-1607 0 @ 3.00GHz
stepping	: 7
microcode	: 0x714
cpu MHz		: 3000.000
cache size	: 10240 KB
physical id	: 0
siblings	: 4
core id		: 3
cpu cores	: 4
apicid		: 6
initial apicid	: 6
fpu		: yes
fpu_exception	: yes
cpuid level	: 13
wp		: yes
flags		: fpu vme de pse tsc msr pae mce cx8 apic sep mtrr pge mca cmov pat pse36 clflush dts acpi mmx fxsr sse sse2 ss ht tm pbe syscall nx pdpe1gb rdtscp lm constant_tsc arch_perfmon pebs bts rep_good nopl xtopology nonstop_tsc aperfmperf pni pclmulqdq dtes64 monitor ds_cpl vmx smx est tm2 ssse3 cx16 xtpr pdcm pcid dca sse4_1 sse4_2 x2apic popcnt tsc_deadline_timer aes xsave avx lahf_lm epb ssbd ibrs ibpb stibp kaiser tpr_shadow vnmi flexpriority ept vpid xsaveopt dtherm arat pln pts flush_l1d
bugs		: cpu_meltdown spectre_v1 spectre_v2 spec_store_bypass l1tf
bogomips	: 5985.39
clflush size	: 64
cache_alignment	: 64
address sizes	: 46 bits physical, 48 bits virtual
power management:



Memory: 4k page, physical 8091100k(772948k free), swap 0k(0k free)

vm_info: Java HotSpot(TM) 64-Bit Server VM (25.102-b14) for linux-amd64 JRE (1.8.0_102-b14), built on Jun 22 2016 18:43:17 by "java_re" with gcc 4.3.0 20080428 (Red Hat 4.3.0-8)

time: Fri Nov  9 14:46:06 2018
elapsed time: 1 seconds (0d 0h 0m 1s)

