#
# A fatal error has been detected by the Java Runtime Environment:
#
#  SIGSEGV (0xb) at pc=0x00007f124b09c220, pid=10296, tid=0x00007f1275400700
#
# JRE version: Java(TM) SE Runtime Environment (8.0_102-b14) (build 1.8.0_102-b14)
# Java VM: Java HotSpot(TM) 64-Bit Server VM (25.102-b14 mixed mode linux-amd64 compressed oops)
# Problematic frame:
# C  [libnvidia-glcore.so.410.72+0xe7b220]
#
# Failed to write core dump. Core dumps have been disabled. To enable core dumping, try "ulimit -c unlimited" before starting Java again
#
# If you would like to submit a bug report, please visit:
#   http://bugreport.java.com/bugreport/crash.jsp
# The crash happened outside the Java Virtual Machine in native code.
# See problematic frame for where to report the bug.
#

---------------  T H R E A D  ---------------

Current thread (0x00007f126c00d000):  JavaThread "main" [_thread_in_native, id=10298, stack(0x00007f1275300000,0x00007f1275401000)]

siginfo: si_signo: 11 (SIGSEGV), si_code: 1 (SEGV_MAPERR), si_addr: 0x0000000000000000

Registers:
RAX=0x00007f126cf29708, RBX=0x00007f126cf29408, RCX=0x00000000000009c7, RDX=0x0000000000000010
RSP=0x00007f12753ff2e8, RBP=0x00007f126c89b430, RSI=0x0000000000000000, RDI=0x00007f1249f30a68
R8 =0x00007f1249f30a68, R9 =0x00000000000009c7, R10=0x0000000000000000, R11=0x0000000000000000
R12=0x00007f126cf29a10, R13=0x00007f126c852670, R14=0x00007f126c852660, R15=0x00007f1249ef4b5c
RIP=0x00007f124b09c220, EFLAGS=0x0000000000010246, CSGSFS=0x0000000000000033, ERR=0x0000000000000004
  TRAPNO=0x000000000000000e

Top of Stack: (sp=0x00007f12753ff2e8)
0x00007f12753ff2e8:   00007f124b16d873 0000000000000001
0x00007f12753ff2f8:   00007f126ce4a010 00007f126c852670
0x00007f12753ff308:   00000000005d08e0 00000000000009c7
0x00007f12753ff318:   0000000041586000 00007f1249f30a68
0x00007f12753ff328:   00007f124b09c210 0000000100cc76d8
0x00007f12753ff338:   00007f126cf29408 0000000000000000
0x00007f12753ff348:   00007f124abfa8fe 00007f126ce4aea0
0x00007f12753ff358:   000000014afabf04 0000000000000000
0x00007f12753ff368:   00007f126cf29708 00007f126c966418
0x00007f12753ff378:   0000000000000000 0000000000000004
0x00007f12753ff388:   10c0000000000000 0000000000000004
0x00007f12753ff398:   10c0000000000000 00007f126c00d980
0x00007f12753ff3a8:   00007f126c852670 0000000041586000
0x00007f12753ff3b8:   00007f126cf29a10 00007f126c852670
0x00007f12753ff3c8:   00007f126c852660 00000000415dca28
0x00007f12753ff3d8:   00007f124b172194 00007f12753ff4ac
0x00007f12753ff3e8:   00007f12753ff4a8 0000140549a5b5a0
0x00007f12753ff3f8:   ffffffff00003a38 0000000400000000
0x00007f12753ff408:   00000000415861f8 00007f126c89b430
0x00007f12753ff418:   00007f12753ff290 0000000074785501
0x00007f12753ff428:   00007f1275400700 00007f1249a5b5a0
0x00007f12753ff438:   00007f126c00d000 0000000000000004
0x00007f12753ff448:   00c0000000000000 00007f1249a5b5a0
0x00007f12753ff458:   00007f126cf29a10 0000000041586000
0x00007f12753ff468:   00007f126cf29408 0000000000000000
0x00007f12753ff478:   00007f124b1730f3 0000000074785501
0x00007f12753ff488:   00007f1275400700 00007f12753ff4b0
0x00007f12753ff498:   00007f126c00d000 00007f1241586001
0x00007f12753ff4a8:   00000000000009c7 00007f1249a5b5a0
0x00007f12753ff4b8:   0000000041586000 00000000415d08a0
0x00007f12753ff4c8:   0000000000000004 0000000000001405
0x00007f12753ff4d8:   0000000000000010 0000000000000000 

Instructions: (pc=0x00007f124b09c220)
0x00007f124b09c200:   d0 48 8d 44 07 0c c3 90 90 90 90 90 90 90 90 90
0x00007f124b09c210:   48 63 d2 49 89 f8 41 89 c9 0f 1f 80 00 00 00 00
0x00007f124b09c220:   8b 06 41 89 00 8b 46 04 41 89 40 04 8b 46 08 41
0x00007f124b09c230:   89 40 08 8b 46 0c 48 01 d6 41 89 40 0c 49 83 c0 

Register to memory mapping:

RAX=0x00007f126cf29708 is an unknown value
RBX=0x00007f126cf29408 is an unknown value
RCX=0x00000000000009c7 is an unknown value
RDX=0x0000000000000010 is an unknown value
RSP=0x00007f12753ff2e8 is pointing into the stack for thread: 0x00007f126c00d000
RBP=0x00007f126c89b430 is an unknown value
RSI=0x0000000000000000 is an unknown value
RDI=0x00007f1249f30a68 is an unknown value
R8 =0x00007f1249f30a68 is an unknown value
R9 =0x00000000000009c7 is an unknown value
R10=0x0000000000000000 is an unknown value
R11=0x0000000000000000 is an unknown value
R12=0x00007f126cf29a10 is an unknown value
R13=0x00007f126c852670 is an unknown value
R14=0x00007f126c852660 is an unknown value
R15=0x00007f1249ef4b5c is an unknown value


Stack: [0x00007f1275300000,0x00007f1275401000],  sp=0x00007f12753ff2e8,  free space=1020k
Native frames: (J=compiled Java code, j=interpreted, Vv=VM code, C=native code)
C  [libnvidia-glcore.so.410.72+0xe7b220]

Java frames: (J=compiled Java code, j=interpreted, Vv=VM code)
j  org.lwjgl.opengl.GL11C.nglDrawElements(IIIJ)V+0
j  org.lwjgl.opengl.GL11C.glDrawElements(IIIJ)V+4
j  org.lwjgl.opengl.GL11.glDrawElements(IIIJ)V+4
j  engine.model.Model.draw(Lengine/Camera;Lengine/Transform;)V+51
j  engine.GameObject.draw(Lengine/Camera;)V+20
j  engine.ObjectScene.draw()V+32
j  HelloWorld.loop()V+100
j  HelloWorld.run()V+37
j  HelloWorld.main([Ljava/lang/String;)V+7
v  ~StubRoutines::call_stub

---------------  P R O C E S S  ---------------

Java Threads: ( => current thread )
  0x00007f126c452800 JavaThread "Service Thread" daemon [_thread_blocked, id=10324, stack(0x00007f1258735000,0x00007f1258836000)]
  0x00007f126c445800 JavaThread "C1 CompilerThread2" daemon [_thread_blocked, id=10323, stack(0x00007f1258836000,0x00007f1258937000)]
  0x00007f126c442000 JavaThread "C2 CompilerThread1" daemon [_thread_in_native, id=10322, stack(0x00007f1258937000,0x00007f1258a38000)]
  0x00007f126c440000 JavaThread "C2 CompilerThread0" daemon [_thread_in_native, id=10321, stack(0x00007f1258a38000,0x00007f1258b39000)]
  0x00007f126c43b800 JavaThread "Monitor Ctrl-Break" daemon [_thread_in_native, id=10320, stack(0x00007f1258b39000,0x00007f1258c3a000)]
  0x00007f126c181800 JavaThread "Signal Dispatcher" daemon [_thread_blocked, id=10319, stack(0x00007f1258c3a000,0x00007f1258d3b000)]
  0x00007f126c14e800 JavaThread "Finalizer" daemon [_thread_blocked, id=10312, stack(0x00007f1258d3b000,0x00007f1258e3c000)]
  0x00007f126c149800 JavaThread "Reference Handler" daemon [_thread_blocked, id=10311, stack(0x00007f1258e3c000,0x00007f1258f3d000)]
=>0x00007f126c00d000 JavaThread "main" [_thread_in_native, id=10298, stack(0x00007f1275300000,0x00007f1275401000)]

Other Threads:
  0x00007f126c142000 VMThread [stack: 0x00007f1258f3d000,0x00007f125903e000] [id=10308]
  0x00007f126c457800 WatcherThread [stack: 0x00007f125841d000,0x00007f125851e000] [id=10325]

VM state:not at safepoint (normal execution)

VM Mutex/Monitor currently owned by a thread: None

Heap:
 PSYoungGen      total 36864K, used 20580K [0x00000000d6d80000, 0x00000000d9680000, 0x0000000100000000)
  eden space 31744K, 50% used [0x00000000d6d80000,0x00000000d7d0d4e0,0x00000000d8c80000)
  from space 5120K, 90% used [0x00000000d8c80000,0x00000000d910be90,0x00000000d9180000)
  to   space 5120K, 0% used [0x00000000d9180000,0x00000000d9180000,0x00000000d9680000)
 ParOldGen       total 84992K, used 16K [0x0000000084800000, 0x0000000089b00000, 0x00000000d6d80000)
  object space 84992K, 0% used [0x0000000084800000,0x0000000084804000,0x0000000089b00000)
 Metaspace       used 11104K, capacity 11337K, committed 11520K, reserved 1060864K
  class space    used 857K, capacity 935K, committed 1024K, reserved 1048576K

Card table byte_map: [0x00007f127231c000,0x00007f12726f9000] byte_map_base: 0x00007f1271ef8000

Marking Bits: (ParMarkBitMap*) 0x00007f12747e9c60
 Begin Bits: [0x00007f1259240000, 0x00007f125b120000)
 End Bits:   [0x00007f125b120000, 0x00007f125d000000)

Polling page: 0x00007f1275438000

CodeCache: size=245760Kb used=3399Kb max_used=3411Kb free=242360Kb
 bounds [0x00007f125d000000, 0x00007f125d360000, 0x00007f126c000000]
 total_blobs=1726 nmethods=808 adapters=832
 compilation: enabled

Compilation events (10 events):
Event: 1,151 Thread 0x00007f126c445800  809       2       sun.nio.cs.UTF_8$Decoder::decodeLoop (28 bytes)
Event: 1,151 Thread 0x00007f126c445800 nmethod 809 0x00007f125d342190 code [0x00007f125d342300, 0x00007f125d342518]
Event: 1,154 Thread 0x00007f126c440000 nmethod 781 0x00007f125d34e7d0 code [0x00007f125d34ea80, 0x00007f125d350030]
Event: 1,154 Thread 0x00007f126c440000  807       4       java.util.AbstractCollection::toArray (147 bytes)
Event: 1,157 Thread 0x00007f126c445800  818       2       java.nio.ByteBuffer::arrayOffset (35 bytes)
Event: 1,157 Thread 0x00007f126c445800 nmethod 818 0x00007f125d341c50 code [0x00007f125d341de0, 0x00007f125d342058]
Event: 1,162 Thread 0x00007f126c440000 nmethod 807 0x00007f125d351c10 code [0x00007f125d351d80, 0x00007f125d352238]
Event: 1,162 Thread 0x00007f126c440000  810       4       java.lang.String::split (326 bytes)
Event: 1,170 Thread 0x00007f126c442000 nmethod 793 0x00007f125d33ecd0 code [0x00007f125d33eec0, 0x00007f125d33fee0]
Event: 1,170 Thread 0x00007f126c442000  783 %     4       sun.nio.cs.UTF_8$Decoder::decodeArrayLoop @ 73 (691 bytes)

GC Heap History (2 events):
Event: 1,060 GC heap before
{Heap before GC invocations=1 (full 0):
 PSYoungGen      total 36864K, used 31744K [0x00000000d6d80000, 0x00000000d9680000, 0x0000000100000000)
  eden space 31744K, 100% used [0x00000000d6d80000,0x00000000d8c80000,0x00000000d8c80000)
  from space 5120K, 0% used [0x00000000d9180000,0x00000000d9180000,0x00000000d9680000)
  to   space 5120K, 0% used [0x00000000d8c80000,0x00000000d8c80000,0x00000000d9180000)
 ParOldGen       total 84992K, used 0K [0x0000000084800000, 0x0000000089b00000, 0x00000000d6d80000)
  object space 84992K, 0% used [0x0000000084800000,0x0000000084800000,0x0000000089b00000)
 Metaspace       used 10836K, capacity 11081K, committed 11264K, reserved 1058816K
  class space    used 853K, capacity 935K, committed 1024K, reserved 1048576K
Event: 1,066 GC heap after
Heap after GC invocations=1 (full 0):
 PSYoungGen      total 36864K, used 4655K [0x00000000d6d80000, 0x00000000d9680000, 0x0000000100000000)
  eden space 31744K, 0% used [0x00000000d6d80000,0x00000000d6d80000,0x00000000d8c80000)
  from space 5120K, 90% used [0x00000000d8c80000,0x00000000d910be90,0x00000000d9180000)
  to   space 5120K, 0% used [0x00000000d9180000,0x00000000d9180000,0x00000000d9680000)
 ParOldGen       total 84992K, used 16K [0x0000000084800000, 0x0000000089b00000, 0x00000000d6d80000)
  object space 84992K, 0% used [0x0000000084800000,0x0000000084804000,0x0000000089b00000)
 Metaspace       used 10836K, capacity 11081K, committed 11264K, reserved 1058816K
  class space    used 853K, capacity 935K, committed 1024K, reserved 1048576K
}

Deoptimization events (5 events):
Event: 0,387 Thread 0x00007f126c00d000 Uncommon trap: reason=unstable_if action=reinterpret pc=0x00007f125d1b3518 method=java.lang.String.indexOf([CII[CIII)I @ 3
Event: 0,476 Thread 0x00007f126c00d000 Uncommon trap: reason=unstable_if action=reinterpret pc=0x00007f125d211c10 method=java.util.HashMap.getNode(ILjava/lang/Object;)Ljava/util/HashMap$Node; @ 116
Event: 0,479 Thread 0x00007f126c00d000 Uncommon trap: reason=unstable_if action=reinterpret pc=0x00007f125d1d6874 method=java.util.HashMap.getNode(ILjava/lang/Object;)Ljava/util/HashMap$Node; @ 116
Event: 0,641 Thread 0x00007f126c00d000 Uncommon trap: reason=unstable_if action=reinterpret pc=0x00007f125d1c6b44 method=java.lang.String.replace(CC)Ljava/lang/String; @ 26
Event: 1,121 Thread 0x00007f126c00d000 Uncommon trap: reason=unstable_if action=reinterpret pc=0x00007f125d33b1d0 method=java.io.BufferedReader.readLine(Z)Ljava/lang/String; @ 192

Internal exceptions (10 events):
Event: 0,952 Thread 0x00007f126c00d000 Exception <a 'java/security/PrivilegedActionException'> (0x00000000d880d8a8) thrown at [/HUDSON3/workspace/8-2-build-linux-amd64/jdk8u102/7268/hotspot/src/share/vm/prims/jvm.cpp, line 1386]
Event: 0,952 Thread 0x00007f126c00d000 Exception <a 'java/security/PrivilegedActionException'> (0x00000000d880dab8) thrown at [/HUDSON3/workspace/8-2-build-linux-amd64/jdk8u102/7268/hotspot/src/share/vm/prims/jvm.cpp, line 1386]
Event: 0,952 Thread 0x00007f126c00d000 Exception <a 'java/security/PrivilegedActionException'> (0x00000000d8811e78) thrown at [/HUDSON3/workspace/8-2-build-linux-amd64/jdk8u102/7268/hotspot/src/share/vm/prims/jvm.cpp, line 1386]
Event: 0,952 Thread 0x00007f126c00d000 Exception <a 'java/security/PrivilegedActionException'> (0x00000000d8812088) thrown at [/HUDSON3/workspace/8-2-build-linux-amd64/jdk8u102/7268/hotspot/src/share/vm/prims/jvm.cpp, line 1386]
Event: 1,055 Thread 0x00007f126c00d000 Exception <a 'java/security/PrivilegedActionException'> (0x00000000d8c61718) thrown at [/HUDSON3/workspace/8-2-build-linux-amd64/jdk8u102/7268/hotspot/src/share/vm/prims/jvm.cpp, line 1386]
Event: 1,055 Thread 0x00007f126c00d000 Exception <a 'java/security/PrivilegedActionException'> (0x00000000d8c61928) thrown at [/HUDSON3/workspace/8-2-build-linux-amd64/jdk8u102/7268/hotspot/src/share/vm/prims/jvm.cpp, line 1386]
Event: 1,056 Thread 0x00007f126c00d000 Exception <a 'java/security/PrivilegedActionException'> (0x00000000d8c63380) thrown at [/HUDSON3/workspace/8-2-build-linux-amd64/jdk8u102/7268/hotspot/src/share/vm/prims/jvm.cpp, line 1386]
Event: 1,056 Thread 0x00007f126c00d000 Exception <a 'java/security/PrivilegedActionException'> (0x00000000d8c63590) thrown at [/HUDSON3/workspace/8-2-build-linux-amd64/jdk8u102/7268/hotspot/src/share/vm/prims/jvm.cpp, line 1386]
Event: 1,056 Thread 0x00007f126c00d000 Exception <a 'java/security/PrivilegedActionException'> (0x00000000d8c67950) thrown at [/HUDSON3/workspace/8-2-build-linux-amd64/jdk8u102/7268/hotspot/src/share/vm/prims/jvm.cpp, line 1386]
Event: 1,056 Thread 0x00007f126c00d000 Exception <a 'java/security/PrivilegedActionException'> (0x00000000d8c67b60) thrown at [/HUDSON3/workspace/8-2-build-linux-amd64/jdk8u102/7268/hotspot/src/share/vm/prims/jvm.cpp, line 1386]

Events (10 events):
Event: 1,165 loading class org/lwjgl/opengl/GL15C
Event: 1,165 loading class org/lwjgl/opengl/GL15C done
Event: 1,166 loading class org/lwjgl/opengl/GL14C
Event: 1,166 loading class org/lwjgl/opengl/GL14C done
Event: 1,166 loading class org/lwjgl/opengl/GL13C
Event: 1,166 loading class org/lwjgl/opengl/GL13C done
Event: 1,166 loading class org/lwjgl/opengl/GL12C
Event: 1,166 loading class org/lwjgl/opengl/GL12C done
Event: 1,170 loading class engine/GameObject
Event: 1,170 loading class engine/GameObject done


Dynamic libraries:
00400000-00401000 r-xp 00000000 00:53 857797                             /sw/jdk1.8.0_102/bin/java
00600000-00601000 rw-p 00000000 00:53 857797                             /sw/jdk1.8.0_102/bin/java
01861000-01882000 rw-p 00000000 00:00 0                                  [heap]
41586000-41634000 rw-p 00000000 00:00 0 
41a13000-41a15000 r-xs 00000000 08:01 1446267                            /tmp/.gl4bGxT0 (deleted)
84800000-89b00000 rw-p 00000000 00:00 0 
89b00000-d6d80000 ---p 00000000 00:00 0 
d6d80000-d9680000 rw-p 00000000 00:00 0 
d9680000-100000000 ---p 00000000 00:00 0 
100000000-100100000 rw-p 00000000 00:00 0 
100100000-140000000 ---p 00000000 00:00 0 
7f1214000000-7f1214021000 rw-p 00000000 00:00 0 
7f1214021000-7f1218000000 ---p 00000000 00:00 0 
7f121c000000-7f121c243000 rw-p 00000000 00:00 0 
7f121c243000-7f1220000000 ---p 00000000 00:00 0 
7f1220000000-7f1220021000 rw-p 00000000 00:00 0 
7f1220021000-7f1224000000 ---p 00000000 00:00 0 
7f1224000000-7f122463d000 rw-p 00000000 00:00 0 
7f122463d000-7f1228000000 ---p 00000000 00:00 0 
7f1228000000-7f12281d0000 rw-p 00000000 00:00 0 
7f12281d0000-7f122c000000 ---p 00000000 00:00 0 
7f122c000000-7f122c021000 rw-p 00000000 00:00 0 
7f122c021000-7f1230000000 ---p 00000000 00:00 0 
7f1230000000-7f123005f000 rw-p 00000000 00:00 0 
7f123005f000-7f1234000000 ---p 00000000 00:00 0 
7f1234000000-7f1234021000 rw-p 00000000 00:00 0 
7f1234021000-7f1238000000 ---p 00000000 00:00 0 
7f1238000000-7f1238021000 rw-p 00000000 00:00 0 
7f1238021000-7f123c000000 ---p 00000000 00:00 0 
7f123c000000-7f123c021000 rw-p 00000000 00:00 0 
7f123c021000-7f1240000000 ---p 00000000 00:00 0 
7f1240000000-7f1240021000 rw-p 00000000 00:00 0 
7f1240021000-7f1244000000 ---p 00000000 00:00 0 
7f1244000000-7f1244021000 rw-p 00000000 00:00 0 
7f1244021000-7f1248000000 ---p 00000000 00:00 0 
7f12497bb000-7f12497fb000 rw-p 00000000 00:00 0 
7f12497fb000-7f12499bb000 ---p 00000000 00:00 0 
7f12499bb000-7f1249bbb000 rw-p 00000000 00:00 0 
7f1249bbb000-7f1249c12000 r-xp 00000000 08:01 1580332                    /tmp/lwjglseban649/3.2.0-build-12/liblwjgl_opengl.so
7f1249c12000-7f1249e11000 ---p 00057000 08:01 1580332                    /tmp/lwjglseban649/3.2.0-build-12/liblwjgl_opengl.so
7f1249e11000-7f1249e12000 r--p 00056000 08:01 1580332                    /tmp/lwjglseban649/3.2.0-build-12/liblwjgl_opengl.so
7f1249e12000-7f1249e13000 rw-p 00057000 08:01 1580332                    /tmp/lwjglseban649/3.2.0-build-12/liblwjgl_opengl.so
7f1249e13000-7f1249e93000 rw-s 00000000 00:06 488                        /dev/nvidiactl
7f1249e93000-7f1249f13000 rw-s 00000000 00:06 488                        /dev/nvidiactl
7f1249f13000-7f124a013000 rw-s 00000000 00:06 488                        /dev/nvidiactl
7f124a013000-7f124a020000 r-xp 00000000 08:01 9846460                    /usr/lib/x86_64-linux-gnu/libdrm.so.2.4.0
7f124a020000-7f124a21f000 ---p 0000d000 08:01 9846460                    /usr/lib/x86_64-linux-gnu/libdrm.so.2.4.0
7f124a21f000-7f124a220000 r--p 0000c000 08:01 9846460                    /usr/lib/x86_64-linux-gnu/libdrm.so.2.4.0
7f124a220000-7f124a221000 rw-p 0000d000 08:01 9846460                    /usr/lib/x86_64-linux-gnu/libdrm.so.2.4.0
7f124a221000-7f124b3bb000 r-xp 00000000 08:01 9972661                    /usr/lib/nvidia-410/libnvidia-glcore.so.410.72
7f124b3bb000-7f124b3dc000 rwxp 0119a000 08:01 9972661                    /usr/lib/nvidia-410/libnvidia-glcore.so.410.72
7f124b3dc000-7f124b8ca000 r-xp 011bb000 08:01 9972661                    /usr/lib/nvidia-410/libnvidia-glcore.so.410.72
7f124b8ca000-7f124baca000 ---p 016a9000 08:01 9972661                    /usr/lib/nvidia-410/libnvidia-glcore.so.410.72
7f124baca000-7f124bde5000 rw-p 016a9000 08:01 9972661                    /usr/lib/nvidia-410/libnvidia-glcore.so.410.72
7f124bde5000-7f124bdfc000 rw-p 00000000 00:00 0 
7f124bdfc000-7f124bdff000 r-xp 00000000 08:01 9972658                    /usr/lib/nvidia-410/tls/libnvidia-tls.so.410.72
7f124bdff000-7f124bfff000 ---p 00003000 08:01 9972658                    /usr/lib/nvidia-410/tls/libnvidia-tls.so.410.72
7f124bfff000-7f124c000000 rw-p 00003000 08:01 9972658                    /usr/lib/nvidia-410/tls/libnvidia-tls.so.410.72
7f124c000000-7f124c021000 rw-p 00000000 00:00 0 
7f124c021000-7f1250000000 ---p 00000000 00:00 0 
7f125000e000-7f125002e000 rw-p 00000000 00:00 0 
7f125002e000-7f12500ae000 rw-s 00000000 00:06 488                        /dev/nvidiactl
7f12500ae000-7f1250177000 r-xp 00000000 08:01 9972631                    /usr/lib/nvidia-410/libGL.so.410.72
7f1250177000-7f12501ac000 rwxp 000c9000 08:01 9972631                    /usr/lib/nvidia-410/libGL.so.410.72
7f12501ac000-7f12501c0000 r-xp 000fe000 08:01 9972631                    /usr/lib/nvidia-410/libGL.so.410.72
7f12501c0000-7f12503bf000 ---p 00112000 08:01 9972631                    /usr/lib/nvidia-410/libGL.so.410.72
7f12503bf000-7f12503e4000 rw-p 00111000 08:01 9972631                    /usr/lib/nvidia-410/libGL.so.410.72
7f12503e4000-7f12503ec000 rw-p 00000000 00:00 0 
7f12503ec000-7f12503ed000 r-xp 00000000 08:01 9834877                    /usr/lib/x86_64-linux-gnu/libX11-xcb.so.1.0.0
7f12503ed000-7f12505ec000 ---p 00001000 08:01 9834877                    /usr/lib/x86_64-linux-gnu/libX11-xcb.so.1.0.0
7f12505ec000-7f12505ed000 r--p 00000000 08:01 9834877                    /usr/lib/x86_64-linux-gnu/libX11-xcb.so.1.0.0
7f12505ed000-7f12505ee000 rw-p 00001000 08:01 9834877                    /usr/lib/x86_64-linux-gnu/libX11-xcb.so.1.0.0
7f12505ee000-7f12505f0000 r-xp 00000000 08:01 9835238                    /usr/lib/x86_64-linux-gnu/libXinerama.so.1.0.0
7f12505f0000-7f12507ef000 ---p 00002000 08:01 9835238                    /usr/lib/x86_64-linux-gnu/libXinerama.so.1.0.0
7f12507ef000-7f12507f0000 r--p 00001000 08:01 9835238                    /usr/lib/x86_64-linux-gnu/libXinerama.so.1.0.0
7f12507f0000-7f12507f1000 rw-p 00002000 08:01 9835238                    /usr/lib/x86_64-linux-gnu/libXinerama.so.1.0.0
7f12507f1000-7f12507f6000 r-xp 00000000 08:01 9835156                    /usr/lib/x86_64-linux-gnu/libXfixes.so.3.1.0
7f12507f6000-7f12509f5000 ---p 00005000 08:01 9835156                    /usr/lib/x86_64-linux-gnu/libXfixes.so.3.1.0
7f12509f5000-7f12509f6000 r--p 00004000 08:01 9835156                    /usr/lib/x86_64-linux-gnu/libXfixes.so.3.1.0
7f12509f6000-7f12509f7000 rw-p 00005000 08:01 9835156                    /usr/lib/x86_64-linux-gnu/libXfixes.so.3.1.0
7f12509f7000-7f1250a00000 r-xp 00000000 08:01 9830919                    /usr/lib/x86_64-linux-gnu/libXcursor.so.1.0.2
7f1250a00000-7f1250bff000 ---p 00009000 08:01 9830919                    /usr/lib/x86_64-linux-gnu/libXcursor.so.1.0.2
7f1250bff000-7f1250c00000 r--p 00008000 08:01 9830919                    /usr/lib/x86_64-linux-gnu/libXcursor.so.1.0.2
7f1250c00000-7f1250c01000 rw-p 00009000 08:01 9830919                    /usr/lib/x86_64-linux-gnu/libXcursor.so.1.0.2
7f1250c01000-7f1250c0a000 r-xp 00000000 08:01 9835125                    /usr/lib/x86_64-linux-gnu/libXrender.so.1.3.0
7f1250c0a000-7f1250e09000 ---p 00009000 08:01 9835125                    /usr/lib/x86_64-linux-gnu/libXrender.so.1.3.0
7f1250e09000-7f1250e0a000 r--p 00008000 08:01 9835125                    /usr/lib/x86_64-linux-gnu/libXrender.so.1.3.0
7f1250e0a000-7f1250e0b000 rw-p 00009000 08:01 9835125                    /usr/lib/x86_64-linux-gnu/libXrender.so.1.3.0
7f1250e0b000-7f1250e14000 r-xp 00000000 08:01 9835174                    /usr/lib/x86_64-linux-gnu/libXrandr.so.2.2.0
7f1250e14000-7f1251013000 ---p 00009000 08:01 9835174                    /usr/lib/x86_64-linux-gnu/libXrandr.so.2.2.0
7f1251013000-7f1251014000 r--p 00008000 08:01 9835174                    /usr/lib/x86_64-linux-gnu/libXrandr.so.2.2.0
7f1251014000-7f1251015000 rw-p 00009000 08:01 9835174                    /usr/lib/x86_64-linux-gnu/libXrandr.so.2.2.0
7f1251015000-7f1251024000 r-xp 00000000 08:01 9835236                    /usr/lib/x86_64-linux-gnu/libXi.so.6.1.0
7f1251024000-7f1251223000 ---p 0000f000 08:01 9835236                    /usr/lib/x86_64-linux-gnu/libXi.so.6.1.0
7f1251223000-7f1251224000 r--p 0000e000 08:01 9835236                    /usr/lib/x86_64-linux-gnu/libXi.so.6.1.0
7f1251224000-7f1251225000 rw-p 0000f000 08:01 9835236                    /usr/lib/x86_64-linux-gnu/libXi.so.6.1.0
7f1251225000-7f1251236000 r-xp 00000000 08:01 9834982                    /usr/lib/x86_64-linux-gnu/libXext.so.6.4.0
7f1251236000-7f1251435000 ---p 00011000 08:01 9834982                    /usr/lib/x86_64-linux-gnu/libXext.so.6.4.0
7f1251435000-7f1251436000 r--p 00010000 08:01 9834982                    /usr/lib/x86_64-linux-gnu/libXext.so.6.4.0
7f1251436000-7f1251437000 rw-p 00011000 08:01 9834982                    /usr/lib/x86_64-linux-gnu/libXext.so.6.4.0
7f1251437000-7f125143b000 r-xp 00000000 08:01 9835187                    /usr/lib/x86_64-linux-gnu/libXxf86vm.so.1.0.0
7f125143b000-7f125163b000 ---p 00004000 08:01 9835187                    /usr/lib/x86_64-linux-gnu/libXxf86vm.so.1.0.0
7f125163b000-7f125163c000 r--p 00004000 08:01 9835187                    /usr/lib/x86_64-linux-gnu/libXxf86vm.so.1.0.0
7f125163c000-7f125163d000 rw-p 00005000 08:01 9835187                    /usr/lib/x86_64-linux-gnu/libXxf86vm.so.1.0.0
7f125163d000-7f1251642000 r-xp 00000000 08:01 9834974                    /usr/lib/x86_64-linux-gnu/libXdmcp.so.6.0.0
7f1251642000-7f1251841000 ---p 00005000 08:01 9834974                    /usr/lib/x86_64-linux-gnu/libXdmcp.so.6.0.0
7f1251841000-7f1251842000 r--p 00004000 08:01 9834974                    /usr/lib/x86_64-linux-gnu/libXdmcp.so.6.0.0
7f1251842000-7f1251843000 rw-p 00005000 08:01 9834974                    /usr/lib/x86_64-linux-gnu/libXdmcp.so.6.0.0
7f1251843000-7f1251845000 r-xp 00000000 08:01 9834972                    /usr/lib/x86_64-linux-gnu/libXau.so.6.0.0
7f1251845000-7f1251a45000 ---p 00002000 08:01 9834972                    /usr/lib/x86_64-linux-gnu/libXau.so.6.0.0
7f1251a45000-7f1251a46000 r--p 00002000 08:01 9834972                    /usr/lib/x86_64-linux-gnu/libXau.so.6.0.0
7f1251a46000-7f1251a47000 rw-p 00003000 08:01 9834972                    /usr/lib/x86_64-linux-gnu/libXau.so.6.0.0
7f1251a47000-7f1251a64000 r-xp 00000000 08:01 9834976                    /usr/lib/x86_64-linux-gnu/libxcb.so.1.1.0
7f1251a64000-7f1251c64000 ---p 0001d000 08:01 9834976                    /usr/lib/x86_64-linux-gnu/libxcb.so.1.1.0
7f1251c64000-7f1251c65000 r--p 0001d000 08:01 9834976                    /usr/lib/x86_64-linux-gnu/libxcb.so.1.1.0
7f1251c65000-7f1251c66000 rw-p 0001e000 08:01 9834976                    /usr/lib/x86_64-linux-gnu/libxcb.so.1.1.0
7f1251c66000-7f1251d96000 r-xp 00000000 08:01 9834978                    /usr/lib/x86_64-linux-gnu/libX11.so.6.3.0
7f1251d96000-7f1251f96000 ---p 00130000 08:01 9834978                    /usr/lib/x86_64-linux-gnu/libX11.so.6.3.0
7f1251f96000-7f1251f97000 r--p 00130000 08:01 9834978                    /usr/lib/x86_64-linux-gnu/libX11.so.6.3.0
7f1251f97000-7f1251f9b000 rw-p 00131000 08:01 9834978                    /usr/lib/x86_64-linux-gnu/libX11.so.6.3.0
7f1251f9b000-7f1251fdd000 r-xp 00000000 08:01 1580331                    /tmp/lwjglseban649/3.2.0-build-12/libglfw.so
7f1251fdd000-7f12521dc000 ---p 00042000 08:01 1580331                    /tmp/lwjglseban649/3.2.0-build-12/libglfw.so
7f12521dc000-7f12521dd000 r--p 00041000 08:01 1580331                    /tmp/lwjglseban649/3.2.0-build-12/libglfw.so
7f12521dd000-7f12521df000 rw-p 00042000 08:01 1580331                    /tmp/lwjglseban649/3.2.0-build-12/libglfw.so
7f12521df000-7f1252200000 rw-p 00000000 00:00 0 
7f1252200000-7f1252800000 rw-p 00000000 00:00 0 
7f125280c000-7f125281f000 rw-s 00000000 00:06 488                        /dev/nvidiactl
7f125281f000-7f125283f000 rw-s 00000000 00:06 489                        /dev/nvidia0
7f125283f000-7f125287f000 rw-s 00000000 00:06 488                        /dev/nvidiactl
7f125287f000-7f125289f000 rw-s 00000000 00:06 488                        /dev/nvidiactl
7f125289f000-7f12528df000 rw-s 00000000 00:06 488                        /dev/nvidiactl
7f12528df000-7f12529e4000 rw-s 00000000 00:06 488                        /dev/nvidiactl
7f12529e4000-7f1252a30000 r-xp 00000000 08:01 1580330                    /tmp/lwjglseban649/3.2.0-build-12/libjemalloc.so
7f1252a30000-7f1252c30000 ---p 0004c000 08:01 1580330                    /tmp/lwjglseban649/3.2.0-build-12/libjemalloc.so
7f1252c30000-7f1252c35000 r--p 0004c000 08:01 1580330                    /tmp/lwjglseban649/3.2.0-build-12/libjemalloc.so
7f1252c35000-7f1252c36000 rw-p 00051000 08:01 1580330                    /tmp/lwjglseban649/3.2.0-build-12/libjemalloc.so
7f1252c36000-7f1252e45000 rw-p 00000000 00:00 0 
7f1252e45000-7f1252e9d000 r-xp 00000000 08:01 1580329                    /tmp/lwjglseban649/3.2.0-build-12/liblwjgl.so
7f1252e9d000-7f125309c000 ---p 00058000 08:01 1580329                    /tmp/lwjglseban649/3.2.0-build-12/liblwjgl.so
7f125309c000-7f125309d000 r--p 00057000 08:01 1580329                    /tmp/lwjglseban649/3.2.0-build-12/liblwjgl.so
7f125309d000-7f125309e000 rw-p 00058000 08:01 1580329                    /tmp/lwjglseban649/3.2.0-build-12/liblwjgl.so
7f125309e000-7f1254000000 r--p 00000000 08:01 9857298                    /usr/lib/locale/locale-archive
7f1254000000-7f1254021000 rw-p 00000000 00:00 0 
7f1254021000-7f1258000000 ---p 00000000 00:00 0 
7f125800c000-7f125820c000 rw-p 00000000 00:00 0 
7f125820c000-7f125821d000 r-xp 00000000 00:53 857906                     /sw/jdk1.8.0_102/jre/lib/amd64/libnio.so
7f125821d000-7f125841c000 ---p 00011000 00:53 857906                     /sw/jdk1.8.0_102/jre/lib/amd64/libnio.so
7f125841c000-7f125841d000 rw-p 00010000 00:53 857906                     /sw/jdk1.8.0_102/jre/lib/amd64/libnio.so
7f125841d000-7f125841e000 ---p 00000000 00:00 0 
7f125841e000-7f125851e000 rw-p 00000000 00:00 0 
7f125851e000-7f1258534000 r-xp 00000000 00:53 857881                     /sw/jdk1.8.0_102/jre/lib/amd64/libnet.so
7f1258534000-7f1258734000 ---p 00016000 00:53 857881                     /sw/jdk1.8.0_102/jre/lib/amd64/libnet.so
7f1258734000-7f1258735000 rw-p 00016000 00:53 857881                     /sw/jdk1.8.0_102/jre/lib/amd64/libnet.so
7f1258735000-7f1258738000 ---p 00000000 00:00 0 
7f1258738000-7f1258836000 rw-p 00000000 00:00 0 
7f1258836000-7f1258839000 ---p 00000000 00:00 0 
7f1258839000-7f1258937000 rw-p 00000000 00:00 0 
7f1258937000-7f125893a000 ---p 00000000 00:00 0 
7f125893a000-7f1258a38000 rw-p 00000000 00:00 0 
7f1258a38000-7f1258a3b000 ---p 00000000 00:00 0 
7f1258a3b000-7f1258b39000 rw-p 00000000 00:00 0 
7f1258b39000-7f1258b3c000 ---p 00000000 00:00 0 
7f1258b3c000-7f1258c3a000 rw-p 00000000 00:00 0 
7f1258c3a000-7f1258c3d000 ---p 00000000 00:00 0 
7f1258c3d000-7f1258d3b000 rw-p 00000000 00:00 0 
7f1258d3b000-7f1258d3e000 ---p 00000000 00:00 0 
7f1258d3e000-7f1258e3c000 rw-p 00000000 00:00 0 
7f1258e3c000-7f1258e3f000 ---p 00000000 00:00 0 
7f1258e3f000-7f1258f3d000 rw-p 00000000 00:00 0 
7f1258f3d000-7f1258f3e000 ---p 00000000 00:00 0 
7f1258f3e000-7f125d000000 rw-p 00000000 00:00 0 
7f125d000000-7f125d360000 rwxp 00000000 00:00 0 
7f125d360000-7f126c000000 ---p 00000000 00:00 0 
7f126c000000-7f126cf69000 rw-p 00000000 00:00 0 
7f126cf69000-7f1270000000 ---p 00000000 00:00 0 
7f1270007000-7f1270008000 rw-p 00000000 00:00 0 
7f1270008000-7f1270009000 r-xp 00000000 00:00 0 
7f1270009000-7f127000b000 rw-s 00000000 08:01 1446267                    /tmp/.gl4bGxT0 (deleted)
7f127000b000-7f127000c000 rw-s 00000000 00:06 488                        /dev/nvidiactl
7f127000c000-7f1270010000 rw-s 00000000 00:06 488                        /dev/nvidiactl
7f1270010000-7f1270011000 rw-s 00000000 00:06 489                        /dev/nvidia0
7f1270011000-7f1270012000 rw-s 00000000 00:06 489                        /dev/nvidia0
7f1270012000-7f1270032000 rw-s 00000000 00:06 488                        /dev/nvidiactl
7f1270032000-7f1270033000 rw-s 00000000 00:06 488                        /dev/nvidiactl
7f1270033000-7f1270034000 rw-s 00000000 00:06 488                        /dev/nvidiactl
7f1270034000-7f127003b000 r--s 00000000 08:01 9844102                    /usr/lib/x86_64-linux-gnu/gconv/gconv-modules.cache
7f127003b000-7f127003c000 r-xp 00000000 00:00 0 
7f127003c000-7f1270040000 r--s 00097000 00:53 857825                     /sw/jdk1.8.0_102/jre/lib/jsse.jar
7f1270040000-7f127004a000 r--s 00116000 00:53 857961                     /sw/jdk1.8.0_102/jre/lib/ext/localedata.jar
7f127004a000-7f127004c000 r--s 0001a000 00:53 1645765                    /sw/intelliJ-17.3.2/lib/idea_rt.jar
7f127004c000-7f127004f000 r--s 00095000 00:52 8060354                    /home/seban649/.gradle/caches/modules-2/files-2.1/org.joml/joml/1.9.11/6ba5510277562a75a6a63c36c8265c68a6b0f4b/joml-1.9.11.jar
7f127004f000-7f1270050000 r--s 00014000 00:52 8060346                    /home/seban649/.gradle/caches/modules-2/files-2.1/org.lwjgl/lwjgl/3.2.0/4c23e3f9ae657a52bddfa1c92d1b0ba770259eed/lwjgl-3.2.0-natives-linux.jar
7f1270050000-7f1270055000 r--s 00048000 00:52 8060350                    /home/seban649/.gradle/caches/modules-2/files-2.1/org.lwjgl/lwjgl/3.2.0/7723544dc3fc740f0ee59cce9a3a0cecc8681747/lwjgl-3.2.0.jar
7f1270055000-7f1270056000 r--s 00030000 00:52 8060348                    /home/seban649/.gradle/caches/modules-2/files-2.1/org.lwjgl/lwjgl-zstd/3.2.0/48cf907fa25df8ae9e929976259a1c04ef728307/lwjgl-zstd-3.2.0-natives-linux.jar
7f1270056000-7f1270058000 r--s 0000a000 00:52 8060340                    /home/seban649/.gradle/caches/modules-2/files-2.1/org.lwjgl/lwjgl-zstd/3.2.0/db20308ceaa924afb6e39963b4a275d683cf6f04/lwjgl-zstd-3.2.0.jar
7f1270058000-7f1270059000 r--s 0000d000 00:52 8060344                    /home/seban649/.gradle/caches/modules-2/files-2.1/org.lwjgl/lwjgl-yoga/3.2.0/a93b82d14fe96b3b37fc56f0a45f47c565cdff41/lwjgl-yoga-3.2.0-natives-linux.jar
7f1270059000-7f127005b000 r--s 0000d000 00:52 8060342                    /home/seban649/.gradle/caches/modules-2/files-2.1/org.lwjgl/lwjgl-yoga/3.2.0/d566fc16dea950e35fb56930c3bb779fc29750f5/lwjgl-yoga-3.2.0.jar
7f127005b000-7f127005c000 r--s 00001000 00:52 8060334                    /home/seban649/.gradle/caches/modules-2/files-2.1/org.lwjgl/lwjgl-xxhash/3.2.0/ff4ebba2ea3c041f223afaa6946e5ab92ce6fb4a/lwjgl-xxhash-3.2.0-natives-linux.jar
7f127005c000-7f127005d000 r--s 00005000 00:52 8060336                    /home/seban649/.gradle/caches/modules-2/files-2.1/org.lwjgl/lwjgl-xxhash/3.2.0/7033c2821517c8f02155802c4b3e601fe08ca713/lwjgl-xxhash-3.2.0.jar
7f127005d000-7f1270075000 r--s 001b8000 00:52 8060338                    /home/seban649/.gradle/caches/modules-2/files-2.1/org.lwjgl/lwjgl-vulkan/3.2.0/944fee3e63dc148f4bf523553bf0fac1c8b36048/lwjgl-vulkan-3.2.0.jar
7f1270075000-7f1270076000 r--s 00009000 00:52 8060335                    /home/seban649/.gradle/caches/modules-2/files-2.1/org.lwjgl/lwjgl-vma/3.2.0/11977e3529069b4294b8b8ec330686325285734c/lwjgl-vma-3.2.0-natives-linux.jar
7f1270076000-7f1270078000 r--s 0000c000 00:52 8060332                    /home/seban649/.gradle/caches/modules-2/files-2.1/org.lwjgl/lwjgl-vma/3.2.0/c5572eddf2f07bd334e2f45830990529b7a7ecfb/lwjgl-vma-3.2.0.jar
7f1270078000-7f1270079000 r--s 0000d000 00:52 8060330                    /home/seban649/.gradle/caches/modules-2/files-2.1/org.lwjgl/lwjgl-tootle/3.2.0/372433239141c0a2afeca8ec2fbf8f55a5e85d5c/lwjgl-tootle-3.2.0-natives-linux.jar
7f1270079000-7f127007a000 r--s 00001000 00:52 8060326                    /home/seban649/.gradle/caches/modules-2/files-2.1/org.lwjgl/lwjgl-tootle/3.2.0/ea40d6f06334fe8badc788006f0f725b0d423efd/lwjgl-tootle-3.2.0.jar
7f127007a000-7f127007b000 r--s 00009000 00:52 8060328                    /home/seban649/.gradle/caches/modules-2/files-2.1/org.lwjgl/lwjgl-tinyfd/3.2.0/4120536e3301f92b845b494aeaa6292b0b80e9b0/lwjgl-tinyfd-3.2.0-natives-linux.jar
7f127007b000-7f127007c000 r--s 00001000 00:52 8060318                    /home/seban649/.gradle/caches/modules-2/files-2.1/org.lwjgl/lwjgl-tinyfd/3.2.0/b9be54e6f401699aa2ccb9325c6146bc9524bff8/lwjgl-tinyfd-3.2.0.jar
7f127007c000-7f127007e000 r--s 0000d000 00:52 8060322                    /home/seban649/.gradle/caches/modules-2/files-2.1/org.lwjgl/lwjgl-tinyexr/3.2.0/8edb03cedd317f4fd93406b68dbe0ab7b2c1c95b/lwjgl-tinyexr-3.2.0-natives-linux.jar
7f127007e000-7f127007f000 r--s 0000a000 00:52 8060320                    /home/seban649/.gradle/caches/modules-2/files-2.1/org.lwjgl/lwjgl-tinyexr/3.2.0/7d9451d37dea54863e93634211c988bfb037ea54/lwjgl-tinyexr-3.2.0.jar
7f127007f000-7f1270080000 r--s 00030000 00:52 8060324                    /home/seban649/.gradle/caches/modules-2/files-2.1/org.lwjgl/lwjgl-stb/3.2.0/1ea72c3849ca94669a9dafe69e8acc7f22fe3925/lwjgl-stb-3.2.0-natives-linux.jar
7f1270080000-7f1270082000 r--s 00018000 00:52 8060316                    /home/seban649/.gradle/caches/modules-2/files-2.1/org.lwjgl/lwjgl-stb/3.2.0/cd60eafae0690e024fab99e9864a2ea8e56d86a8/lwjgl-stb-3.2.0.jar
7f1270082000-7f1270083000 r--s 00000000 00:52 8060314                    /home/seban649/.gradle/caches/modules-2/files-2.1/org.lwjgl/lwjgl-sse/3.2.0/b4f03b8fe2d1d04857682791dd3cc43895b095c8/lwjgl-sse-3.2.0-natives-linux.jar
7f1270083000-7f1270085000 r--s 00000000 00:52 8060312                    /home/seban649/.gradle/caches/modules-2/files-2.1/org.lwjgl/lwjgl-sse/3.2.0/9fa4cee27e4e581d5128a09caaf86b36e5f9442b/lwjgl-sse-3.2.0.jar
7f1270085000-7f1270086000 r--s 00002000 00:52 8060310                    /home/seban649/.gradle/caches/modules-2/files-2.1/org.lwjgl/lwjgl-rpmalloc/3.2.0/3d4835f94671139169684677f8236868ee93e114/lwjgl-rpmalloc-3.2.0-natives-linux.jar
7f1270086000-7f1270088000 r--s 00004000 00:52 8060308                    /home/seban649/.gradle/caches/modules-2/files-2.1/org.lwjgl/lwjgl-rpmalloc/3.2.0/e0f33b725e154df311bb66780e580e1e10cf10f9/lwjgl-rpmalloc-3.2.0.jar
7f1270088000-7f1270089000 r--s 00006000 00:52 8060304                    /home/seban649/.gradle/caches/modules-2/files-2.1/org.lwjgl/lwjgl-remotery/3.2.0/ad8f887a109298642c1acd46e4158f11d7af6fe5/lwjgl-remotery-3.2.0-natives-linux.jar
7f1270089000-7f127008a000 r--s 00005000 00:52 8060306                    /home/seban649/.gradle/caches/modules-2/files-2.1/org.lwjgl/lwjgl-remotery/3.2.0/b4cb7eb0b706ffe1f44bc4436cc06552637d5114/lwjgl-remotery-3.2.0.jar
7f127008a000-7f127008b000 r--s 00005000 00:52 8060302                    /home/seban649/.gradle/caches/modules-2/files-2.1/org.lwjgl/lwjgl-par/3.2.0/fd07b91ba71cb817765718d7fc6b7495d06c0fe0/lwjgl-par-3.2.0-natives-linux.jar
7f127008b000-7f127008c000 r--s 00002000 00:52 8060295                    /home/seban649/.gradle/caches/modules-2/files-2.1/org.lwjgl/lwjgl-par/3.2.0/e8dbde24f5cd8137b5080d5605c3f7a6c49d521e/lwjgl-par-3.2.0.jar
7f127008c000-7f127008d000 r--s 0001d000 00:52 8060297                    /home/seban649/.gradle/caches/modules-2/files-2.1/org.lwjgl/lwjgl-openvr/3.2.0/aec33f350a33d7e93c83ca4ffb276669a52178f3/lwjgl-openvr-3.2.0-natives-linux.jar
7f127008d000-7f1270092000 r--s 0005c000 00:52 8060293                    /home/seban649/.gradle/caches/modules-2/files-2.1/org.lwjgl/lwjgl-openvr/3.2.0/a7cea7269ed462ee1dcf74569644f236e0e5d39e/lwjgl-openvr-3.2.0.jar
7f1270092000-7f1270093000 r--s 00008000 00:52 8060290                    /home/seban649/.gradle/caches/modules-2/files-2.1/org.lwjgl/lwjgl-opengles/3.2.0/330e0c0aec3fe596dc9823605914c8f72a3f1b8f/lwjgl-opengles-3.2.0-natives-linux.jar
7f1270093000-7f127009a000 r--s 0004f000 00:52 8060291                    /home/seban649/.gradle/caches/modules-2/files-2.1/org.lwjgl/lwjgl-opengles/3.2.0/9c08765e673face8d9ce98146d339d44fdbc1d31/lwjgl-opengles-3.2.0.jar
7f127009a000-7f127009b000 r--s 00012000 00:52 7718995                    /home/seban649/.gradle/caches/modules-2/files-2.1/org.lwjgl/lwjgl-opengl/3.2.0/953ac48def909b1c67fc54299f5c403479ef8ac7/lwjgl-opengl-3.2.0-natives-linux.jar
7f127009b000-7f12700a6000 r--s 000d7000 00:52 8060288                    /home/seban649/.gradle/caches/modules-2/files-2.1/org.lwjgl/lwjgl-opengl/3.2.0/1c64c692473a70af297651d369debc93efa2e49f/lwjgl-opengl-3.2.0.jar
7f12700a6000-7f12700a9000 r--s 00027000 00:52 8060284                    /home/seban649/.gradle/caches/modules-2/files-2.1/org.lwjgl/lwjgl-opencl/3.2.0/9fcccf3c100dde0196f7bdc7b8553f9f5cf0b31/lwjgl-opencl-3.2.0.jar
7f12700a9000-7f12700aa000 r--s 00073000 00:52 8060286                    /home/seban649/.gradle/caches/modules-2/files-2.1/org.lwjgl/lwjgl-openal/3.2.0/7eb647d77d7be270bd494548860befab223687ed/lwjgl-openal-3.2.0-natives-linux.jar
7f12700aa000-7f12700ad000 r--s 00011000 00:52 8060281                    /home/seban649/.gradle/caches/modules-2/files-2.1/org.lwjgl/lwjgl-openal/3.2.0/28174519523e11c2f3227359f242d48edfa76654/lwjgl-openal-3.2.0.jar
7f12700ad000-7f12700af000 r--s 00015000 00:52 8060279                    /home/seban649/.gradle/caches/modules-2/files-2.1/org.lwjgl/lwjgl-odbc/3.2.0/9670ed9dbbb348e1ff41d7677a13896a291d17b0/lwjgl-odbc-3.2.0.jar
7f12700af000-7f12700b0000 r--s 00025000 00:52 8060273                    /home/seban649/.gradle/caches/modules-2/files-2.1/org.lwjgl/lwjgl-nuklear/3.2.0/17540bbc8dcddea2d436fc49f51c51b9fb4d7d27/lwjgl-nuklear-3.2.0-natives-linux.jar
7f12700b0000-7f12700b6000 r--s 00064000 00:52 8060277                    /home/seban649/.gradle/caches/modules-2/files-2.1/org.lwjgl/lwjgl-nuklear/3.2.0/45c0d59dff82211c78664903db27ed7268cc678a/lwjgl-nuklear-3.2.0.jar
7f12700b6000-7f12700b7000 r--s 00001000 00:52 8060271                    /home/seban649/.gradle/caches/modules-2/files-2.1/org.lwjgl/lwjgl-nfd/3.2.0/adb001201e866e6ef30160217ae491a7f1690c83/lwjgl-nfd-3.2.0-natives-linux.jar
7f12700b7000-7f12700b9000 r--s 00001000 00:52 8060263                    /home/seban649/.gradle/caches/modules-2/files-2.1/org.lwjgl/lwjgl-nfd/3.2.0/21b13f0fa86921f8112dec00a1437b2d7c96e67f/lwjgl-nfd-3.2.0.jar
7f12700b9000-7f12700ba000 r--s 0002d000 00:52 8060269                    /home/seban649/.gradle/caches/modules-2/files-2.1/org.lwjgl/lwjgl-nanovg/3.2.0/8979f0bea3f542afd092690884695ba23bea89b1/lwjgl-nanovg-3.2.0-natives-linux.jar
7f12700ba000-7f12700bc000 r--s 0000e000 00:52 8060267                    /home/seban649/.gradle/caches/modules-2/files-2.1/org.lwjgl/lwjgl-nanovg/3.2.0/c5044864cd633fae04951291a2615215df25542b/lwjgl-nanovg-3.2.0.jar
7f12700bc000-7f12700be000 r--s 0000e000 00:52 8060258                    /home/seban649/.gradle/caches/modules-2/files-2.1/org.lwjgl/lwjgl-lz4/3.2.0/ab02fdf6c86e044a786449050861d6a486372dc4/lwjgl-lz4-3.2.0-natives-linux.jar
7f12700be000-7f12700c0000 r--s 0000b000 00:52 8060256                    /home/seban649/.gradle/caches/modules-2/files-2.1/org.lwjgl/lwjgl-lz4/3.2.0/ed9cd62f45765b7026b7898a6f2fe42292e2d15e/lwjgl-lz4-3.2.0.jar
7f12700c0000-7f12700c1000 r--s 0000e000 00:52 8060260                    /home/seban649/.gradle/caches/modules-2/files-2.1/org.lwjgl/lwjgl-lmdb/3.2.0/b620a1de843383a50c2cb970970688671927a610/lwjgl-lmdb-3.2.0-natives-linux.jar
7f12700c1000-7f12700c3000 r--s 00006000 00:52 8060250                    /home/seban649/.gradle/caches/modules-2/files-2.1/org.lwjgl/lwjgl-lmdb/3.2.0/f7dd5a61e0d63ea5185a3da7765c5baea9644074/lwjgl-lmdb-3.2.0.jar
7f12700c3000-7f12700c4000 r--s 00022000 00:52 8060254                    /home/seban649/.gradle/caches/modules-2/files-2.1/org.lwjgl/lwjgl-jemalloc/3.2.0/f1c41f3a136237b32993d43d9157a42e017039e3/lwjgl-jemalloc-3.2.0-natives-linux.jar
7f12700c4000-7f12700c6000 r--s 00008000 00:52 8060252                    /home/seban649/.gradle/caches/modules-2/files-2.1/org.lwjgl/lwjgl-jemalloc/3.2.0/4bdf37d27b1ee9bd9ed789d44c9c7fb022f1c246/lwjgl-jemalloc-3.2.0.jar
7f12700c6000-7f12700c7000 r--s 00005000 00:52 8060243                    /home/seban649/.gradle/caches/modules-2/files-2.1/org.lwjgl/lwjgl-jawt/3.2.0/a5b9045217cdf5ed364d5f858ce983f9e553c13a/lwjgl-jawt-3.2.0.jar
7f12700c7000-7f12700c8000 r--s 00025000 00:52 8060245                    /home/seban649/.gradle/caches/modules-2/files-2.1/org.lwjgl/lwjgl-glfw/3.2.0/2d270a9146ae47e929f5b6295eeb4e51a5ff577b/lwjgl-glfw-3.2.0-natives-linux.jar
7f12700c8000-7f12700cc000 r--s 00019000 00:52 8060248                    /home/seban649/.gradle/caches/modules-2/files-2.1/org.lwjgl/lwjgl-glfw/3.2.0/9ff0ed06de0a1d83dd182f2ead48ac4c90865c44/lwjgl-glfw-3.2.0.jar
7f12700cc000-7f12700d0000 r--s 0001f000 00:52 8060352                    /home/seban649/.gradle/caches/modules-2/files-2.1/org.lwjgl/lwjgl-egl/3.2.0/78c862f42f3d1a38f98ed82f0c641c98a1950ae0/lwjgl-egl-3.2.0.jar
7f12700d0000-7f12700d1000 r--s 00050000 00:52 8060241                    /home/seban649/.gradle/caches/modules-2/files-2.1/org.lwjgl/lwjgl-bgfx/3.2.0/94189c46ca51a2a49423ccd1d401515ca5257882/lwjgl-bgfx-3.2.0-natives-linux.jar
7f12700d1000-7f12700d5000 r--s 00025000 00:52 8060236                    /home/seban649/.gradle/caches/modules-2/files-2.1/org.lwjgl/lwjgl-bgfx/3.2.0/2ee6f1ea8332a3959e54c8387432efbe3d252fbb/lwjgl-bgfx-3.2.0.jar
7f12700d5000-7f12700d6000 r--s 00322000 00:52 8060265                    /home/seban649/.gradle/caches/modules-2/files-2.1/org.lwjgl/lwjgl-assimp/3.2.0/e36e88b2c8cfae5393b4e7006d9ab926c73e2f9d/lwjgl-assimp-3.2.0-natives-linux.jar
7f12700d6000-7f12700d9000 r--s 00030000 00:52 8060239                    /home/seban649/.gradle/caches/modules-2/files-2.1/org.lwjgl/lwjgl-assimp/3.2.0/c399181a0725dcc3b3edcc6116da7f724c6ad1c6/lwjgl-assimp-3.2.0.jar
7f12700d9000-7f12700ec000 r--s 00345000 00:53 858105                     /sw/jdk1.8.0_102/jre/lib/resources.jar
7f12700ec000-7f12700fe000 r--s 000d6000 00:53 858104                     /sw/jdk1.8.0_102/jre/lib/plugin.jar
7f12700fe000-7f12700ff000 r--s 00000000 00:53 857952                     /sw/jdk1.8.0_102/jre/lib/management-agent.jar
7f12700ff000-7f1270e5b000 rw-p 00000000 00:00 0 
7f1270e5b000-7f1271033000 r--s 03d29000 00:53 857873                     /sw/jdk1.8.0_102/jre/lib/rt.jar
7f1271033000-7f1271c85000 rw-p 00000000 00:00 0 
7f1271c85000-7f1271c86000 ---p 00000000 00:00 0 
7f1271c86000-7f1271d86000 rw-p 00000000 00:00 0 
7f1271d86000-7f1271d87000 ---p 00000000 00:00 0 
7f1271d87000-7f1271e87000 rw-p 00000000 00:00 0 
7f1271e87000-7f1271e88000 ---p 00000000 00:00 0 
7f1271e88000-7f1271f88000 rw-p 00000000 00:00 0 
7f1271f88000-7f1271f89000 ---p 00000000 00:00 0 
7f1271f89000-7f12720b3000 rw-p 00000000 00:00 0 
7f12720b3000-7f127231c000 ---p 00000000 00:00 0 
7f127231c000-7f1272346000 rw-p 00000000 00:00 0 
7f1272346000-7f12725ae000 ---p 00000000 00:00 0 
7f12725ae000-7f12725c4000 rw-p 00000000 00:00 0 
7f12725c4000-7f12726f8000 ---p 00000000 00:00 0 
7f12726f8000-7f1272707000 rw-p 00000000 00:00 0 
7f1272707000-7f1272ab9000 ---p 00000000 00:00 0 
7f1272ab9000-7f1272ad3000 r-xp 00000000 00:53 857904                     /sw/jdk1.8.0_102/jre/lib/amd64/libzip.so
7f1272ad3000-7f1272cd3000 ---p 0001a000 00:53 857904                     /sw/jdk1.8.0_102/jre/lib/amd64/libzip.so
7f1272cd3000-7f1272cd4000 rw-p 0001a000 00:53 857904                     /sw/jdk1.8.0_102/jre/lib/amd64/libzip.so
7f1272cd4000-7f1272cde000 r-xp 00000000 00:53 857942                     /sw/jdk1.8.0_102/jre/lib/amd64/libinstrument.so
7f1272cde000-7f1272edd000 ---p 0000a000 00:53 857942                     /sw/jdk1.8.0_102/jre/lib/amd64/libinstrument.so
7f1272edd000-7f1272ede000 rw-p 00009000 00:53 857942                     /sw/jdk1.8.0_102/jre/lib/amd64/libinstrument.so
7f1272ede000-7f1272f08000 r-xp 00000000 00:53 857931                     /sw/jdk1.8.0_102/jre/lib/amd64/libjava.so
7f1272f08000-7f1273108000 ---p 0002a000 00:53 857931                     /sw/jdk1.8.0_102/jre/lib/amd64/libjava.so
7f1273108000-7f127310a000 rw-p 0002a000 00:53 857931                     /sw/jdk1.8.0_102/jre/lib/amd64/libjava.so
7f127310a000-7f1273117000 r-xp 00000000 00:53 857882                     /sw/jdk1.8.0_102/jre/lib/amd64/libverify.so
7f1273117000-7f1273317000 ---p 0000d000 00:53 857882                     /sw/jdk1.8.0_102/jre/lib/amd64/libverify.so
7f1273317000-7f1273319000 rw-p 0000d000 00:53 857882                     /sw/jdk1.8.0_102/jre/lib/amd64/libverify.so
7f1273319000-7f1273320000 r-xp 00000000 08:01 4063640                    /lib/x86_64-linux-gnu/librt-2.19.so
7f1273320000-7f127351f000 ---p 00007000 08:01 4063640                    /lib/x86_64-linux-gnu/librt-2.19.so
7f127351f000-7f1273520000 r--p 00006000 08:01 4063640                    /lib/x86_64-linux-gnu/librt-2.19.so
7f1273520000-7f1273521000 rw-p 00007000 08:01 4063640                    /lib/x86_64-linux-gnu/librt-2.19.so
7f1273521000-7f1273626000 r-xp 00000000 08:01 4063633                    /lib/x86_64-linux-gnu/libm-2.19.so
7f1273626000-7f1273825000 ---p 00105000 08:01 4063633                    /lib/x86_64-linux-gnu/libm-2.19.so
7f1273825000-7f1273826000 r--p 00104000 08:01 4063633                    /lib/x86_64-linux-gnu/libm-2.19.so
7f1273826000-7f1273827000 rw-p 00105000 08:01 4063633                    /lib/x86_64-linux-gnu/libm-2.19.so
7f1273827000-7f12744f3000 r-xp 00000000 00:53 857935                     /sw/jdk1.8.0_102/jre/lib/amd64/server/libjvm.so
7f12744f3000-7f12746f3000 ---p 00ccc000 00:53 857935                     /sw/jdk1.8.0_102/jre/lib/amd64/server/libjvm.so
7f12746f3000-7f12747cc000 rw-p 00ccc000 00:53 857935                     /sw/jdk1.8.0_102/jre/lib/amd64/server/libjvm.so
7f12747cc000-7f1274817000 rw-p 00000000 00:00 0 
7f1274817000-7f12749d5000 r-xp 00000000 08:01 4063647                    /lib/x86_64-linux-gnu/libc-2.19.so
7f12749d5000-7f1274bd5000 ---p 001be000 08:01 4063647                    /lib/x86_64-linux-gnu/libc-2.19.so
7f1274bd5000-7f1274bd9000 r--p 001be000 08:01 4063647                    /lib/x86_64-linux-gnu/libc-2.19.so
7f1274bd9000-7f1274bdb000 rw-p 001c2000 08:01 4063647                    /lib/x86_64-linux-gnu/libc-2.19.so
7f1274bdb000-7f1274be0000 rw-p 00000000 00:00 0 
7f1274be0000-7f1274be3000 r-xp 00000000 08:01 4063643                    /lib/x86_64-linux-gnu/libdl-2.19.so
7f1274be3000-7f1274de2000 ---p 00003000 08:01 4063643                    /lib/x86_64-linux-gnu/libdl-2.19.so
7f1274de2000-7f1274de3000 r--p 00002000 08:01 4063643                    /lib/x86_64-linux-gnu/libdl-2.19.so
7f1274de3000-7f1274de4000 rw-p 00003000 08:01 4063643                    /lib/x86_64-linux-gnu/libdl-2.19.so
7f1274de4000-7f1274df9000 r-xp 00000000 00:53 857016                     /sw/jdk1.8.0_102/lib/amd64/jli/libjli.so
7f1274df9000-7f1274ff9000 ---p 00015000 00:53 857016                     /sw/jdk1.8.0_102/lib/amd64/jli/libjli.so
7f1274ff9000-7f1274ffa000 rw-p 00015000 00:53 857016                     /sw/jdk1.8.0_102/lib/amd64/jli/libjli.so
7f1274ffa000-7f1275013000 r-xp 00000000 08:01 4063639                    /lib/x86_64-linux-gnu/libpthread-2.19.so
7f1275013000-7f1275212000 ---p 00019000 08:01 4063639                    /lib/x86_64-linux-gnu/libpthread-2.19.so
7f1275212000-7f1275213000 r--p 00018000 08:01 4063639                    /lib/x86_64-linux-gnu/libpthread-2.19.so
7f1275213000-7f1275214000 rw-p 00019000 08:01 4063639                    /lib/x86_64-linux-gnu/libpthread-2.19.so
7f1275214000-7f1275218000 rw-p 00000000 00:00 0 
7f1275218000-7f127523b000 r-xp 00000000 08:01 4063636                    /lib/x86_64-linux-gnu/ld-2.19.so
7f127523b000-7f127523f000 r--s 00097000 00:53 857825                     /sw/jdk1.8.0_102/jre/lib/jsse.jar
7f127523f000-7f1275241000 r--s 00007000 00:53 857946                     /sw/jdk1.8.0_102/jre/lib/jfxswt.jar
7f1275241000-7f1275246000 r--s 00084000 00:53 857980                     /sw/jdk1.8.0_102/jre/lib/jfr.jar
7f1275246000-7f1275250000 r--s 0006c000 00:53 857988                     /sw/jdk1.8.0_102/jre/lib/javaws.jar
7f1275250000-7f127526b000 r--s 00208000 00:53 857989                     /sw/jdk1.8.0_102/jre/lib/deploy.jar
7f127526b000-7f1275270000 r--s 002f9000 00:53 857826                     /sw/jdk1.8.0_102/jre/lib/charsets.jar
7f1275270000-7f12752cb000 rw-p 00000000 00:00 0 
7f12752cb000-7f1275300000 r--s 00000000 08:01 13107341                   /var/cache/nscd/passwd
7f1275300000-7f1275303000 ---p 00000000 00:00 0 
7f1275303000-7f1275405000 rw-p 00000000 00:00 0 
7f1275405000-7f1275408000 r--s 0001a000 00:53 858135                     /sw/jdk1.8.0_102/jre/lib/jce.jar
7f1275408000-7f127542f000 rw-p 00000000 00:00 0 
7f127542f000-7f1275437000 rw-s 00000000 08:01 1446263                    /tmp/hsperfdata_seban649/10296
7f1275437000-7f1275438000 rw-p 00000000 00:00 0 
7f1275438000-7f1275439000 r--p 00000000 00:00 0 
7f1275439000-7f127543a000 rw-p 00000000 00:00 0 
7f127543a000-7f127543b000 r--p 00022000 08:01 4063636                    /lib/x86_64-linux-gnu/ld-2.19.so
7f127543b000-7f127543c000 rw-p 00023000 08:01 4063636                    /lib/x86_64-linux-gnu/ld-2.19.so
7f127543c000-7f127543d000 rw-p 00000000 00:00 0 
7fff55430000-7fff55454000 rw-p 00000000 00:00 0                          [stack]
7fff5551f000-7fff55522000 r--p 00000000 00:00 0                          [vvar]
7fff55522000-7fff55524000 r-xp 00000000 00:00 0                          [vdso]
ffffffffff600000-ffffffffff601000 r-xp 00000000 00:00 0                  [vsyscall]

VM Arguments:
jvm_args: -javaagent:/sw/intelliJ-17.3.2/lib/idea_rt.jar=42866:/sw/intelliJ-17.3.2/bin -Dfile.encoding=UTF-8 
java_command: HelloWorld
java_class_path (initial): /sw/jdk1.8.0_102/jre/lib/charsets.jar:/sw/jdk1.8.0_102/jre/lib/deploy.jar:/sw/jdk1.8.0_102/jre/lib/ext/cldrdata.jar:/sw/jdk1.8.0_102/jre/lib/ext/dnsns.jar:/sw/jdk1.8.0_102/jre/lib/ext/jaccess.jar:/sw/jdk1.8.0_102/jre/lib/ext/jfxrt.jar:/sw/jdk1.8.0_102/jre/lib/ext/localedata.jar:/sw/jdk1.8.0_102/jre/lib/ext/nashorn.jar:/sw/jdk1.8.0_102/jre/lib/ext/sunec.jar:/sw/jdk1.8.0_102/jre/lib/ext/sunjce_provider.jar:/sw/jdk1.8.0_102/jre/lib/ext/sunpkcs11.jar:/sw/jdk1.8.0_102/jre/lib/ext/zipfs.jar:/sw/jdk1.8.0_102/jre/lib/javaws.jar:/sw/jdk1.8.0_102/jre/lib/jce.jar:/sw/jdk1.8.0_102/jre/lib/jfr.jar:/sw/jdk1.8.0_102/jre/lib/jfxswt.jar:/sw/jdk1.8.0_102/jre/lib/jsse.jar:/sw/jdk1.8.0_102/jre/lib/management-agent.jar:/sw/jdk1.8.0_102/jre/lib/plugin.jar:/sw/jdk1.8.0_102/jre/lib/resources.jar:/sw/jdk1.8.0_102/jre/lib/rt.jar:/home/seban649/Documents/gits/OpenGLCandy/out/production/classes:/home/seban649/.gradle/caches/modules-2/files-2.1/org.lwjgl/lwjgl-assimp/3.2.0/c399181a0725dcc3b3edcc6116da7f724c6ad1c6/lwjgl-assimp-3.2.0.jar:/home/seban649/.gradle/caches/modules-2/files-2.1/org.lwjgl/lwjgl-assimp/3.2.0/e36e88b2c8cfae5393b4e7006d9ab926c73e2f9d/lwjgl-assimp-3.2.0-natives-linux.jar:/home/seban649/.gradle/caches/modules-2/files-2.1/org.lwjgl/lwjgl-bgfx/3.2.0/2ee6f1ea8332a3959e54c8387432efbe3d252fbb/lwjgl-bgfx-3.2.0.jar:/home/seban649/.gradle/caches/modules-2/files-2.1/org.lwjgl/lwjgl-bgfx/3.2.0/94189c46ca51a2a49423ccd1d401515ca5257882/lwjgl-bgfx-3.2.0-natives-linux.jar:/home/seban649/.gradle/caches/modules-2/files-2.1/org.lwjgl/lwjgl-egl/3.2.0/78c862f42f3d1a38f98ed82f0c641c98a1950ae0/lwjgl-egl-3.2.0.jar:/home/seban649/.gradle/caches/modules-2/files-2.1/org.lwjgl/lwjgl-glfw/3.2.0/9ff0ed06de0a1d83dd182f2ead48ac4c90865c44/lwjgl-glfw-3.2.0.jar:/home/seban649/.gradle/caches/modules-2/files-2.1/org.lwjgl/lwjgl-glfw/3.2.0/2d270a9146ae47e929f5b6295eeb4e51a5ff577b/lwjgl-glfw-3.2.0-natives-linux.jar:/home/seban649/.gradle/caches/modules-2/files-2.1/org.lwjgl/lwjgl-jawt
Launcher Type: SUN_STANDARD

Environment Variables:
JAVA_HOME=/sw/jdk8/
CLASSPATH=/sw/intelliJ-17.3.2/lib/bootstrap.jar:/sw/intelliJ-17.3.2/lib/extensions.jar:/sw/intelliJ-17.3.2/lib/util.jar:/sw/intelliJ-17.3.2/lib/jdom.jar:/sw/intelliJ-17.3.2/lib/log4j.jar:/sw/intelliJ-17.3.2/lib/trove4j.jar:/sw/intelliJ-17.3.2/lib/jna.jar:/sw/intelliJ-17.3.2/jre64/lib/tools.jar
PATH=/usr/local/bin:/bin:/usr/bin:/sw/local/bin:/usr/games:.:/opt/thinlinc/bin:/usr/local/cuda/bin:/usr/local/cuda/nvvm/bin:/usr/local/cuda/bin:/usr/local/cuda/nvvm/bin
USERNAME=seban649
LD_LIBRARY_PATH=:/usr/local/cuda/lib64:/usr/local/cuda/nvvm/lib64:/usr/local/cuda/lib64:/usr/local/cuda/nvvm/lib64
SHELL=/bin/bash
DISPLAY=:0.0
OSTYPE=linux-gnu

Signal Handlers:
SIGSEGV: [libjvm.so+0xac5b30], sa_mask[0]=11111111011111111101111111111110, sa_flags=SA_RESTART|SA_SIGINFO
SIGBUS: [libjvm.so+0xac5b30], sa_mask[0]=11111111011111111101111111111110, sa_flags=SA_RESTART|SA_SIGINFO
SIGFPE: [libjvm.so+0x91f470], sa_mask[0]=11111111011111111101111111111110, sa_flags=SA_RESTART|SA_SIGINFO
SIGPIPE: [libjvm.so+0x91f470], sa_mask[0]=11111111011111111101111111111110, sa_flags=SA_RESTART|SA_SIGINFO
SIGXFSZ: [libjvm.so+0x91f470], sa_mask[0]=11111111011111111101111111111110, sa_flags=SA_RESTART|SA_SIGINFO
SIGILL: [libjvm.so+0x91f470], sa_mask[0]=11111111011111111101111111111110, sa_flags=SA_RESTART|SA_SIGINFO
SIGUSR1: SIG_DFL, sa_mask[0]=00000000000000000000000000000000, sa_flags=none
SIGUSR2: [libjvm.so+0x920aa0], sa_mask[0]=00100000000000000000000000000000, sa_flags=SA_RESTART|SA_SIGINFO
SIGHUP: [libjvm.so+0x921ea0], sa_mask[0]=11111111011111111101111111111110, sa_flags=SA_RESTART|SA_SIGINFO
SIGINT: [libjvm.so+0x921ea0], sa_mask[0]=11111111011111111101111111111110, sa_flags=SA_RESTART|SA_SIGINFO
SIGTERM: [libjvm.so+0x921ea0], sa_mask[0]=11111111011111111101111111111110, sa_flags=SA_RESTART|SA_SIGINFO
SIGQUIT: [libjvm.so+0x921ea0], sa_mask[0]=11111111011111111101111111111110, sa_flags=SA_RESTART|SA_SIGINFO


---------------  S Y S T E M  ---------------

OS:DISTRIB_ID=LinuxMint
DISTRIB_RELEASE=17.3
DISTRIB_CODENAME=rosa
DISTRIB_DESCRIPTION="Linux Mint 17.3 Rosa"

uname:Linux 4.4.0-138-generic #164~14.04.1-Ubuntu SMP Fri Oct 5 08:56:16 UTC 2018 x86_64
libc:glibc 2.19 NPTL 2.19 
rlimit: STACK 8192k, CORE 0k, NPROC 31497, NOFILE 4096, AS infinity
load average:1,02 0,77 0,70

/proc/meminfo:
MemTotal:        8091100 kB
MemFree:          795328 kB
MemAvailable:    4342828 kB
Buffers:          510260 kB
Cached:          2519072 kB
SwapCached:            0 kB
Active:          5085232 kB
Inactive:        1157452 kB
Active(anon):    3215652 kB
Inactive(anon):    57908 kB
Active(file):    1869580 kB
Inactive(file):  1099544 kB
Unevictable:           0 kB
Mlocked:               0 kB
SwapTotal:             0 kB
SwapFree:              0 kB
Dirty:              9740 kB
Writeback:             0 kB
AnonPages:       3213256 kB
Mapped:           408272 kB
Shmem:             60212 kB
Slab:             930300 kB
SReclaimable:     884304 kB
SUnreclaim:        45996 kB
KernelStack:       11152 kB
PageTables:        28748 kB
NFS_Unstable:         24 kB
Bounce:                0 kB
WritebackTmp:          0 kB
CommitLimit:     4045548 kB
Committed_AS:    5602620 kB
VmallocTotal:   34359738367 kB
VmallocUsed:           0 kB
VmallocChunk:          0 kB
HardwareCorrupted:     0 kB
AnonHugePages:         0 kB
CmaTotal:              0 kB
CmaFree:               0 kB
HugePages_Total:       0
HugePages_Free:        0
HugePages_Rsvd:        0
HugePages_Surp:        0
Hugepagesize:       2048 kB
DirectMap4k:      223232 kB
DirectMap2M:     5984256 kB
DirectMap1G:     4194304 kB


CPU:total 4 (4 cores per cpu, 1 threads per core) family 6 model 45 stepping 7, cmov, cx8, fxsr, mmx, sse, sse2, sse3, ssse3, sse4.1, sse4.2, popcnt, avx, aes, clmul, tsc, tscinvbit, tscinv

/proc/cpuinfo:
processor	: 0
vendor_id	: GenuineIntel
cpu family	: 6
model		: 45
model name	: Intel(R) Xeon(R) CPU E5-1607 0 @ 3.00GHz
stepping	: 7
microcode	: 0x714
cpu MHz		: 2999.882
cache size	: 10240 KB
physical id	: 0
siblings	: 4
core id		: 0
cpu cores	: 4
apicid		: 0
initial apicid	: 0
fpu		: yes
fpu_exception	: yes
cpuid level	: 13
wp		: yes
flags		: fpu vme de pse tsc msr pae mce cx8 apic sep mtrr pge mca cmov pat pse36 clflush dts acpi mmx fxsr sse sse2 ss ht tm pbe syscall nx pdpe1gb rdtscp lm constant_tsc arch_perfmon pebs bts rep_good nopl xtopology nonstop_tsc aperfmperf pni pclmulqdq dtes64 monitor ds_cpl vmx smx est tm2 ssse3 cx16 xtpr pdcm pcid dca sse4_1 sse4_2 x2apic popcnt tsc_deadline_timer aes xsave avx lahf_lm epb ssbd ibrs ibpb stibp kaiser tpr_shadow vnmi flexpriority ept vpid xsaveopt dtherm arat pln pts flush_l1d
bugs		: cpu_meltdown spectre_v1 spectre_v2 spec_store_bypass l1tf
bogomips	: 5985.39
clflush size	: 64
cache_alignment	: 64
address sizes	: 46 bits physical, 48 bits virtual
power management:

processor	: 1
vendor_id	: GenuineIntel
cpu family	: 6
model		: 45
model name	: Intel(R) Xeon(R) CPU E5-1607 0 @ 3.00GHz
stepping	: 7
microcode	: 0x714
cpu MHz		: 3000.000
cache size	: 10240 KB
physical id	: 0
siblings	: 4
core id		: 1
cpu cores	: 4
apicid		: 2
initial apicid	: 2
fpu		: yes
fpu_exception	: yes
cpuid level	: 13
wp		: yes
flags		: fpu vme de pse tsc msr pae mce cx8 apic sep mtrr pge mca cmov pat pse36 clflush dts acpi mmx fxsr sse sse2 ss ht tm pbe syscall nx pdpe1gb rdtscp lm constant_tsc arch_perfmon pebs bts rep_good nopl xtopology nonstop_tsc aperfmperf pni pclmulqdq dtes64 monitor ds_cpl vmx smx est tm2 ssse3 cx16 xtpr pdcm pcid dca sse4_1 sse4_2 x2apic popcnt tsc_deadline_timer aes xsave avx lahf_lm epb ssbd ibrs ibpb stibp kaiser tpr_shadow vnmi flexpriority ept vpid xsaveopt dtherm arat pln pts flush_l1d
bugs		: cpu_meltdown spectre_v1 spectre_v2 spec_store_bypass l1tf
bogomips	: 5985.39
clflush size	: 64
cache_alignment	: 64
address sizes	: 46 bits physical, 48 bits virtual
power management:

processor	: 2
vendor_id	: GenuineIntel
cpu family	: 6
model		: 45
model name	: Intel(R) Xeon(R) CPU E5-1607 0 @ 3.00GHz
stepping	: 7
microcode	: 0x714
cpu MHz		: 2999.882
cache size	: 10240 KB
physical id	: 0
siblings	: 4
core id		: 2
cpu cores	: 4
apicid		: 4
initial apicid	: 4
fpu		: yes
fpu_exception	: yes
cpuid level	: 13
wp		: yes
flags		: fpu vme de pse tsc msr pae mce cx8 apic sep mtrr pge mca cmov pat pse36 clflush dts acpi mmx fxsr sse sse2 ss ht tm pbe syscall nx pdpe1gb rdtscp lm constant_tsc arch_perfmon pebs bts rep_good nopl xtopology nonstop_tsc aperfmperf pni pclmulqdq dtes64 monitor ds_cpl vmx smx est tm2 ssse3 cx16 xtpr pdcm pcid dca sse4_1 sse4_2 x2apic popcnt tsc_deadline_timer aes xsave avx lahf_lm epb ssbd ibrs ibpb stibp kaiser tpr_shadow vnmi flexpriority ept vpid xsaveopt dtherm arat pln pts flush_l1d
bugs		: cpu_meltdown spectre_v1 spectre_v2 spec_store_bypass l1tf
bogomips	: 5985.39
clflush size	: 64
cache_alignment	: 64
address sizes	: 46 bits physical, 48 bits virtual
power management:

processor	: 3
vendor_id	: GenuineIntel
cpu family	: 6
model		: 45
model name	: Intel(R) Xeon(R) CPU E5-1607 0 @ 3.00GHz
stepping	: 7
microcode	: 0x714
cpu MHz		: 2999.882
cache size	: 10240 KB
physical id	: 0
siblings	: 4
core id		: 3
cpu cores	: 4
apicid		: 6
initial apicid	: 6
fpu		: yes
fpu_exception	: yes
cpuid level	: 13
wp		: yes
flags		: fpu vme de pse tsc msr pae mce cx8 apic sep mtrr pge mca cmov pat pse36 clflush dts acpi mmx fxsr sse sse2 ss ht tm pbe syscall nx pdpe1gb rdtscp lm constant_tsc arch_perfmon pebs bts rep_good nopl xtopology nonstop_tsc aperfmperf pni pclmulqdq dtes64 monitor ds_cpl vmx smx est tm2 ssse3 cx16 xtpr pdcm pcid dca sse4_1 sse4_2 x2apic popcnt tsc_deadline_timer aes xsave avx lahf_lm epb ssbd ibrs ibpb stibp kaiser tpr_shadow vnmi flexpriority ept vpid xsaveopt dtherm arat pln pts flush_l1d
bugs		: cpu_meltdown spectre_v1 spectre_v2 spec_store_bypass l1tf
bogomips	: 5985.39
clflush size	: 64
cache_alignment	: 64
address sizes	: 46 bits physical, 48 bits virtual
power management:



Memory: 4k page, physical 8091100k(795328k free), swap 0k(0k free)

vm_info: Java HotSpot(TM) 64-Bit Server VM (25.102-b14) for linux-amd64 JRE (1.8.0_102-b14), built on Jun 22 2016 18:43:17 by "java_re" with gcc 4.3.0 20080428 (Red Hat 4.3.0-8)

time: Fri Nov  9 14:48:33 2018
elapsed time: 1 seconds (0d 0h 0m 1s)

